<?xml version="1.0" encoding="UTF-8"?>
<coverage generated="1592763573442" clover="3.2.0">
  <project timestamp="1592763573442" name="All files">
    <metrics statements="819" coveredstatements="566" conditionals="252" coveredconditionals="107" methods="190" coveredmethods="72" elements="1261" coveredelements="745" complexity="0" loc="819" ncloc="819" packages="22" files="64" classes="64"/>
    <package name="src">
      <metrics statements="37" coveredstatements="37" conditionals="2" coveredconditionals="2" methods="4" coveredmethods="4"/>
      <file name="App.tsx" path="C:\Users\gabri\Projetos\gaia-react\src\App.tsx">
        <metrics statements="14" coveredstatements="14" conditionals="0" coveredconditionals="0" methods="1" coveredmethods="1"/>
        <line num="1" count="1" type="stmt"/>
        <line num="2" count="1" type="stmt"/>
        <line num="4" count="1" type="stmt"/>
        <line num="5" count="1" type="stmt"/>
        <line num="6" count="1" type="stmt"/>
        <line num="7" count="1" type="stmt"/>
        <line num="9" count="1" type="stmt"/>
        <line num="10" count="1" type="stmt"/>
        <line num="12" count="1" type="stmt"/>
        <line num="13" count="1" type="stmt"/>
        <line num="15" count="1" type="stmt"/>
        <line num="16" count="2" type="stmt"/>
        <line num="21" count="2" type="stmt"/>
        <line num="32" count="1" type="stmt"/>
      </file>
      <file name="AppRouter.tsx" path="C:\Users\gabri\Projetos\gaia-react\src\AppRouter.tsx">
        <metrics statements="13" coveredstatements="13" conditionals="2" coveredconditionals="2" methods="3" coveredmethods="3"/>
        <line num="1" count="2" type="stmt"/>
        <line num="2" count="2" type="stmt"/>
        <line num="3" count="2" type="stmt"/>
        <line num="4" count="2" type="stmt"/>
        <line num="5" count="2" type="stmt"/>
        <line num="10" count="2" type="stmt"/>
        <line num="12" count="2" type="stmt"/>
        <line num="14" count="1" type="cond" truecount="2" falsecount="0"/>
        <line num="16" count="1" type="stmt"/>
        <line num="21" count="2" type="stmt"/>
        <line num="22" count="1" type="stmt"/>
        <line num="31" count="2" type="stmt"/>
        <line num="33" count="2" type="stmt"/>
      </file>
      <file name="reducers.ts" path="C:\Users\gabri\Projetos\gaia-react\src\reducers.ts">
        <metrics statements="10" coveredstatements="10" conditionals="0" coveredconditionals="0" methods="0" coveredmethods="0"/>
        <line num="1" count="5" type="stmt"/>
        <line num="2" count="5" type="stmt"/>
        <line num="4" count="5" type="stmt"/>
        <line num="5" count="5" type="stmt"/>
        <line num="6" count="5" type="stmt"/>
        <line num="7" count="5" type="stmt"/>
        <line num="8" count="5" type="stmt"/>
        <line num="9" count="5" type="stmt"/>
        <line num="10" count="5" type="stmt"/>
        <line num="23" count="5" type="stmt"/>
      </file>
    </package>
    <package name="src.enviroments">
      <metrics statements="2" coveredstatements="2" conditionals="0" coveredconditionals="0" methods="0" coveredmethods="0"/>
      <file name="enviroments.ts" path="C:\Users\gabri\Projetos\gaia-react\src\enviroments\enviroments.ts">
        <metrics statements="2" coveredstatements="2" conditionals="0" coveredconditionals="0" methods="0" coveredmethods="0"/>
        <line num="1" count="8" type="stmt"/>
        <line num="3" count="8" type="stmt"/>
      </file>
    </package>
    <package name="src.pages.auth">
      <metrics statements="59" coveredstatements="59" conditionals="14" coveredconditionals="14" methods="10" coveredmethods="10"/>
      <file name="AuthForm.tsx" path="C:\Users\gabri\Projetos\gaia-react\src\pages\auth\AuthForm.tsx">
        <metrics statements="10" coveredstatements="10" conditionals="2" coveredconditionals="2" methods="1" coveredmethods="1"/>
        <line num="1" count="3" type="stmt"/>
        <line num="3" count="3" type="stmt"/>
        <line num="4" count="3" type="stmt"/>
        <line num="5" count="3" type="stmt"/>
        <line num="7" count="3" type="stmt"/>
        <line num="9" count="3" type="stmt"/>
        <line num="11" count="3" type="stmt"/>
        <line num="12" count="6" type="stmt"/>
        <line num="14" count="6" type="stmt"/>
        <line num="57" count="3" type="stmt"/>
      </file>
      <file name="AuthPage.tsx" path="C:\Users\gabri\Projetos\gaia-react\src\pages\auth\AuthPage.tsx">
        <metrics statements="23" coveredstatements="23" conditionals="4" coveredconditionals="4" methods="4" coveredmethods="4"/>
        <line num="1" count="3" type="stmt"/>
        <line num="4" count="3" type="stmt"/>
        <line num="6" count="3" type="stmt"/>
        <line num="7" count="3" type="stmt"/>
        <line num="9" count="3" type="stmt"/>
        <line num="10" count="3" type="stmt"/>
        <line num="11" count="3" type="stmt"/>
        <line num="12" count="3" type="stmt"/>
        <line num="13" count="3" type="stmt"/>
        <line num="22" count="3" type="stmt"/>
        <line num="25" count="7" type="cond" truecount="2" falsecount="0"/>
        <line num="26" count="7" type="stmt"/>
        <line num="29" count="3" type="stmt"/>
        <line num="30" count="7" type="stmt"/>
        <line num="32" count="7" type="cond" truecount="2" falsecount="0"/>
        <line num="33" count="1" type="stmt"/>
        <line num="36" count="6" type="stmt"/>
        <line num="57" count="3" type="stmt"/>
        <line num="59" count="3" type="stmt"/>
        <line num="60" count="8" type="stmt"/>
        <line num="61" count="8" type="stmt"/>
        <line num="64" count="3" type="stmt"/>
        <line num="70" count="3" type="stmt"/>
      </file>
      <file name="authActions.ts" path="C:\Users\gabri\Projetos\gaia-react\src\pages\auth\authActions.ts">
        <metrics statements="14" coveredstatements="14" conditionals="0" coveredconditionals="0" methods="4" coveredmethods="4"/>
        <line num="1" count="4" type="stmt"/>
        <line num="4" count="4" type="stmt"/>
        <line num="5" count="4" type="stmt"/>
        <line num="6" count="4" type="stmt"/>
        <line num="7" count="4" type="stmt"/>
        <line num="8" count="4" type="stmt"/>
        <line num="11" count="4" type="stmt"/>
        <line num="14" count="2" type="stmt"/>
        <line num="16" count="2" type="stmt"/>
        <line num="18" count="1" type="stmt"/>
        <line num="20" count="1" type="stmt"/>
        <line num="26" count="1" type="stmt"/>
        <line num="36" count="2" type="stmt"/>
        <line num="40" count="4" type="stmt"/>
      </file>
      <file name="authActionsTypes.ts" path="C:\Users\gabri\Projetos\gaia-react\src\pages\auth\authActionsTypes.ts">
        <metrics statements="1" coveredstatements="1" conditionals="0" coveredconditionals="0" methods="0" coveredmethods="0"/>
        <line num="1" count="7" type="stmt"/>
      </file>
      <file name="authReducer.ts" path="C:\Users\gabri\Projetos\gaia-react\src\pages\auth\authReducer.ts">
        <metrics statements="11" coveredstatements="11" conditionals="8" coveredconditionals="8" methods="1" coveredmethods="1"/>
        <line num="1" count="6" type="stmt"/>
        <line num="11" count="6" type="stmt"/>
        <line num="19" count="90" type="cond" truecount="2" falsecount="0"/>
        <line num="20" count="58" type="stmt"/>
        <line num="22" count="1" type="stmt"/>
        <line num="25" count="1" type="stmt"/>
        <line num="28" count="1" type="stmt"/>
        <line num="31" count="1" type="stmt"/>
        <line num="34" count="1" type="stmt"/>
        <line num="37" count="53" type="stmt"/>
        <line num="41" count="6" type="stmt"/>
      </file>
    </package>
    <package name="src.pages.main">
      <metrics statements="79" coveredstatements="79" conditionals="23" coveredconditionals="22" methods="13" coveredmethods="13"/>
      <file name="MainRouter.tsx" path="C:\Users\gabri\Projetos\gaia-react\src\pages\main\MainRouter.tsx">
        <metrics statements="44" coveredstatements="44" conditionals="12" coveredconditionals="12" methods="2" coveredmethods="2"/>
        <line num="1" count="2" type="stmt"/>
        <line num="2" count="2" type="stmt"/>
        <line num="3" count="2" type="stmt"/>
        <line num="5" count="2" type="stmt"/>
        <line num="6" count="2" type="stmt"/>
        <line num="9" count="2" type="stmt"/>
        <line num="11" count="2" type="stmt"/>
        <line num="12" count="2" type="stmt"/>
        <line num="13" count="2" type="stmt"/>
        <line num="16" count="2" type="stmt"/>
        <line num="17" count="2" type="stmt"/>
        <line num="19" count="2" type="stmt"/>
        <line num="20" count="2" type="stmt"/>
        <line num="22" count="2" type="stmt"/>
        <line num="23" count="2" type="stmt"/>
        <line num="24" count="2" type="stmt"/>
        <line num="25" count="2" type="stmt"/>
        <line num="26" count="2" type="stmt"/>
        <line num="38" count="2" type="stmt"/>
        <line num="40" count="6" type="stmt"/>
        <line num="42" count="6" type="stmt"/>
        <line num="43" count="6" type="stmt"/>
        <line num="44" count="6" type="stmt"/>
        <line num="45" count="6" type="stmt"/>
        <line num="46" count="6" type="stmt"/>
        <line num="47" count="6" type="stmt"/>
        <line num="48" count="6" type="stmt"/>
        <line num="49" count="6" type="stmt"/>
        <line num="50" count="6" type="stmt"/>
        <line num="51" count="6" type="stmt"/>
        <line num="54" count="6" type="stmt"/>
        <line num="56" count="6" type="cond" truecount="2" falsecount="0"/>
        <line num="57" count="2" type="stmt"/>
        <line num="60" count="4" type="cond" truecount="2" falsecount="0"/>
        <line num="61" count="1" type="stmt"/>
        <line num="64" count="4" type="cond" truecount="2" falsecount="0"/>
        <line num="65" count="1" type="stmt"/>
        <line num="66" count="1" type="stmt"/>
        <line num="69" count="3" type="stmt"/>
        <line num="119" count="2" type="stmt"/>
        <line num="120" count="7" type="stmt"/>
        <line num="121" count="7" type="stmt"/>
        <line num="124" count="2" type="stmt"/>
        <line num="131" count="2" type="stmt"/>
      </file>
      <file name="mainActions.ts" path="C:\Users\gabri\Projetos\gaia-react\src\pages\main\mainActions.ts">
        <metrics statements="19" coveredstatements="19" conditionals="2" coveredconditionals="1" methods="9" coveredmethods="9"/>
        <line num="1" count="6" type="stmt"/>
        <line num="2" count="6" type="stmt"/>
        <line num="4" count="6" type="stmt"/>
        <line num="6" count="6" type="stmt"/>
        <line num="9" count="6" type="stmt"/>
        <line num="12" count="3" type="stmt"/>
        <line num="18" count="1" type="stmt"/>
        <line num="24" count="1" type="stmt"/>
        <line num="26" count="2" type="stmt"/>
        <line num="28" count="1" type="stmt"/>
        <line num="40" count="13" type="stmt"/>
        <line num="41" count="13" type="stmt"/>
        <line num="42" count="13" type="stmt"/>
        <line num="48" count="6" type="stmt"/>
        <line num="51" count="1" type="cond" truecount="1" falsecount="1"/>
        <line num="52" count="1" type="stmt"/>
        <line num="62" count="6" type="stmt"/>
        <line num="66" count="6" type="stmt"/>
        <line num="70" count="6" type="stmt"/>
      </file>
      <file name="mainActionsTypes.ts" path="C:\Users\gabri\Projetos\gaia-react\src\pages\main\mainActionsTypes.ts">
        <metrics statements="1" coveredstatements="1" conditionals="0" coveredconditionals="0" methods="0" coveredmethods="0"/>
        <line num="1" count="8" type="stmt"/>
      </file>
      <file name="mainReducer.ts" path="C:\Users\gabri\Projetos\gaia-react\src\pages\main\mainReducer.ts">
        <metrics statements="12" coveredstatements="12" conditionals="9" coveredconditionals="9" methods="1" coveredmethods="1"/>
        <line num="1" count="6" type="stmt"/>
        <line num="14" count="6" type="stmt"/>
        <line num="22" count="90" type="cond" truecount="2" falsecount="0"/>
        <line num="23" count="58" type="stmt"/>
        <line num="25" count="1" type="stmt"/>
        <line num="28" count="1" type="stmt"/>
        <line num="31" count="12" type="stmt"/>
        <line num="34" count="1" type="stmt"/>
        <line num="37" count="1" type="stmt"/>
        <line num="40" count="1" type="stmt"/>
        <line num="43" count="41" type="stmt"/>
        <line num="47" count="6" type="stmt"/>
      </file>
      <file name="styles.ts" path="C:\Users\gabri\Projetos\gaia-react\src\pages\main\styles.ts">
        <metrics statements="3" coveredstatements="3" conditionals="0" coveredconditionals="0" methods="1" coveredmethods="1"/>
        <line num="1" count="2" type="stmt"/>
        <line num="3" count="4" type="stmt"/>
        <line num="13" count="2" type="stmt"/>
      </file>
    </package>
    <package name="src.pages.main.Exchanges">
      <metrics statements="69" coveredstatements="33" conditionals="20" coveredconditionals="3" methods="25" coveredmethods="1"/>
      <file name="ExchangesContainer.tsx" path="C:\Users\gabri\Projetos\gaia-react\src\pages\main\Exchanges\ExchangesContainer.tsx">
        <metrics statements="13" coveredstatements="8" conditionals="0" coveredconditionals="0" methods="3" coveredmethods="0"/>
        <line num="1" count="2" type="stmt"/>
        <line num="2" count="2" type="stmt"/>
        <line num="3" count="2" type="stmt"/>
        <line num="5" count="2" type="stmt"/>
        <line num="6" count="2" type="stmt"/>
        <line num="15" count="2" type="stmt"/>
        <line num="16" count="0" type="stmt"/>
        <line num="18" count="0" type="stmt"/>
        <line num="19" count="0" type="stmt"/>
        <line num="20" count="0" type="stmt"/>
        <line num="23" count="0" type="stmt"/>
        <line num="30" count="2" type="stmt"/>
        <line num="35" count="2" type="stmt"/>
      </file>
      <file name="ExchangesPage.tsx" path="C:\Users\gabri\Projetos\gaia-react\src\pages\main\Exchanges\ExchangesPage.tsx">
        <metrics statements="15" coveredstatements="7" conditionals="8" coveredconditionals="0" methods="5" coveredmethods="0"/>
        <line num="1" count="2" type="stmt"/>
        <line num="2" count="2" type="stmt"/>
        <line num="3" count="2" type="stmt"/>
        <line num="4" count="2" type="stmt"/>
        <line num="5" count="2" type="stmt"/>
        <line num="12" count="2" type="stmt"/>
        <line num="13" count="0" type="stmt"/>
        <line num="14" count="0" type="stmt"/>
        <line num="15" count="0" type="stmt"/>
        <line num="17" count="0" type="stmt"/>
        <line num="22" count="0" type="stmt"/>
        <line num="43" count="0" type="stmt"/>
        <line num="72" count="0" type="stmt"/>
        <line num="101" count="0" type="stmt"/>
        <line num="118" count="2" type="stmt"/>
      </file>
      <file name="actions.ts" path="C:\Users\gabri\Projetos\gaia-react\src\pages\main\Exchanges\actions.ts">
        <metrics statements="27" coveredstatements="7" conditionals="6" coveredconditionals="0" methods="16" coveredmethods="0"/>
        <line num="2" count="2" type="stmt"/>
        <line num="3" count="2" type="stmt"/>
        <line num="4" count="2" type="stmt"/>
        <line num="5" count="2" type="stmt"/>
        <line num="6" count="2" type="stmt"/>
        <line num="7" count="2" type="stmt"/>
        <line num="9" count="2" type="stmt"/>
        <line num="10" count="0" type="stmt"/>
        <line num="13" count="0" type="stmt"/>
        <line num="14" count="0" type="stmt"/>
        <line num="20" count="0" type="stmt"/>
        <line num="30" count="0" type="stmt"/>
        <line num="34" count="0" type="stmt"/>
        <line num="35" count="0" type="stmt"/>
        <line num="36" count="0" type="stmt"/>
        <line num="38" count="0" type="stmt"/>
        <line num="40" count="0" type="stmt"/>
        <line num="43" count="0" type="stmt"/>
        <line num="44" count="0" type="stmt"/>
        <line num="45" count="0" type="stmt"/>
        <line num="47" count="0" type="stmt"/>
        <line num="49" count="0" type="stmt"/>
        <line num="54" count="0" type="stmt"/>
        <line num="56" count="0" type="stmt"/>
        <line num="60" count="0" type="stmt"/>
        <line num="62" count="0" type="stmt"/>
        <line num="72" count="0" type="stmt"/>
      </file>
      <file name="reducer.ts" path="C:\Users\gabri\Projetos\gaia-react\src\pages\main\Exchanges\reducer.ts">
        <metrics statements="9" coveredstatements="6" conditionals="6" coveredconditionals="3" methods="1" coveredmethods="1"/>
        <line num="1" count="5" type="stmt"/>
        <line num="9" count="5" type="stmt"/>
        <line num="14" count="80" type="cond" truecount="2" falsecount="0"/>
        <line num="15" count="53" type="stmt"/>
        <line num="17" count="0" type="stmt"/>
        <line num="19" count="0" type="stmt"/>
        <line num="21" count="0" type="stmt"/>
        <line num="23" count="53" type="stmt"/>
        <line num="27" count="5" type="stmt"/>
      </file>
      <file name="styles.ts" path="C:\Users\gabri\Projetos\gaia-react\src\pages\main\Exchanges\styles.ts">
        <metrics statements="3" coveredstatements="3" conditionals="0" coveredconditionals="0" methods="0" coveredmethods="0"/>
        <line num="1" count="2" type="stmt"/>
        <line num="3" count="2" type="stmt"/>
        <line num="15" count="2" type="stmt"/>
      </file>
      <file name="types.ts" path="C:\Users\gabri\Projetos\gaia-react\src\pages\main\Exchanges\types.ts">
        <metrics statements="2" coveredstatements="2" conditionals="0" coveredconditionals="0" methods="0" coveredmethods="0"/>
        <line num="1" count="5" type="stmt"/>
        <line num="7" count="5" type="stmt"/>
      </file>
    </package>
    <package name="src.pages.main.Home">
      <metrics statements="97" coveredstatements="72" conditionals="47" coveredconditionals="19" methods="30" coveredmethods="15"/>
      <file name="HomeForm.tsx" path="C:\Users\gabri\Projetos\gaia-react\src\pages\main\Home\HomeForm.tsx">
        <metrics statements="17" coveredstatements="17" conditionals="6" coveredconditionals="3" methods="3" coveredmethods="3"/>
        <line num="1" count="3" type="stmt"/>
        <line num="2" count="3" type="stmt"/>
        <line num="3" count="3" type="stmt"/>
        <line num="4" count="3" type="stmt"/>
        <line num="5" count="3" type="stmt"/>
        <line num="7" count="3" type="stmt"/>
        <line num="9" count="3" type="stmt"/>
        <line num="11" count="3" type="stmt"/>
        <line num="13" count="1" type="stmt"/>
        <line num="16" count="1" type="stmt"/>
        <line num="27" count="5" type="stmt"/>
        <line num="44" count="3" type="stmt"/>
        <line num="45" count="2" type="stmt"/>
        <line num="47" count="2" type="stmt"/>
        <line num="52" count="3" type="stmt"/>
        <line num="54" count="3" type="stmt"/>
        <line num="58" count="3" type="stmt"/>
      </file>
      <file name="HomePage.tsx" path="C:\Users\gabri\Projetos\gaia-react\src\pages\main\Home\HomePage.tsx">
        <metrics statements="21" coveredstatements="21" conditionals="2" coveredconditionals="2" methods="5" coveredmethods="5"/>
        <line num="1" count="3" type="stmt"/>
        <line num="3" count="3" type="stmt"/>
        <line num="5" count="3" type="stmt"/>
        <line num="6" count="3" type="stmt"/>
        <line num="8" count="3" type="stmt"/>
        <line num="9" count="3" type="stmt"/>
        <line num="11" count="3" type="stmt"/>
        <line num="20" count="3" type="stmt"/>
        <line num="23" count="3" type="cond" truecount="2" falsecount="0"/>
        <line num="24" count="3" type="stmt"/>
        <line num="26" count="3" type="stmt"/>
        <line num="27" count="3" type="stmt"/>
        <line num="30" count="3" type="stmt"/>
        <line num="34" count="3" type="stmt"/>
        <line num="36" count="3" type="stmt"/>
        <line num="47" count="3" type="stmt"/>
        <line num="49" count="3" type="stmt"/>
        <line num="50" count="3" type="stmt"/>
        <line num="51" count="3" type="stmt"/>
        <line num="54" count="3" type="stmt"/>
        <line num="61" count="3" type="stmt"/>
      </file>
      <file name="homeActions.ts" path="C:\Users\gabri\Projetos\gaia-react\src\pages\main\Home\homeActions.ts">
        <metrics statements="34" coveredstatements="13" conditionals="19" coveredconditionals="1" methods="18" coveredmethods="5"/>
        <line num="1" count="4" type="stmt"/>
        <line num="2" count="4" type="stmt"/>
        <line num="4" count="4" type="stmt"/>
        <line num="5" count="4" type="stmt"/>
        <line num="7" count="4" type="stmt"/>
        <line num="9" count="4" type="stmt"/>
        <line num="14" count="5" type="stmt"/>
        <line num="16" count="5" type="stmt"/>
        <line num="18" count="5" type="stmt"/>
        <line num="24" count="2" type="stmt"/>
        <line num="27" count="0" type="cond" truecount="1" falsecount="1"/>
        <line num="28" count="0" type="cond" truecount="0" falsecount="2"/>
        <line num="29" count="0" type="cond" truecount="0" falsecount="2"/>
        <line num="30" count="0" type="cond" truecount="0" falsecount="2"/>
        <line num="31" count="0" type="cond" truecount="0" falsecount="2"/>
        <line num="32" count="0" type="cond" truecount="0" falsecount="2"/>
        <line num="33" count="0" type="cond" truecount="0" falsecount="2"/>
        <line num="34" count="0" type="cond" truecount="0" falsecount="2"/>
        <line num="37" count="0" type="stmt"/>
        <line num="38" count="0" type="cond" truecount="0" falsecount="1"/>
        <line num="43" count="0" type="cond" truecount="0" falsecount="2"/>
        <line num="44" count="0" type="stmt"/>
        <line num="47" count="0" type="stmt"/>
        <line num="54" count="2" type="stmt"/>
        <line num="65" count="2" type="stmt"/>
        <line num="69" count="4" type="stmt"/>
        <line num="70" count="0" type="stmt"/>
        <line num="72" count="0" type="stmt"/>
        <line num="73" count="0" type="stmt"/>
        <line num="78" count="0" type="stmt"/>
        <line num="88" count="0" type="stmt"/>
        <line num="89" count="0" type="stmt"/>
        <line num="91" count="0" type="stmt"/>
        <line num="100" count="0" type="stmt"/>
      </file>
      <file name="homeActionsTypes.ts" path="C:\Users\gabri\Projetos\gaia-react\src\pages\main\Home\homeActionsTypes.ts">
        <metrics statements="1" coveredstatements="1" conditionals="0" coveredconditionals="0" methods="0" coveredmethods="0"/>
        <line num="1" count="7" type="stmt"/>
      </file>
      <file name="homeFormTab.tsx" path="C:\Users\gabri\Projetos\gaia-react\src\pages\main\Home\homeFormTab.tsx">
        <metrics statements="13" coveredstatements="9" conditionals="12" coveredconditionals="5" methods="3" coveredmethods="1"/>
        <line num="1" count="3" type="stmt"/>
        <line num="2" count="3" type="stmt"/>
        <line num="11" count="3" type="stmt"/>
        <line num="12" count="2" type="stmt"/>
        <line num="13" count="2" type="cond" truecount="2" falsecount="0"/>
        <line num="15" count="2" type="stmt"/>
        <line num="16" count="0" type="stmt"/>
        <line num="17" count="0" type="stmt"/>
        <line num="23" count="2" type="stmt"/>
        <line num="24" count="0" type="cond" truecount="0" falsecount="2"/>
        <line num="25" count="0" type="stmt"/>
        <line num="31" count="2" type="stmt"/>
        <line num="107" count="3" type="stmt"/>
      </file>
      <file name="homeReducer.ts" path="C:\Users\gabri\Projetos\gaia-react\src\pages\main\Home\homeReducer.ts">
        <metrics statements="11" coveredstatements="11" conditionals="8" coveredconditionals="8" methods="1" coveredmethods="1"/>
        <line num="1" count="6" type="stmt"/>
        <line num="12" count="6" type="stmt"/>
        <line num="17" count="90" type="cond" truecount="2" falsecount="0"/>
        <line num="18" count="58" type="stmt"/>
        <line num="20" count="1" type="stmt"/>
        <line num="23" count="1" type="stmt"/>
        <line num="26" count="1" type="stmt"/>
        <line num="29" count="4" type="stmt"/>
        <line num="32" count="1" type="stmt"/>
        <line num="35" count="50" type="stmt"/>
        <line num="39" count="6" type="stmt"/>
      </file>
    </package>
    <package name="src.pages.main.Menus">
      <metrics statements="4" coveredstatements="4" conditionals="0" coveredconditionals="0" methods="0" coveredmethods="0"/>
      <file name="reducer.ts" path="C:\Users\gabri\Projetos\gaia-react\src\pages\main\Menus\reducer.ts">
        <metrics statements="4" coveredstatements="4" conditionals="0" coveredconditionals="0" methods="0" coveredmethods="0"/>
        <line num="1" count="5" type="stmt"/>
        <line num="2" count="5" type="stmt"/>
        <line num="8" count="5" type="stmt"/>
        <line num="12" count="5" type="stmt"/>
      </file>
    </package>
    <package name="src.pages.main.Menus.Form">
      <metrics statements="97" coveredstatements="36" conditionals="45" coveredconditionals="3" methods="29" coveredmethods="1"/>
      <file name="MenuForm.tsx" path="C:\Users\gabri\Projetos\gaia-react\src\pages\main\Menus\Form\MenuForm.tsx">
        <metrics statements="17" coveredstatements="4" conditionals="2" coveredconditionals="0" methods="5" coveredmethods="0"/>
        <line num="1" count="2" type="stmt"/>
        <line num="2" count="2" type="stmt"/>
        <line num="12" count="2" type="stmt"/>
        <line num="13" count="0" type="stmt"/>
        <line num="14" count="0" type="stmt"/>
        <line num="15" count="0" type="stmt"/>
        <line num="17" count="0" type="stmt"/>
        <line num="19" count="0" type="stmt"/>
        <line num="20" count="0" type="stmt"/>
        <line num="21" count="0" type="stmt"/>
        <line num="22" count="0" type="stmt"/>
        <line num="23" count="0" type="stmt"/>
        <line num="27" count="0" type="stmt"/>
        <line num="33" count="0" type="stmt"/>
        <line num="34" count="0" type="stmt"/>
        <line num="40" count="0" type="stmt"/>
        <line num="166" count="2" type="stmt"/>
      </file>
      <file name="MenusFormContainer.tsx" path="C:\Users\gabri\Projetos\gaia-react\src\pages\main\Menus\Form\MenusFormContainer.tsx">
        <metrics statements="22" coveredstatements="9" conditionals="0" coveredconditionals="0" methods="3" coveredmethods="0"/>
        <line num="1" count="2" type="stmt"/>
        <line num="2" count="2" type="stmt"/>
        <line num="3" count="2" type="stmt"/>
        <line num="5" count="2" type="stmt"/>
        <line num="7" count="2" type="stmt"/>
        <line num="18" count="2" type="stmt"/>
        <line num="20" count="0" type="stmt"/>
        <line num="21" count="0" type="stmt"/>
        <line num="22" count="0" type="stmt"/>
        <line num="23" count="0" type="stmt"/>
        <line num="24" count="0" type="stmt"/>
        <line num="25" count="0" type="stmt"/>
        <line num="28" count="0" type="stmt"/>
        <line num="29" count="0" type="stmt"/>
        <line num="30" count="0" type="stmt"/>
        <line num="31" count="0" type="stmt"/>
        <line num="35" count="0" type="stmt"/>
        <line num="44" count="2" type="stmt"/>
        <line num="45" count="0" type="stmt"/>
        <line num="46" count="0" type="stmt"/>
        <line num="49" count="2" type="stmt"/>
        <line num="54" count="2" type="stmt"/>
      </file>
      <file name="MenusFormPage.tsx" path="C:\Users\gabri\Projetos\gaia-react\src\pages\main\Menus\Form\MenusFormPage.tsx">
        <metrics statements="10" coveredstatements="6" conditionals="2" coveredconditionals="0" methods="2" coveredmethods="0"/>
        <line num="1" count="2" type="stmt"/>
        <line num="2" count="2" type="stmt"/>
        <line num="7" count="2" type="stmt"/>
        <line num="8" count="2" type="stmt"/>
        <line num="16" count="2" type="stmt"/>
        <line num="18" count="0" type="stmt"/>
        <line num="21" count="0" type="stmt"/>
        <line num="23" count="0" type="stmt"/>
        <line num="28" count="0" type="stmt"/>
        <line num="37" count="2" type="stmt"/>
      </file>
      <file name="actions.ts" path="C:\Users\gabri\Projetos\gaia-react\src\pages\main\Menus\Form\actions.ts">
        <metrics statements="37" coveredstatements="9" conditionals="32" coveredconditionals="0" methods="18" coveredmethods="0"/>
        <line num="2" count="2" type="stmt"/>
        <line num="3" count="2" type="stmt"/>
        <line num="4" count="2" type="stmt"/>
        <line num="5" count="2" type="stmt"/>
        <line num="6" count="2" type="stmt"/>
        <line num="7" count="2" type="stmt"/>
        <line num="9" count="2" type="stmt"/>
        <line num="10" count="0" type="stmt"/>
        <line num="12" count="0" type="stmt"/>
        <line num="13" count="0" type="stmt"/>
        <line num="19" count="0" type="stmt"/>
        <line num="22" count="0" type="cond" truecount="0" falsecount="4"/>
        <line num="23" count="0" type="cond" truecount="0" falsecount="4"/>
        <line num="24" count="0" type="cond" truecount="0" falsecount="4"/>
        <line num="25" count="0" type="cond" truecount="0" falsecount="4"/>
        <line num="26" count="0" type="cond" truecount="0" falsecount="4"/>
        <line num="27" count="0" type="cond" truecount="0" falsecount="4"/>
        <line num="28" count="0" type="cond" truecount="0" falsecount="4"/>
        <line num="29" count="0" type="cond" truecount="0" falsecount="4"/>
        <line num="32" count="0" type="stmt"/>
        <line num="39" count="0" type="stmt"/>
        <line num="49" count="0" type="stmt"/>
        <line num="53" count="2" type="stmt"/>
        <line num="54" count="0" type="stmt"/>
        <line num="56" count="0" type="stmt"/>
        <line num="57" count="0" type="stmt"/>
        <line num="66" count="0" type="stmt"/>
        <line num="73" count="0" type="stmt"/>
        <line num="83" count="0" type="stmt"/>
        <line num="87" count="2" type="stmt"/>
        <line num="88" count="0" type="stmt"/>
        <line num="90" count="0" type="stmt"/>
        <line num="91" count="0" type="stmt"/>
        <line num="96" count="0" type="stmt"/>
        <line num="97" count="0" type="stmt"/>
        <line num="99" count="0" type="stmt"/>
        <line num="109" count="0" type="stmt"/>
      </file>
      <file name="reducer.ts" path="C:\Users\gabri\Projetos\gaia-react\src\pages\main\Menus\Form\reducer.ts">
        <metrics statements="9" coveredstatements="6" conditionals="9" coveredconditionals="3" methods="1" coveredmethods="1"/>
        <line num="1" count="5" type="stmt"/>
        <line num="10" count="5" type="stmt"/>
        <line num="16" count="100" type="cond" truecount="2" falsecount="0"/>
        <line num="17" count="63" type="stmt"/>
        <line num="21" count="0" type="stmt"/>
        <line num="23" count="0" type="stmt"/>
        <line num="26" count="0" type="stmt"/>
        <line num="28" count="63" type="stmt"/>
        <line num="32" count="5" type="stmt"/>
      </file>
      <file name="types.ts" path="C:\Users\gabri\Projetos\gaia-react\src\pages\main\Menus\Form\types.ts">
        <metrics statements="2" coveredstatements="2" conditionals="0" coveredconditionals="0" methods="0" coveredmethods="0"/>
        <line num="1" count="5" type="stmt"/>
        <line num="11" count="5" type="stmt"/>
      </file>
    </package>
    <package name="src.pages.main.NotFound">
      <metrics statements="16" coveredstatements="16" conditionals="2" coveredconditionals="2" methods="5" coveredmethods="5"/>
      <file name="NotFoundPage.tsx" path="C:\Users\gabri\Projetos\gaia-react\src\pages\main\NotFound\NotFoundPage.tsx">
        <metrics statements="16" coveredstatements="16" conditionals="2" coveredconditionals="2" methods="5" coveredmethods="5"/>
        <line num="1" count="3" type="stmt"/>
        <line num="3" count="3" type="stmt"/>
        <line num="5" count="3" type="stmt"/>
        <line num="7" count="3" type="stmt"/>
        <line num="22" count="3" type="stmt"/>
        <line num="25" count="2" type="cond" truecount="2" falsecount="0"/>
        <line num="26" count="2" type="stmt"/>
        <line num="29" count="3" type="stmt"/>
        <line num="30" count="2" type="stmt"/>
        <line num="32" count="2" type="stmt"/>
        <line num="41" count="1" type="stmt"/>
        <line num="48" count="3" type="stmt"/>
        <line num="50" count="3" type="stmt"/>
        <line num="51" count="4" type="stmt"/>
        <line num="54" count="3" type="stmt"/>
        <line num="58" count="3" type="stmt"/>
      </file>
    </package>
    <package name="src.pages.main.Profile">
      <metrics statements="52" coveredstatements="30" conditionals="7" coveredconditionals="3" methods="11" coveredmethods="1"/>
      <file name="ProfileContainer.tsx" path="C:\Users\gabri\Projetos\gaia-react\src\pages\main\Profile\ProfileContainer.tsx">
        <metrics statements="21" coveredstatements="11" conditionals="2" coveredconditionals="0" methods="5" coveredmethods="0"/>
        <line num="1" count="2" type="stmt"/>
        <line num="2" count="2" type="stmt"/>
        <line num="4" count="2" type="stmt"/>
        <line num="5" count="2" type="stmt"/>
        <line num="6" count="2" type="stmt"/>
        <line num="7" count="2" type="stmt"/>
        <line num="16" count="2" type="stmt"/>
        <line num="18" count="0" type="stmt"/>
        <line num="19" count="0" type="stmt"/>
        <line num="20" count="0" type="stmt"/>
        <line num="21" count="0" type="stmt"/>
        <line num="24" count="0" type="stmt"/>
        <line num="25" count="0" type="stmt"/>
        <line num="26" count="0" type="stmt"/>
        <line num="29" count="0" type="stmt"/>
        <line num="31" count="0" type="stmt"/>
        <line num="36" count="0" type="stmt"/>
        <line num="48" count="2" type="stmt"/>
        <line num="49" count="2" type="stmt"/>
        <line num="53" count="2" type="stmt"/>
        <line num="59" count="2" type="stmt"/>
      </file>
      <file name="actions.ts" path="C:\Users\gabri\Projetos\gaia-react\src\pages\main\Profile\actions.ts">
        <metrics statements="21" coveredstatements="11" conditionals="0" coveredconditionals="0" methods="5" coveredmethods="0"/>
        <line num="1" count="2" type="stmt"/>
        <line num="3" count="2" type="stmt"/>
        <line num="5" count="2" type="stmt"/>
        <line num="6" count="2" type="stmt"/>
        <line num="7" count="2" type="stmt"/>
        <line num="8" count="2" type="stmt"/>
        <line num="9" count="2" type="stmt"/>
        <line num="10" count="2" type="stmt"/>
        <line num="11" count="2" type="stmt"/>
        <line num="12" count="2" type="stmt"/>
        <line num="13" count="0" type="stmt"/>
        <line num="14" count="0" type="stmt"/>
        <line num="20" count="2" type="stmt"/>
        <line num="21" count="0" type="stmt"/>
        <line num="23" count="0" type="stmt"/>
        <line num="24" count="0" type="stmt"/>
        <line num="30" count="0" type="stmt"/>
        <line num="40" count="0" type="stmt"/>
        <line num="41" count="0" type="stmt"/>
        <line num="44" count="0" type="stmt"/>
        <line num="54" count="0" type="stmt"/>
      </file>
      <file name="reducer.ts" path="C:\Users\gabri\Projetos\gaia-react\src\pages\main\Profile\reducer.ts">
        <metrics statements="8" coveredstatements="6" conditionals="5" coveredconditionals="3" methods="1" coveredmethods="1"/>
        <line num="1" count="5" type="stmt"/>
        <line num="8" count="5" type="stmt"/>
        <line num="12" count="80" type="cond" truecount="2" falsecount="0"/>
        <line num="13" count="53" type="stmt"/>
        <line num="15" count="0" type="stmt"/>
        <line num="17" count="0" type="stmt"/>
        <line num="19" count="53" type="stmt"/>
        <line num="23" count="5" type="stmt"/>
      </file>
      <file name="types.ts" path="C:\Users\gabri\Projetos\gaia-react\src\pages\main\Profile\types.ts">
        <metrics statements="2" coveredstatements="2" conditionals="0" coveredconditionals="0" methods="0" coveredmethods="0"/>
        <line num="1" count="5" type="stmt"/>
        <line num="6" count="5" type="stmt"/>
      </file>
    </package>
    <package name="src.pages.main.Users">
      <metrics statements="5" coveredstatements="5" conditionals="0" coveredconditionals="0" methods="0" coveredmethods="0"/>
      <file name="reducer.ts" path="C:\Users\gabri\Projetos\gaia-react\src\pages\main\Users\reducer.ts">
        <metrics statements="5" coveredstatements="5" conditionals="0" coveredconditionals="0" methods="0" coveredmethods="0"/>
        <line num="1" count="5" type="stmt"/>
        <line num="2" count="5" type="stmt"/>
        <line num="3" count="5" type="stmt"/>
        <line num="10" count="5" type="stmt"/>
        <line num="15" count="5" type="stmt"/>
      </file>
    </package>
    <package name="src.pages.main.Users.Form">
      <metrics statements="93" coveredstatements="43" conditionals="39" coveredconditionals="3" methods="17" coveredmethods="1"/>
      <file name="UserFormContainer.tsx" path="C:\Users\gabri\Projetos\gaia-react\src\pages\main\Users\Form\UserFormContainer.tsx">
        <metrics statements="27" coveredstatements="11" conditionals="10" coveredconditionals="0" methods="5" coveredmethods="0"/>
        <line num="1" count="2" type="stmt"/>
        <line num="2" count="2" type="stmt"/>
        <line num="3" count="2" type="stmt"/>
        <line num="5" count="2" type="stmt"/>
        <line num="6" count="2" type="stmt"/>
        <line num="7" count="2" type="stmt"/>
        <line num="19" count="2" type="stmt"/>
        <line num="21" count="0" type="stmt"/>
        <line num="22" count="0" type="stmt"/>
        <line num="23" count="0" type="stmt"/>
        <line num="24" count="0" type="stmt"/>
        <line num="25" count="0" type="stmt"/>
        <line num="26" count="0" type="stmt"/>
        <line num="27" count="0" type="stmt"/>
        <line num="30" count="0" type="stmt"/>
        <line num="31" count="0" type="cond" truecount="0" falsecount="2"/>
        <line num="32" count="0" type="cond" truecount="0" falsecount="2"/>
        <line num="33" count="0" type="stmt"/>
        <line num="37" count="0" type="stmt"/>
        <line num="42" count="0" type="stmt"/>
        <line num="47" count="0" type="stmt"/>
        <line num="59" count="2" type="stmt"/>
        <line num="60" count="2" type="stmt"/>
        <line num="61" count="0" type="stmt"/>
        <line num="62" count="0" type="stmt"/>
        <line num="68" count="2" type="stmt"/>
        <line num="73" count="2" type="stmt"/>
      </file>
      <file name="UserFormPage.tsx" path="C:\Users\gabri\Projetos\gaia-react\src\pages\main\Users\Form\UserFormPage.tsx">
        <metrics statements="22" coveredstatements="11" conditionals="22" coveredconditionals="0" methods="2" coveredmethods="0"/>
        <line num="1" count="2" type="stmt"/>
        <line num="2" count="2" type="stmt"/>
        <line num="3" count="2" type="stmt"/>
        <line num="14" count="2" type="stmt"/>
        <line num="15" count="2" type="stmt"/>
        <line num="16" count="2" type="stmt"/>
        <line num="17" count="2" type="stmt"/>
        <line num="18" count="2" type="stmt"/>
        <line num="19" count="2" type="stmt"/>
        <line num="31" count="2" type="stmt"/>
        <line num="33" count="0" type="stmt"/>
        <line num="34" count="0" type="stmt"/>
        <line num="35" count="0" type="stmt"/>
        <line num="36" count="0" type="stmt"/>
        <line num="37" count="0" type="stmt"/>
        <line num="38" count="0" type="stmt"/>
        <line num="39" count="0" type="stmt"/>
        <line num="40" count="0" type="stmt"/>
        <line num="43" count="0" type="stmt"/>
        <line num="45" count="0" type="stmt"/>
        <line num="58" count="0" type="stmt"/>
        <line num="155" count="2" type="stmt"/>
      </file>
      <file name="actions.ts" path="C:\Users\gabri\Projetos\gaia-react\src\pages\main\Users\Form\actions.ts">
        <metrics statements="31" coveredstatements="10" conditionals="0" coveredconditionals="0" methods="9" coveredmethods="0"/>
        <line num="1" count="2" type="stmt"/>
        <line num="2" count="2" type="stmt"/>
        <line num="5" count="2" type="stmt"/>
        <line num="6" count="2" type="stmt"/>
        <line num="7" count="2" type="stmt"/>
        <line num="8" count="2" type="stmt"/>
        <line num="9" count="2" type="stmt"/>
        <line num="11" count="2" type="stmt"/>
        <line num="12" count="0" type="stmt"/>
        <line num="14" count="0" type="stmt"/>
        <line num="15" count="0" type="stmt"/>
        <line num="21" count="0" type="stmt"/>
        <line num="31" count="0" type="stmt"/>
        <line num="34" count="0" type="stmt"/>
        <line num="44" count="0" type="stmt"/>
        <line num="48" count="2" type="stmt"/>
        <line num="49" count="0" type="stmt"/>
        <line num="51" count="0" type="stmt"/>
        <line num="52" count="0" type="stmt"/>
        <line num="57" count="0" type="stmt"/>
        <line num="58" count="0" type="stmt"/>
        <line num="60" count="0" type="stmt"/>
        <line num="70" count="0" type="stmt"/>
        <line num="74" count="2" type="stmt"/>
        <line num="75" count="0" type="stmt"/>
        <line num="77" count="0" type="stmt"/>
        <line num="78" count="0" type="stmt"/>
        <line num="84" count="0" type="stmt"/>
        <line num="94" count="0" type="stmt"/>
        <line num="96" count="0" type="stmt"/>
        <line num="106" count="0" type="stmt"/>
      </file>
      <file name="reducer.ts" path="C:\Users\gabri\Projetos\gaia-react\src\pages\main\Users\Form\reducer.ts">
        <metrics statements="8" coveredstatements="6" conditionals="7" coveredconditionals="3" methods="1" coveredmethods="1"/>
        <line num="1" count="5" type="stmt"/>
        <line num="8" count="5" type="stmt"/>
        <line num="12" count="100" type="cond" truecount="2" falsecount="0"/>
        <line num="13" count="63" type="stmt"/>
        <line num="17" count="0" type="stmt"/>
        <line num="19" count="0" type="stmt"/>
        <line num="21" count="63" type="stmt"/>
        <line num="25" count="5" type="stmt"/>
      </file>
      <file name="styles.ts" path="C:\Users\gabri\Projetos\gaia-react\src\pages\main\Users\Form\styles.ts">
        <metrics statements="3" coveredstatements="3" conditionals="0" coveredconditionals="0" methods="0" coveredmethods="0"/>
        <line num="1" count="2" type="stmt"/>
        <line num="3" count="2" type="stmt"/>
        <line num="23" count="2" type="stmt"/>
      </file>
      <file name="types.ts" path="C:\Users\gabri\Projetos\gaia-react\src\pages\main\Users\Form\types.ts">
        <metrics statements="2" coveredstatements="2" conditionals="0" coveredconditionals="0" methods="0" coveredmethods="0"/>
        <line num="1" count="5" type="stmt"/>
        <line num="11" count="5" type="stmt"/>
      </file>
    </package>
    <package name="src.pages.main.Users.List">
      <metrics statements="75" coveredstatements="36" conditionals="9" coveredconditionals="3" methods="18" coveredmethods="1"/>
      <file name="UserListContainer.tsx" path="C:\Users\gabri\Projetos\gaia-react\src\pages\main\Users\List\UserListContainer.tsx">
        <metrics statements="22" coveredstatements="10" conditionals="0" coveredconditionals="0" methods="6" coveredmethods="0"/>
        <line num="1" count="2" type="stmt"/>
        <line num="2" count="2" type="stmt"/>
        <line num="4" count="2" type="stmt"/>
        <line num="5" count="2" type="stmt"/>
        <line num="6" count="2" type="stmt"/>
        <line num="7" count="2" type="stmt"/>
        <line num="17" count="2" type="stmt"/>
        <line num="19" count="0" type="stmt"/>
        <line num="20" count="0" type="stmt"/>
        <line num="21" count="0" type="stmt"/>
        <line num="22" count="0" type="stmt"/>
        <line num="23" count="0" type="stmt"/>
        <line num="26" count="0" type="stmt"/>
        <line num="27" count="0" type="stmt"/>
        <line num="28" count="0" type="stmt"/>
        <line num="31" count="0" type="stmt"/>
        <line num="32" count="0" type="stmt"/>
        <line num="33" count="0" type="stmt"/>
        <line num="35" count="0" type="stmt"/>
        <line num="47" count="2" type="stmt"/>
        <line num="48" count="2" type="stmt"/>
        <line num="53" count="2" type="stmt"/>
      </file>
      <file name="UserListPage.tsx" path="C:\Users\gabri\Projetos\gaia-react\src\pages\main\Users\List\UserListPage.tsx">
        <metrics statements="19" coveredstatements="7" conditionals="2" coveredconditionals="0" methods="5" coveredmethods="0"/>
        <line num="1" count="2" type="stmt"/>
        <line num="2" count="2" type="stmt"/>
        <line num="17" count="2" type="stmt"/>
        <line num="18" count="2" type="stmt"/>
        <line num="20" count="2" type="stmt"/>
        <line num="31" count="2" type="stmt"/>
        <line num="33" count="0" type="stmt"/>
        <line num="34" count="0" type="stmt"/>
        <line num="35" count="0" type="stmt"/>
        <line num="36" count="0" type="stmt"/>
        <line num="37" count="0" type="stmt"/>
        <line num="38" count="0" type="stmt"/>
        <line num="41" count="0" type="stmt"/>
        <line num="43" count="0" type="stmt"/>
        <line num="60" count="0" type="stmt"/>
        <line num="82" count="0" type="stmt"/>
        <line num="97" count="0" type="stmt"/>
        <line num="109" count="0" type="stmt"/>
        <line num="128" count="2" type="stmt"/>
      </file>
      <file name="actions.ts" path="C:\Users\gabri\Projetos\gaia-react\src\pages\main\Users\List\actions.ts">
        <metrics statements="20" coveredstatements="8" conditionals="0" coveredconditionals="0" methods="6" coveredmethods="0"/>
        <line num="1" count="2" type="stmt"/>
        <line num="3" count="2" type="stmt"/>
        <line num="4" count="2" type="stmt"/>
        <line num="5" count="2" type="stmt"/>
        <line num="6" count="2" type="stmt"/>
        <line num="7" count="2" type="stmt"/>
        <line num="9" count="2" type="stmt"/>
        <line num="10" count="0" type="stmt"/>
        <line num="12" count="0" type="stmt"/>
        <line num="13" count="0" type="stmt"/>
        <line num="19" count="0" type="stmt"/>
        <line num="24" count="0" type="stmt"/>
        <line num="34" count="0" type="stmt"/>
        <line num="38" count="2" type="stmt"/>
        <line num="39" count="0" type="stmt"/>
        <line num="41" count="0" type="stmt"/>
        <line num="42" count="0" type="stmt"/>
        <line num="47" count="0" type="stmt"/>
        <line num="49" count="0" type="stmt"/>
        <line num="59" count="0" type="stmt"/>
      </file>
      <file name="reducer.ts" path="C:\Users\gabri\Projetos\gaia-react\src\pages\main\Users\List\reducer.ts">
        <metrics statements="9" coveredstatements="6" conditionals="7" coveredconditionals="3" methods="1" coveredmethods="1"/>
        <line num="1" count="5" type="stmt"/>
        <line num="9" count="5" type="stmt"/>
        <line num="14" count="100" type="cond" truecount="2" falsecount="0"/>
        <line num="15" count="63" type="stmt"/>
        <line num="18" count="0" type="stmt"/>
        <line num="20" count="0" type="stmt"/>
        <line num="22" count="0" type="stmt"/>
        <line num="24" count="63" type="stmt"/>
        <line num="28" count="5" type="stmt"/>
      </file>
      <file name="styles.ts" path="C:\Users\gabri\Projetos\gaia-react\src\pages\main\Users\List\styles.ts">
        <metrics statements="3" coveredstatements="3" conditionals="0" coveredconditionals="0" methods="0" coveredmethods="0"/>
        <line num="1" count="2" type="stmt"/>
        <line num="3" count="2" type="stmt"/>
        <line num="15" count="2" type="stmt"/>
      </file>
      <file name="types.ts" path="C:\Users\gabri\Projetos\gaia-react\src\pages\main\Users\List\types.ts">
        <metrics statements="2" coveredstatements="2" conditionals="0" coveredconditionals="0" methods="0" coveredmethods="0"/>
        <line num="1" count="5" type="stmt"/>
        <line num="9" count="5" type="stmt"/>
      </file>
    </package>
    <package name="src.pages.main.components">
      <metrics statements="18" coveredstatements="15" conditionals="2" coveredconditionals="2" methods="5" coveredmethods="3"/>
      <file name="SideDrawer.tsx" path="C:\Users\gabri\Projetos\gaia-react\src\pages\main\components\SideDrawer.tsx">
        <metrics statements="18" coveredstatements="15" conditionals="2" coveredconditionals="2" methods="5" coveredmethods="3"/>
        <line num="1" count="3" type="stmt"/>
        <line num="3" count="3" type="stmt"/>
        <line num="12" count="3" type="stmt"/>
        <line num="13" count="3" type="stmt"/>
        <line num="14" count="3" type="stmt"/>
        <line num="15" count="3" type="stmt"/>
        <line num="16" count="3" type="stmt"/>
        <line num="27" count="3" type="stmt"/>
        <line num="28" count="3" type="stmt"/>
        <line num="30" count="3" type="stmt"/>
        <line num="56" count="3" type="stmt"/>
        <line num="57" count="0" type="stmt"/>
        <line num="58" count="0" type="stmt"/>
        <line num="61" count="3" type="stmt"/>
        <line num="83" count="12" type="cond" truecount="2" falsecount="0"/>
        <line num="84" count="12" type="stmt"/>
        <line num="88" count="0" type="stmt"/>
        <line num="100" count="3" type="stmt"/>
      </file>
    </package>
    <package name="src.pages.main.components.ToolBar">
      <metrics statements="29" coveredstatements="23" conditionals="2" coveredconditionals="2" methods="7" coveredmethods="3"/>
      <file name="index.tsx" path="C:\Users\gabri\Projetos\gaia-react\src\pages\main\components\ToolBar\index.tsx">
        <metrics statements="26" coveredstatements="20" conditionals="2" coveredconditionals="2" methods="6" coveredmethods="2"/>
        <line num="1" count="2" type="stmt"/>
        <line num="3" count="2" type="stmt"/>
        <line num="12" count="2" type="stmt"/>
        <line num="13" count="2" type="stmt"/>
        <line num="14" count="2" type="stmt"/>
        <line num="17" count="2" type="stmt"/>
        <line num="19" count="2" type="stmt"/>
        <line num="20" count="2" type="stmt"/>
        <line num="29" count="2" type="stmt"/>
        <line num="30" count="1" type="stmt"/>
        <line num="31" count="1" type="stmt"/>
        <line num="32" count="4" type="stmt"/>
        <line num="33" count="1" type="stmt"/>
        <line num="34" count="1" type="stmt"/>
        <line num="36" count="1" type="stmt"/>
        <line num="37" count="0" type="stmt"/>
        <line num="38" count="0" type="stmt"/>
        <line num="41" count="1" type="stmt"/>
        <line num="42" count="0" type="stmt"/>
        <line num="45" count="1" type="stmt"/>
        <line num="46" count="0" type="stmt"/>
        <line num="49" count="1" type="stmt"/>
        <line num="50" count="0" type="stmt"/>
        <line num="51" count="0" type="stmt"/>
        <line num="54" count="1" type="stmt"/>
        <line num="113" count="2" type="stmt"/>
      </file>
      <file name="styles.ts" path="C:\Users\gabri\Projetos\gaia-react\src\pages\main\components\ToolBar\styles.ts">
        <metrics statements="3" coveredstatements="3" conditionals="0" coveredconditionals="0" methods="1" coveredmethods="1"/>
        <line num="1" count="2" type="stmt"/>
        <line num="3" count="2" type="stmt"/>
        <line num="28" count="2" type="stmt"/>
      </file>
    </package>
    <package name="src.shared.components.RenderCheckBox">
      <metrics statements="16" coveredstatements="5" conditionals="5" coveredconditionals="0" methods="2" coveredmethods="0"/>
      <file name="index.tsx" path="C:\Users\gabri\Projetos\gaia-react\src\shared\components\RenderCheckBox\index.tsx">
        <metrics statements="16" coveredstatements="5" conditionals="5" coveredconditionals="0" methods="2" coveredmethods="0"/>
        <line num="1" count="2" type="stmt"/>
        <line num="2" count="2" type="stmt"/>
        <line num="26" count="2" type="stmt"/>
        <line num="28" count="0" type="stmt"/>
        <line num="29" count="0" type="stmt"/>
        <line num="30" count="0" type="stmt"/>
        <line num="32" count="0" type="stmt"/>
        <line num="33" count="0" type="stmt"/>
        <line num="34" count="0" type="stmt"/>
        <line num="35" count="0" type="stmt"/>
        <line num="36" count="0" type="stmt"/>
        <line num="37" count="0" type="stmt"/>
        <line num="40" count="0" type="stmt"/>
        <line num="42" count="0" type="stmt"/>
        <line num="69" count="2" type="stmt"/>
        <line num="74" count="2" type="stmt"/>
      </file>
    </package>
    <package name="src.shared.components.WeekTabs">
      <metrics statements="16" coveredstatements="16" conditionals="2" coveredconditionals="1" methods="4" coveredmethods="4"/>
      <file name="WeekTabs.tsx" path="C:\Users\gabri\Projetos\gaia-react\src\shared\components\WeekTabs\WeekTabs.tsx">
        <metrics statements="16" coveredstatements="16" conditionals="2" coveredconditionals="1" methods="4" coveredmethods="4"/>
        <line num="1" count="4" type="stmt"/>
        <line num="3" count="4" type="stmt"/>
        <line num="4" count="4" type="stmt"/>
        <line num="5" count="4" type="stmt"/>
        <line num="7" count="4" type="stmt"/>
        <line num="15" count="4" type="stmt"/>
        <line num="17" count="4" type="stmt"/>
        <line num="18" count="4" type="stmt"/>
        <line num="19" count="4" type="stmt"/>
        <line num="22" count="4" type="stmt"/>
        <line num="23" count="4" type="stmt"/>
        <line num="25" count="4" type="stmt"/>
        <line num="26" count="4" type="stmt"/>
        <line num="28" count="4" type="stmt"/>
        <line num="41" count="20" type="stmt"/>
        <line num="63" count="4" type="stmt"/>
      </file>
    </package>
    <package name="src.shared.components.renderTextField">
      <metrics statements="13" coveredstatements="13" conditionals="4" coveredconditionals="2" methods="1" coveredmethods="1"/>
      <file name="renderTextField.tsx" path="C:\Users\gabri\Projetos\gaia-react\src\shared\components\renderTextField\renderTextField.tsx">
        <metrics statements="10" coveredstatements="10" conditionals="4" coveredconditionals="2" methods="1" coveredmethods="1"/>
        <line num="1" count="3" type="stmt"/>
        <line num="2" count="3" type="stmt"/>
        <line num="3" count="3" type="stmt"/>
        <line num="15" count="3" type="stmt"/>
        <line num="17" count="12" type="stmt"/>
        <line num="18" count="12" type="stmt"/>
        <line num="19" count="12" type="stmt"/>
        <line num="22" count="12" type="stmt"/>
        <line num="24" count="12" type="stmt"/>
        <line num="35" count="3" type="stmt"/>
      </file>
      <file name="styles.ts" path="C:\Users\gabri\Projetos\gaia-react\src\shared\components\renderTextField\styles.ts">
        <metrics statements="3" coveredstatements="3" conditionals="0" coveredconditionals="0" methods="0" coveredmethods="0"/>
        <line num="1" count="3" type="stmt"/>
        <line num="3" count="3" type="stmt"/>
        <line num="12" count="3" type="stmt"/>
      </file>
    </package>
    <package name="src.shared.components.snack">
      <metrics statements="15" coveredstatements="15" conditionals="2" coveredconditionals="2" methods="1" coveredmethods="1"/>
      <file name="snack.tsx" path="C:\Users\gabri\Projetos\gaia-react\src\shared\components\snack\snack.tsx">
        <metrics statements="15" coveredstatements="15" conditionals="2" coveredconditionals="2" methods="1" coveredmethods="1"/>
        <line num="1" count="3" type="stmt"/>
        <line num="2" count="3" type="stmt"/>
        <line num="4" count="3" type="stmt"/>
        <line num="5" count="3" type="stmt"/>
        <line num="6" count="3" type="stmt"/>
        <line num="7" count="3" type="stmt"/>
        <line num="17" count="3" type="stmt"/>
        <line num="19" count="2" type="stmt"/>
        <line num="20" count="2" type="stmt"/>
        <line num="21" count="2" type="stmt"/>
        <line num="22" count="2" type="stmt"/>
        <line num="23" count="2" type="stmt"/>
        <line num="26" count="2" type="stmt"/>
        <line num="33" count="2" type="stmt"/>
        <line num="61" count="3" type="stmt"/>
      </file>
    </package>
    <package name="src.shared.theme">
      <metrics statements="2" coveredstatements="2" conditionals="0" coveredconditionals="0" methods="0" coveredmethods="0"/>
      <file name="theme.ts" path="C:\Users\gabri\Projetos\gaia-react\src\shared\theme\theme.ts">
        <metrics statements="2" coveredstatements="2" conditionals="0" coveredconditionals="0" methods="0" coveredmethods="0"/>
        <line num="1" count="1" type="stmt"/>
        <line num="3" count="1" type="stmt"/>
      </file>
    </package>
    <package name="src.shared.utils">
      <metrics statements="21" coveredstatements="21" conditionals="15" coveredconditionals="12" methods="5" coveredmethods="5"/>
      <file name="auth.ts" path="C:\Users\gabri\Projetos\gaia-react\src\shared\utils\auth.ts">
        <metrics statements="10" coveredstatements="10" conditionals="4" coveredconditionals="3" methods="3" coveredmethods="3"/>
        <line num="7" count="8" type="stmt"/>
        <line num="8" count="6" type="stmt"/>
        <line num="13" count="6" type="stmt"/>
        <line num="16" count="8" type="stmt"/>
        <line num="17" count="16" type="cond" truecount="2" falsecount="0"/>
        <line num="18" count="5" type="stmt"/>
        <line num="19" count="5" type="cond" truecount="1" falsecount="1"/>
        <line num="21" count="5" type="stmt"/>
        <line num="24" count="11" type="stmt"/>
        <line num="27" count="11" type="stmt"/>
      </file>
      <file name="resolveError.ts" path="C:\Users\gabri\Projetos\gaia-react\src\shared\utils\resolveError.ts">
        <metrics statements="9" coveredstatements="9" conditionals="11" coveredconditionals="9" methods="1" coveredmethods="1"/>
        <line num="1" count="7" type="stmt"/>
        <line num="2" count="6" type="stmt"/>
        <line num="4" count="6" type="stmt"/>
        <line num="5" count="6" type="cond" truecount="4" falsecount="0"/>
        <line num="6" count="1" type="stmt"/>
        <line num="7" count="5" type="cond" truecount="4" falsecount="0"/>
        <line num="8" count="1" type="cond" truecount="1" falsecount="2"/>
        <line num="11" count="6" type="stmt"/>
        <line num="14" count="7" type="stmt"/>
      </file>
      <file name="testRender.ts" path="C:\Users\gabri\Projetos\gaia-react\src\shared\utils\testRender.ts">
        <metrics statements="2" coveredstatements="2" conditionals="0" coveredconditionals="0" methods="1" coveredmethods="1"/>
        <line num="2" count="3" type="stmt"/>
        <line num="4" count="12" type="stmt"/>
      </file>
    </package>
    <package name="src.shared.validators">
      <metrics statements="4" coveredstatements="4" conditionals="12" coveredconditionals="12" methods="3" coveredmethods="3"/>
      <file name="validators.ts" path="C:\Users\gabri\Projetos\gaia-react\src\shared\validators\validators.ts">
        <metrics statements="4" coveredstatements="4" conditionals="12" coveredconditionals="12" methods="3" coveredmethods="3"/>
        <line num="1" count="4" type="stmt"/>
        <line num="2" count="2" type="cond" truecount="2" falsecount="0"/>
        <line num="5" count="4" type="stmt"/>
        <line num="11" count="8" type="stmt"/>
      </file>
    </package>
  </project>
</coverage>
