{"C:\\Users\\gabri\\Projetos\\gaia-react\\src\\App.tsx": {"path":"C:\\Users\\gabri\\Projetos\\gaia-react\\src\\App.tsx","statementMap":{"0":{"start":{"line":1,"column":0},"end":{"line":1,"column":26}},"1":{"start":{"line":2,"column":0},"end":{"line":2,"column":36}},"2":{"start":{"line":4,"column":0},"end":{"line":4,"column":53}},"3":{"start":{"line":5,"column":0},"end":{"line":5,"column":39}},"4":{"start":{"line":6,"column":0},"end":{"line":6,"column":32}},"5":{"start":{"line":7,"column":0},"end":{"line":7,"column":34}},"6":{"start":{"line":9,"column":0},"end":{"line":9,"column":52}},"7":{"start":{"line":10,"column":0},"end":{"line":10,"column":45}},"8":{"start":{"line":12,"column":0},"end":{"line":12,"column":19}},"9":{"start":{"line":13,"column":0},"end":{"line":13,"column":48}},"10":{"start":{"line":15,"column":22},"end":{"line":30,"column":1}},"11":{"start":{"line":16,"column":16},"end":{"line":18,"column":null}},"12":{"start":{"line":21,"column":2},"end":{"line":29,"column":4}},"13":{"start":{"line":32,"column":0},"end":{"line":32,"column":19}}},"fnMap":{"0":{"name":"(anonymous_1)","decl":{"start":{"line":15,"column":22},"end":{"line":15,"column":null}},"loc":{"start":{"line":15,"column":22},"end":{"line":30,"column":1}}}},"branchMap":{},"s":{"0":1,"1":1,"2":1,"3":1,"4":1,"5":1,"6":1,"7":1,"8":1,"9":1,"10":1,"11":2,"12":2,"13":1},"f":{"0":2},"b":{}}
,"C:\\Users\\gabri\\Projetos\\gaia-react\\src\\AppRouter.tsx": {"path":"C:\\Users\\gabri\\Projetos\\gaia-react\\src\\AppRouter.tsx","statementMap":{"0":{"start":{"line":1,"column":0},"end":{"line":1,"column":55}},"1":{"start":{"line":2,"column":0},"end":{"line":2,"column":57}},"2":{"start":{"line":3,"column":0},"end":{"line":3,"column":56}},"3":{"start":{"line":4,"column":0},"end":{"line":4,"column":45}},"4":{"start":{"line":5,"column":0},"end":{"line":5,"column":49}},"5":{"start":{"line":10,"column":13},"end":{"line":10,"column":60}},"6":{"start":{"line":12,"column":0},"end":{"line":12,"column":51}},"7":{"start":{"line":12,"column":24},"end":{"line":12,"column":37}},"8":{"start":{"line":14,"column":4},"end":{"line":14,"column":null}},"9":{"start":{"line":16,"column":4},"end":{"line":18,"column":null}},"10":{"start":{"line":21,"column":2},"end":{"line":30,"column":null}},"11":{"start":{"line":22,"column":4},"end":{"line":29,"column":6}},"12":{"start":{"line":31,"column":0},"end":{"line":31,"column":null}},"13":{"start":{"line":33,"column":0},"end":{"line":33,"column":25}}},"fnMap":{"0":{"name":"(anonymous_8)","decl":{"start":{"line":12,"column":0},"end":{"line":12,"column":24}},"loc":{"start":{"line":12,"column":0},"end":{"line":31,"column":null}}},"1":{"name":"AppRouter","decl":{"start":{"line":13,"column":2},"end":{"line":13,"column":14}},"loc":{"start":{"line":13,"column":26},"end":{"line":19,"column":3}}},"2":{"name":"(anonymous_10)","decl":{"start":{"line":21,"column":2},"end":{"line":21,"column":8}},"loc":{"start":{"line":21,"column":2},"end":{"line":30,"column":3}}}},"branchMap":{"0":{"loc":{"start":{"line":14,"column":4},"end":{"line":14,"column":16}},"type":"binary-expr","locations":[{"start":{"line":14,"column":4},"end":{"line":14,"column":16}},{"start":{"line":14,"column":16},"end":{"line":14,"column":null}}]}},"s":{"0":2,"1":2,"2":2,"3":2,"4":2,"5":2,"6":2,"7":2,"8":1,"9":1,"10":2,"11":1,"12":2,"13":2},"f":{"0":2,"1":1,"2":1},"b":{"0":[1,1]}}
,"C:\\Users\\gabri\\Projetos\\gaia-react\\src\\reducers.ts": {"path":"C:\\Users\\gabri\\Projetos\\gaia-react\\src\\reducers.ts","statementMap":{"0":{"start":{"line":1,"column":0},"end":{"line":1,"column":40}},"1":{"start":{"line":2,"column":0},"end":{"line":2,"column":52}},"2":{"start":{"line":4,"column":0},"end":{"line":4,"column":66}},"3":{"start":{"line":5,"column":0},"end":{"line":5,"column":71}},"4":{"start":{"line":6,"column":0},"end":{"line":6,"column":66}},"5":{"start":{"line":7,"column":0},"end":{"line":7,"column":61}},"6":{"start":{"line":8,"column":0},"end":{"line":8,"column":69}},"7":{"start":{"line":9,"column":0},"end":{"line":9,"column":61}},"8":{"start":{"line":10,"column":0},"end":{"line":10,"column":75}},"9":{"start":{"line":23,"column":0},"end":{"line":32,"column":3}}},"fnMap":{},"branchMap":{},"s":{"0":5,"1":5,"2":5,"3":5,"4":5,"5":5,"6":5,"7":5,"8":5,"9":5},"f":{},"b":{}}
,"C:\\Users\\gabri\\Projetos\\gaia-react\\src\\enviroments\\enviroments.ts": {"path":"C:\\Users\\gabri\\Projetos\\gaia-react\\src\\enviroments\\enviroments.ts","statementMap":{"0":{"start":{"line":1,"column":13},"end":{"line":1,"column":49}},"1":{"start":{"line":3,"column":13},"end":{"line":9,"column":null}}},"fnMap":{},"branchMap":{},"s":{"0":8,"1":8},"f":{},"b":{}}
,"C:\\Users\\gabri\\Projetos\\gaia-react\\src\\pages\\auth\\AuthForm.tsx": {"path":"C:\\Users\\gabri\\Projetos\\gaia-react\\src\\pages\\auth\\AuthForm.tsx","statementMap":{"0":{"start":{"line":1,"column":0},"end":{"line":1,"column":25}},"1":{"start":{"line":3,"column":0},"end":{"line":3,"column":46}},"2":{"start":{"line":4,"column":0},"end":{"line":4,"column":71}},"3":{"start":{"line":5,"column":0},"end":{"line":5,"column":86}},"4":{"start":{"line":7,"column":0},"end":{"line":7,"column":87}},"5":{"start":{"line":9,"column":0},"end":{"line":9,"column":20}},"6":{"start":{"line":11,"column":17},"end":{"line":55,"column":1}},"7":{"start":{"line":12,"column":10},"end":{"line":12,"column":22}},"8":{"start":{"line":12,"column":24},"end":{"line":12,"column":32}},"9":{"start":{"line":12,"column":34},"end":{"line":12,"column":41}},"10":{"start":{"line":14,"column":2},"end":{"line":54,"column":4}},"11":{"start":{"line":57,"column":0},"end":{"line":57,"column":53}}},"fnMap":{"0":{"name":"(anonymous_1)","decl":{"start":{"line":11,"column":17},"end":{"line":11,"column":18}},"loc":{"start":{"line":11,"column":28},"end":{"line":55,"column":1}}}},"branchMap":{"0":{"loc":{"start":{"line":48,"column":16},"end":{"line":48,"column":46}},"type":"cond-expr","locations":[{"start":{"line":48,"column":16},"end":{"line":48,"column":46}},{"start":{"line":49,"column":16},"end":{"line":49,"column":24}}]}},"s":{"0":3,"1":3,"2":3,"3":3,"4":3,"5":3,"6":3,"7":6,"8":6,"9":6,"10":6,"11":3},"f":{"0":6},"b":{"0":[2,4]}}
,"C:\\Users\\gabri\\Projetos\\gaia-react\\src\\pages\\auth\\AuthPage.tsx": {"path":"C:\\Users\\gabri\\Projetos\\gaia-react\\src\\pages\\auth\\AuthPage.tsx","statementMap":{"0":{"start":{"line":1,"column":0},"end":{"line":1,"column":55}},"1":{"start":{"line":4,"column":0},"end":{"line":4,"column":38}},"2":{"start":{"line":6,"column":0},"end":{"line":6,"column":47}},"3":{"start":{"line":7,"column":0},"end":{"line":7,"column":50}},"4":{"start":{"line":9,"column":0},"end":{"line":9,"column":53}},"5":{"start":{"line":10,"column":0},"end":{"line":10,"column":34}},"6":{"start":{"line":11,"column":0},"end":{"line":11,"column":56}},"7":{"start":{"line":12,"column":0},"end":{"line":12,"column":53}},"8":{"start":{"line":13,"column":0},"end":{"line":13,"column":40}},"9":{"start":{"line":22,"column":0},"end":{"line":22,"column":43}},"10":{"start":{"line":22,"column":23},"end":{"line":22,"column":36}},"11":{"start":{"line":25,"column":4},"end":{"line":25,"column":null}},"12":{"start":{"line":26,"column":4},"end":{"line":26,"column":33}},"13":{"start":{"line":29,"column":2},"end":{"line":56,"column":null}},"14":{"start":{"line":30,"column":10},"end":{"line":30,"column":12}},"15":{"start":{"line":30,"column":12},"end":{"line":30,"column":20}},"16":{"start":{"line":30,"column":22},"end":{"line":30,"column":47}},"17":{"start":{"line":32,"column":4},"end":{"line":34,"column":null}},"18":{"start":{"line":33,"column":6},"end":{"line":33,"column":null}},"19":{"start":{"line":36,"column":4},"end":{"line":55,"column":null}},"20":{"start":{"line":57,"column":0},"end":{"line":57,"column":null}},"21":{"start":{"line":59,"column":24},"end":{"line":62,"column":1}},"22":{"start":{"line":60,"column":10},"end":{"line":60,"column":21}},"23":{"start":{"line":61,"column":2},"end":{"line":61,"column":21}},"24":{"start":{"line":64,"column":27},"end":{"line":68,"column":2}},"25":{"start":{"line":70,"column":0},"end":{"line":70,"column":70}}},"fnMap":{"0":{"name":"(anonymous_10)","decl":{"start":{"line":22,"column":0},"end":{"line":22,"column":23}},"loc":{"start":{"line":22,"column":0},"end":{"line":57,"column":null}}},"1":{"name":"AuthPage","decl":{"start":{"line":24,"column":2},"end":{"line":24,"column":14}},"loc":{"start":{"line":24,"column":26},"end":{"line":27,"column":3}}},"2":{"name":"(anonymous_12)","decl":{"start":{"line":29,"column":2},"end":{"line":29,"column":8}},"loc":{"start":{"line":29,"column":2},"end":{"line":56,"column":3}}},"3":{"name":"(anonymous_13)","decl":{"start":{"line":59,"column":24},"end":{"line":59,"column":25}},"loc":{"start":{"line":59,"column":44},"end":{"line":62,"column":1}}}},"branchMap":{"0":{"loc":{"start":{"line":25,"column":4},"end":{"line":25,"column":16}},"type":"binary-expr","locations":[{"start":{"line":25,"column":4},"end":{"line":25,"column":16}},{"start":{"line":25,"column":16},"end":{"line":25,"column":null}}]},"1":{"loc":{"start":{"line":32,"column":4},"end":{"line":34,"column":null}},"type":"if","locations":[{"start":{"line":32,"column":4},"end":{"line":34,"column":null}},{"start":{"line":32,"column":4},"end":{"line":34,"column":null}}]}},"s":{"0":3,"1":3,"2":3,"3":3,"4":3,"5":3,"6":3,"7":3,"8":3,"9":3,"10":3,"11":7,"12":7,"13":3,"14":7,"15":7,"16":7,"17":7,"18":1,"19":6,"20":3,"21":3,"22":8,"23":8,"24":3,"25":3},"f":{"0":3,"1":7,"2":7,"3":8},"b":{"0":[7,7],"1":[1,6]}}
,"C:\\Users\\gabri\\Projetos\\gaia-react\\src\\pages\\auth\\authActions.ts": {"path":"C:\\Users\\gabri\\Projetos\\gaia-react\\src\\pages\\auth\\authActions.ts","statementMap":{"0":{"start":{"line":1,"column":0},"end":{"line":1,"column":26}},"1":{"start":{"line":4,"column":0},"end":{"line":4,"column":54}},"2":{"start":{"line":5,"column":0},"end":{"line":5,"column":52}},"3":{"start":{"line":6,"column":0},"end":{"line":6,"column":59}},"4":{"start":{"line":7,"column":0},"end":{"line":7,"column":53}},"5":{"start":{"line":8,"column":0},"end":{"line":8,"column":60}},"6":{"start":{"line":11,"column":13},"end":{"line":38,"column":null}},"7":{"start":{"line":11,"column":36},"end":{"line":38,"column":null}},"8":{"start":{"line":11,"column":69},"end":{"line":38,"column":null}},"9":{"start":{"line":14,"column":4},"end":{"line":14,"column":48}},"10":{"start":{"line":16,"column":38},"end":{"line":16,"column":null}},"11":{"start":{"line":16,"column":12},"end":{"line":16,"column":33}},"12":{"start":{"line":18,"column":4},"end":{"line":18,"column":22}},"13":{"start":{"line":20,"column":4},"end":{"line":23,"column":7}},"14":{"start":{"line":26,"column":4},"end":{"line":34,"column":7}},"15":{"start":{"line":36,"column":4},"end":{"line":36,"column":47}},"16":{"start":{"line":40,"column":13},"end":{"line":42,"column":3}},"17":{"start":{"line":40,"column":32},"end":{"line":42,"column":3}}},"fnMap":{"0":{"name":"(anonymous_14)","decl":{"start":{"line":11,"column":21},"end":{"line":11,"column":22}},"loc":{"start":{"line":11,"column":31},"end":{"line":11,"column":43}}},"1":{"name":"(anonymous_15)","decl":{"start":{"line":11,"column":36},"end":{"line":11,"column":43}},"loc":{"start":{"line":11,"column":69},"end":{"line":38,"column":null}}},"2":{"name":"(anonymous_16)","decl":{"start":{"line":11,"column":69},"end":{"line":11,"column":null}},"loc":{"start":{"line":11,"column":69},"end":{"line":38,"column":null}}},"3":{"name":"(anonymous_18)","decl":{"start":{"line":40,"column":26},"end":{"line":40,"column":32}},"loc":{"start":{"line":40,"column":26},"end":{"line":40,"column":33}}}},"branchMap":{},"s":{"0":4,"1":4,"2":4,"3":4,"4":4,"5":4,"6":4,"7":2,"8":2,"9":2,"10":2,"11":2,"12":1,"13":1,"14":1,"15":2,"16":4,"17":1},"f":{"0":2,"1":2,"2":2,"3":1},"b":{}}
,"C:\\Users\\gabri\\Projetos\\gaia-react\\src\\pages\\auth\\authActionsTypes.ts": {"path":"C:\\Users\\gabri\\Projetos\\gaia-react\\src\\pages\\auth\\authActionsTypes.ts","statementMap":{"0":{"start":{"line":1,"column":13},"end":{"line":8,"column":null}}},"fnMap":{},"branchMap":{},"s":{"0":7},"f":{},"b":{}}
,"C:\\Users\\gabri\\Projetos\\gaia-react\\src\\pages\\auth\\authReducer.ts": {"path":"C:\\Users\\gabri\\Projetos\\gaia-react\\src\\pages\\auth\\authReducer.ts","statementMap":{"0":{"start":{"line":1,"column":0},"end":{"line":1,"column":54}},"1":{"start":{"line":11,"column":33},"end":{"line":17,"column":null}},"2":{"start":{"line":19,"column":20},"end":{"line":39,"column":1}},"3":{"start":{"line":19,"column":21},"end":{"line":19,"column":44}},"4":{"start":{"line":20,"column":4},"end":{"line":38,"column":null}},"5":{"start":{"line":22,"column":12},"end":{"line":22,"column":46}},"6":{"start":{"line":25,"column":12},"end":{"line":25,"column":47}},"7":{"start":{"line":28,"column":12},"end":{"line":28,"column":43}},"8":{"start":{"line":31,"column":12},"end":{"line":31,"column":55}},"9":{"start":{"line":34,"column":12},"end":{"line":34,"column":58}},"10":{"start":{"line":37,"column":12},"end":{"line":37,"column":25}},"11":{"start":{"line":41,"column":0},"end":{"line":41,"column":27}}},"fnMap":{"0":{"name":"(anonymous_2)","decl":{"start":{"line":19,"column":20},"end":{"line":19,"column":21}},"loc":{"start":{"line":19,"column":58},"end":{"line":39,"column":1}}}},"branchMap":{"0":{"loc":{"start":{"line":19,"column":21},"end":{"line":19,"column":44}},"type":"if","locations":[{"start":{"line":19,"column":21},"end":{"line":19,"column":44}},{"start":{"line":19,"column":21},"end":{"line":19,"column":44}}]},"1":{"loc":{"start":{"line":21,"column":8},"end":{"line":22,"column":46}},"type":"switch","locations":[{"start":{"line":21,"column":8},"end":{"line":22,"column":46}},{"start":{"line":24,"column":8},"end":{"line":25,"column":47}},{"start":{"line":27,"column":8},"end":{"line":28,"column":43}},{"start":{"line":30,"column":8},"end":{"line":31,"column":55}},{"start":{"line":33,"column":8},"end":{"line":34,"column":58}},{"start":{"line":36,"column":8},"end":{"line":37,"column":25}}]}},"s":{"0":6,"1":6,"2":6,"3":90,"4":58,"5":1,"6":1,"7":1,"8":1,"9":1,"10":53,"11":6},"f":{"0":58},"b":{"0":[32,26],"1":[1,1,1,1,1,53]}}
,"C:\\Users\\gabri\\Projetos\\gaia-react\\src\\pages\\main\\MainRouter.tsx": {"path":"C:\\Users\\gabri\\Projetos\\gaia-react\\src\\pages\\main\\MainRouter.tsx","statementMap":{"0":{"start":{"line":1,"column":0},"end":{"line":1,"column":33}},"1":{"start":{"line":2,"column":0},"end":{"line":2,"column":59}},"2":{"start":{"line":3,"column":0},"end":{"line":3,"column":81}},"3":{"start":{"line":5,"column":0},"end":{"line":5,"column":38}},"4":{"start":{"line":6,"column":0},"end":{"line":6,"column":38}},"5":{"start":{"line":9,"column":0},"end":{"line":9,"column":53}},"6":{"start":{"line":11,"column":0},"end":{"line":11,"column":56}},"7":{"start":{"line":12,"column":0},"end":{"line":12,"column":64}},"8":{"start":{"line":13,"column":0},"end":{"line":13,"column":43}},"9":{"start":{"line":16,"column":0},"end":{"line":16,"column":49}},"10":{"start":{"line":17,"column":0},"end":{"line":17,"column":51}},"11":{"start":{"line":19,"column":0},"end":{"line":19,"column":63}},"12":{"start":{"line":20,"column":0},"end":{"line":20,"column":58}},"13":{"start":{"line":22,"column":0},"end":{"line":22,"column":33}},"14":{"start":{"line":23,"column":0},"end":{"line":23,"column":20}},"15":{"start":{"line":24,"column":0},"end":{"line":24,"column":63}},"16":{"start":{"line":25,"column":0},"end":{"line":25,"column":65}},"17":{"start":{"line":26,"column":0},"end":{"line":26,"column":64}},"18":{"start":{"line":38,"column":30},"end":{"line":117,"column":1}},"19":{"start":{"line":40,"column":18},"end":{"line":40,"column":29}},"20":{"start":{"line":42,"column":4},"end":{"line":42,"column":12}},"21":{"start":{"line":43,"column":4},"end":{"line":43,"column":14}},"22":{"start":{"line":44,"column":4},"end":{"line":44,"column":8}},"23":{"start":{"line":45,"column":4},"end":{"line":45,"column":13}},"24":{"start":{"line":46,"column":4},"end":{"line":46,"column":9}},"25":{"start":{"line":47,"column":4},"end":{"line":47,"column":10}},"26":{"start":{"line":48,"column":4},"end":{"line":48,"column":16}},"27":{"start":{"line":49,"column":4},"end":{"line":49,"column":12}},"28":{"start":{"line":50,"column":4},"end":{"line":50,"column":15}},"29":{"start":{"line":51,"column":4},"end":{"line":51,"column":11}},"30":{"start":{"line":54,"column":18},"end":{"line":54,"column":30}},"31":{"start":{"line":56,"column":2},"end":{"line":58,"column":null}},"32":{"start":{"line":57,"column":4},"end":{"line":57,"column":null}},"33":{"start":{"line":60,"column":2},"end":{"line":62,"column":null}},"34":{"start":{"line":61,"column":4},"end":{"line":61,"column":38}},"35":{"start":{"line":64,"column":2},"end":{"line":67,"column":null}},"36":{"start":{"line":65,"column":4},"end":{"line":65,"column":22}},"37":{"start":{"line":66,"column":4},"end":{"line":66,"column":null}},"38":{"start":{"line":69,"column":2},"end":{"line":116,"column":4}},"39":{"start":{"line":119,"column":24},"end":{"line":122,"column":1}},"40":{"start":{"line":120,"column":10},"end":{"line":120,"column":21}},"41":{"start":{"line":121,"column":2},"end":{"line":121,"column":21}},"42":{"start":{"line":124,"column":27},"end":{"line":129,"column":2}},"43":{"start":{"line":131,"column":0},"end":{"line":131,"column":72}}},"fnMap":{"0":{"name":"(anonymous_3)","decl":{"start":{"line":38,"column":30},"end":{"line":38,"column":31}},"loc":{"start":{"line":38,"column":43},"end":{"line":117,"column":1}}},"1":{"name":"(anonymous_4)","decl":{"start":{"line":119,"column":24},"end":{"line":119,"column":25}},"loc":{"start":{"line":119,"column":44},"end":{"line":122,"column":1}}}},"branchMap":{"0":{"loc":{"start":{"line":56,"column":2},"end":{"line":58,"column":null}},"type":"if","locations":[{"start":{"line":56,"column":2},"end":{"line":58,"column":null}},{"start":{"line":56,"column":2},"end":{"line":58,"column":null}}]},"1":{"loc":{"start":{"line":60,"column":2},"end":{"line":62,"column":null}},"type":"if","locations":[{"start":{"line":60,"column":2},"end":{"line":62,"column":null}},{"start":{"line":60,"column":2},"end":{"line":62,"column":null}}]},"2":{"loc":{"start":{"line":64,"column":2},"end":{"line":67,"column":null}},"type":"if","locations":[{"start":{"line":64,"column":2},"end":{"line":67,"column":null}},{"start":{"line":64,"column":2},"end":{"line":67,"column":null}}]},"3":{"loc":{"start":{"line":81,"column":14},"end":{"line":81,"column":18}},"type":"binary-expr","locations":[{"start":{"line":81,"column":14},"end":{"line":81,"column":18}},{"start":{"line":81,"column":22},"end":{"line":81,"column":39}}]},"4":{"loc":{"start":{"line":87,"column":10},"end":{"line":104,"column":null}},"type":"cond-expr","locations":[{"start":{"line":87,"column":10},"end":{"line":104,"column":null}},{"start":{"line":107,"column":10},"end":{"line":108,"column":null}}]},"5":{"loc":{"start":{"line":93,"column":15},"end":{"line":93,"column":25}},"type":"binary-expr","locations":[{"start":{"line":93,"column":15},"end":{"line":93,"column":25}},{"start":{"line":94,"column":16},"end":{"line":100,"column":null}}]}},"s":{"0":2,"1":2,"2":2,"3":2,"4":2,"5":2,"6":2,"7":2,"8":2,"9":2,"10":2,"11":2,"12":2,"13":2,"14":2,"15":2,"16":2,"17":2,"18":2,"19":6,"20":6,"21":6,"22":6,"23":6,"24":6,"25":6,"26":6,"27":6,"28":6,"29":6,"30":6,"31":6,"32":2,"33":4,"34":1,"35":4,"36":1,"37":1,"38":3,"39":2,"40":7,"41":7,"42":2,"43":2},"f":{"0":6,"1":7},"b":{"0":[2,4],"1":[1,3],"2":[1,3],"3":[3,1],"4":[2,1],"5":[2,2]}}
,"C:\\Users\\gabri\\Projetos\\gaia-react\\src\\pages\\main\\mainActions.ts": {"path":"C:\\Users\\gabri\\Projetos\\gaia-react\\src\\pages\\main\\mainActions.ts","statementMap":{"0":{"start":{"line":1,"column":0},"end":{"line":1,"column":26}},"1":{"start":{"line":2,"column":0},"end":{"line":2,"column":54}},"2":{"start":{"line":4,"column":0},"end":{"line":4,"column":52}},"3":{"start":{"line":6,"column":0},"end":{"line":6,"column":55}},"4":{"start":{"line":9,"column":13},"end":{"line":38,"column":null}},"5":{"start":{"line":9,"column":69},"end":{"line":38,"column":null}},"6":{"start":{"line":9,"column":102},"end":{"line":38,"column":null}},"7":{"start":{"line":12,"column":31},"end":{"line":16,"column":null}},"8":{"start":{"line":12,"column":20},"end":{"line":12,"column":31}},"9":{"start":{"line":18,"column":4},"end":{"line":21,"column":7}},"10":{"start":{"line":24,"column":4},"end":{"line":24,"column":19}},"11":{"start":{"line":26,"column":4},"end":{"line":26,"column":33}},"12":{"start":{"line":28,"column":4},"end":{"line":36,"column":7}},"13":{"start":{"line":40,"column":13},"end":{"line":46,"column":null}},"14":{"start":{"line":40,"column":43},"end":{"line":46,"column":null}},"15":{"start":{"line":41,"column":2},"end":{"line":41,"column":37}},"16":{"start":{"line":42,"column":2},"end":{"line":45,"column":5}},"17":{"start":{"line":48,"column":13},"end":{"line":60,"column":3}},"18":{"start":{"line":51,"column":2},"end":{"line":51,"column":null}},"19":{"start":{"line":52,"column":5},"end":{"line":60,"column":3}},"20":{"start":{"line":62,"column":13},"end":{"line":64,"column":3}},"21":{"start":{"line":62,"column":32},"end":{"line":64,"column":3}},"22":{"start":{"line":66,"column":13},"end":{"line":68,"column":null}},"23":{"start":{"line":66,"column":34},"end":{"line":68,"column":null}},"24":{"start":{"line":70,"column":13},"end":{"line":73,"column":null}},"25":{"start":{"line":70,"column":44},"end":{"line":73,"column":null}}},"fnMap":{"0":{"name":"(anonymous_14)","decl":{"start":{"line":9,"column":25},"end":{"line":9,"column":26}},"loc":{"start":{"line":9,"column":64},"end":{"line":9,"column":76}}},"1":{"name":"(anonymous_15)","decl":{"start":{"line":9,"column":69},"end":{"line":9,"column":76}},"loc":{"start":{"line":9,"column":102},"end":{"line":38,"column":null}}},"2":{"name":"(anonymous_16)","decl":{"start":{"line":9,"column":102},"end":{"line":9,"column":null}},"loc":{"start":{"line":9,"column":102},"end":{"line":38,"column":null}}},"3":{"name":"(anonymous_18)","decl":{"start":{"line":40,"column":24},"end":{"line":40,"column":25}},"loc":{"start":{"line":40,"column":38},"end":{"line":40,"column":44}}},"4":{"name":"(anonymous_19)","decl":{"start":{"line":40,"column":43},"end":{"line":40,"column":44}},"loc":{"start":{"line":40,"column":70},"end":{"line":46,"column":1}}},"5":{"name":"(anonymous_20)","decl":{"start":{"line":48,"column":25},"end":{"line":48,"column":null}},"loc":{"start":{"line":51,"column":25},"end":{"line":52,"column":6}}},"6":{"name":"(anonymous_21)","decl":{"start":{"line":62,"column":26},"end":{"line":62,"column":32}},"loc":{"start":{"line":62,"column":26},"end":{"line":62,"column":33}}},"7":{"name":"(anonymous_22)","decl":{"start":{"line":66,"column":28},"end":{"line":66,"column":34}},"loc":{"start":{"line":66,"column":28},"end":{"line":66,"column":35}}},"8":{"name":"(anonymous_23)","decl":{"start":{"line":70,"column":27},"end":{"line":70,"column":28}},"loc":{"start":{"line":70,"column":39},"end":{"line":70,"column":45}}}},"branchMap":{"0":{"loc":{"start":{"line":51,"column":2},"end":{"line":51,"column":null}},"type":"if","locations":[{"start":{"line":51,"column":2},"end":{"line":51,"column":null}},{"start":{"line":51,"column":2},"end":{"line":51,"column":null}}]}},"s":{"0":6,"1":6,"2":6,"3":6,"4":6,"5":3,"6":3,"7":3,"8":2,"9":1,"10":1,"11":2,"12":1,"13":6,"14":13,"15":13,"16":13,"17":6,"18":1,"19":1,"20":6,"21":1,"22":6,"23":1,"24":6,"25":2},"f":{"0":3,"1":3,"2":3,"3":13,"4":13,"5":1,"6":1,"7":1,"8":2},"b":{"0":[0,1]}}
,"C:\\Users\\gabri\\Projetos\\gaia-react\\src\\pages\\main\\mainActionsTypes.ts": {"path":"C:\\Users\\gabri\\Projetos\\gaia-react\\src\\pages\\main\\mainActionsTypes.ts","statementMap":{"0":{"start":{"line":1,"column":13},"end":{"line":8,"column":null}}},"fnMap":{},"branchMap":{},"s":{"0":8},"f":{},"b":{}}
,"C:\\Users\\gabri\\Projetos\\gaia-react\\src\\pages\\main\\mainReducer.ts": {"path":"C:\\Users\\gabri\\Projetos\\gaia-react\\src\\pages\\main\\mainReducer.ts","statementMap":{"0":{"start":{"line":1,"column":0},"end":{"line":1,"column":54}},"1":{"start":{"line":14,"column":33},"end":{"line":20,"column":null}},"2":{"start":{"line":22,"column":20},"end":{"line":45,"column":1}},"3":{"start":{"line":22,"column":21},"end":{"line":22,"column":44}},"4":{"start":{"line":23,"column":4},"end":{"line":44,"column":null}},"5":{"start":{"line":25,"column":12},"end":{"line":25,"column":63}},"6":{"start":{"line":28,"column":12},"end":{"line":28,"column":54}},"7":{"start":{"line":31,"column":12},"end":{"line":31,"column":52}},"8":{"start":{"line":34,"column":12},"end":{"line":34,"column":55}},"9":{"start":{"line":37,"column":12},"end":{"line":37,"column":58}},"10":{"start":{"line":40,"column":12},"end":{"line":40,"column":55}},"11":{"start":{"line":43,"column":12},"end":{"line":43,"column":25}},"12":{"start":{"line":47,"column":0},"end":{"line":47,"column":27}}},"fnMap":{"0":{"name":"(anonymous_2)","decl":{"start":{"line":22,"column":20},"end":{"line":22,"column":21}},"loc":{"start":{"line":22,"column":58},"end":{"line":45,"column":1}}}},"branchMap":{"0":{"loc":{"start":{"line":22,"column":21},"end":{"line":22,"column":44}},"type":"if","locations":[{"start":{"line":22,"column":21},"end":{"line":22,"column":44}},{"start":{"line":22,"column":21},"end":{"line":22,"column":44}}]},"1":{"loc":{"start":{"line":24,"column":8},"end":{"line":25,"column":63}},"type":"switch","locations":[{"start":{"line":24,"column":8},"end":{"line":25,"column":63}},{"start":{"line":27,"column":8},"end":{"line":28,"column":54}},{"start":{"line":30,"column":8},"end":{"line":31,"column":52}},{"start":{"line":33,"column":8},"end":{"line":34,"column":55}},{"start":{"line":36,"column":8},"end":{"line":37,"column":58}},{"start":{"line":39,"column":8},"end":{"line":40,"column":55}},{"start":{"line":42,"column":8},"end":{"line":43,"column":25}}]}},"s":{"0":6,"1":6,"2":6,"3":90,"4":58,"5":1,"6":1,"7":12,"8":1,"9":1,"10":1,"11":41,"12":6},"f":{"0":58},"b":{"0":[32,26],"1":[1,1,12,1,1,1,41]}}
,"C:\\Users\\gabri\\Projetos\\gaia-react\\src\\pages\\main\\styles.ts": {"path":"C:\\Users\\gabri\\Projetos\\gaia-react\\src\\pages\\main\\styles.ts","statementMap":{"0":{"start":{"line":1,"column":0},"end":{"line":1,"column":47}},"1":{"start":{"line":3,"column":18},"end":{"line":11,"column":3}},"2":{"start":{"line":3,"column":32},"end":{"line":3,"column":43}},"3":{"start":{"line":3,"column":50},"end":{"line":11,"column":3}},"4":{"start":{"line":13,"column":0},"end":{"line":13,"column":25}}},"fnMap":{"0":{"name":"(anonymous_0)","decl":{"start":{"line":3,"column":29},"end":{"line":3,"column":30}},"loc":{"start":{"line":3,"column":45},"end":{"line":3,"column":51}}}},"branchMap":{},"s":{"0":2,"1":2,"2":4,"3":4,"4":2},"f":{"0":4},"b":{}}
,"C:\\Users\\gabri\\Projetos\\gaia-react\\src\\pages\\main\\Exchanges\\ExchangesContainer.tsx": {"path":"C:\\Users\\gabri\\Projetos\\gaia-react\\src\\pages\\main\\Exchanges\\ExchangesContainer.tsx","statementMap":{"0":{"start":{"line":1,"column":0},"end":{"line":1,"column":41}},"1":{"start":{"line":2,"column":0},"end":{"line":2,"column":38}},"2":{"start":{"line":3,"column":0},"end":{"line":3,"column":44}},"3":{"start":{"line":5,"column":0},"end":{"line":5,"column":42}},"4":{"start":{"line":6,"column":0},"end":{"line":6,"column":41}},"5":{"start":{"line":15,"column":44},"end":{"line":28,"column":1}},"6":{"start":{"line":16,"column":10},"end":{"line":16,"column":18}},"7":{"start":{"line":16,"column":20},"end":{"line":16,"column":32}},"8":{"start":{"line":18,"column":2},"end":{"line":21,"column":31}},"9":{"start":{"line":19,"column":4},"end":{"line":19,"column":23}},"10":{"start":{"line":20,"column":4},"end":{"line":20,"column":19}},"11":{"start":{"line":23,"column":2},"end":{"line":27,"column":4}},"12":{"start":{"line":30,"column":24},"end":{"line":30,"column":null}},"13":{"start":{"line":30,"column":49},"end":{"line":32,"column":3}},"14":{"start":{"line":35,"column":0},"end":{"line":38,"column":23}}},"fnMap":{"0":{"name":"(anonymous_4)","decl":{"start":{"line":15,"column":44},"end":{"line":15,"column":45}},"loc":{"start":{"line":15,"column":50},"end":{"line":28,"column":1}}},"1":{"name":"(anonymous_5)","decl":{"start":{"line":18,"column":12},"end":{"line":18,"column":null}},"loc":{"start":{"line":18,"column":12},"end":{"line":21,"column":3}}},"2":{"name":"(anonymous_6)","decl":{"start":{"line":30,"column":24},"end":{"line":30,"column":25}},"loc":{"start":{"line":30,"column":44},"end":{"line":30,"column":null}}}},"branchMap":{},"s":{"0":2,"1":2,"2":2,"3":2,"4":2,"5":2,"6":0,"7":0,"8":0,"9":0,"10":0,"11":0,"12":2,"13":0,"14":2},"f":{"0":0,"1":0,"2":0},"b":{}}
,"C:\\Users\\gabri\\Projetos\\gaia-react\\src\\pages\\main\\Exchanges\\ExchangesPage.tsx": {"path":"C:\\Users\\gabri\\Projetos\\gaia-react\\src\\pages\\main\\Exchanges\\ExchangesPage.tsx","statementMap":{"0":{"start":{"line":1,"column":0},"end":{"line":1,"column":40}},"1":{"start":{"line":2,"column":0},"end":{"line":2,"column":156}},"2":{"start":{"line":3,"column":0},"end":{"line":3,"column":68}},"3":{"start":{"line":4,"column":0},"end":{"line":4,"column":59}},"4":{"start":{"line":5,"column":0},"end":{"line":5,"column":33}},"5":{"start":{"line":12,"column":39},"end":{"line":116,"column":1}},"6":{"start":{"line":13,"column":10},"end":{"line":13,"column":17}},"7":{"start":{"line":13,"column":19},"end":{"line":13,"column":24}},"8":{"start":{"line":14,"column":8},"end":{"line":14,"column":9}},"9":{"start":{"line":14,"column":9},"end":{"line":14,"column":19}},"10":{"start":{"line":14,"column":21},"end":{"line":14,"column":42}},"11":{"start":{"line":15,"column":18},"end":{"line":15,"column":29}},"12":{"start":{"line":17,"column":2},"end":{"line":115,"column":4}},"13":{"start":{"line":22,"column":47},"end":{"line":111,"column":12}},"14":{"start":{"line":43,"column":84},"end":{"line":47,"column":22}},"15":{"start":{"line":72,"column":84},"end":{"line":76,"column":22}},"16":{"start":{"line":101,"column":78},"end":{"line":105,"column":22}},"17":{"start":{"line":118,"column":0},"end":{"line":118,"column":29}}},"fnMap":{"0":{"name":"(anonymous_2)","decl":{"start":{"line":12,"column":39},"end":{"line":12,"column":40}},"loc":{"start":{"line":12,"column":45},"end":{"line":116,"column":1}}},"1":{"name":"(anonymous_3)","decl":{"start":{"line":22,"column":21},"end":{"line":22,"column":22}},"loc":{"start":{"line":22,"column":42},"end":{"line":22,"column":null}}},"2":{"name":"(anonymous_4)","decl":{"start":{"line":43,"column":50},"end":{"line":43,"column":51}},"loc":{"start":{"line":43,"column":79},"end":{"line":43,"column":null}}},"3":{"name":"(anonymous_5)","decl":{"start":{"line":72,"column":50},"end":{"line":72,"column":51}},"loc":{"start":{"line":72,"column":79},"end":{"line":72,"column":null}}},"4":{"name":"(anonymous_6)","decl":{"start":{"line":101,"column":44},"end":{"line":101,"column":45}},"loc":{"start":{"line":101,"column":73},"end":{"line":101,"column":null}}}},"branchMap":{"0":{"loc":{"start":{"line":20,"column":9},"end":{"line":20,"column":16}},"type":"binary-expr","locations":[{"start":{"line":20,"column":9},"end":{"line":20,"column":16}},{"start":{"line":20,"column":20},"end":{"line":20,"column":38}}]},"1":{"loc":{"start":{"line":37,"column":105},"end":{"line":37,"column":107}},"type":"cond-expr","locations":[{"start":{"line":37,"column":105},"end":{"line":37,"column":107}},{"start":{"line":37,"column":110},"end":{"line":37,"column":113}}]},"2":{"loc":{"start":{"line":66,"column":105},"end":{"line":66,"column":107}},"type":"cond-expr","locations":[{"start":{"line":66,"column":105},"end":{"line":66,"column":107}},{"start":{"line":66,"column":110},"end":{"line":66,"column":113}}]},"3":{"loc":{"start":{"line":95,"column":93},"end":{"line":95,"column":95}},"type":"cond-expr","locations":[{"start":{"line":95,"column":93},"end":{"line":95,"column":95}},{"start":{"line":95,"column":98},"end":{"line":95,"column":101}}]}},"s":{"0":2,"1":2,"2":2,"3":2,"4":2,"5":2,"6":0,"7":0,"8":0,"9":0,"10":0,"11":0,"12":0,"13":0,"14":0,"15":0,"16":0,"17":2},"f":{"0":0,"1":0,"2":0,"3":0,"4":0},"b":{"0":[0,0],"1":[0,0],"2":[0,0],"3":[0,0]}}
,"C:\\Users\\gabri\\Projetos\\gaia-react\\src\\pages\\main\\Exchanges\\actions.ts": {"path":"C:\\Users\\gabri\\Projetos\\gaia-react\\src\\pages\\main\\Exchanges\\actions.ts","statementMap":{"0":{"start":{"line":2,"column":0},"end":{"line":2,"column":28}},"1":{"start":{"line":3,"column":0},"end":{"line":3,"column":60}},"2":{"start":{"line":4,"column":0},"end":{"line":4,"column":62}},"3":{"start":{"line":5,"column":0},"end":{"line":5,"column":26}},"4":{"start":{"line":6,"column":0},"end":{"line":6,"column":56}},"5":{"start":{"line":7,"column":0},"end":{"line":7,"column":55}},"6":{"start":{"line":9,"column":13},"end":{"line":74,"column":null}},"7":{"start":{"line":9,"column":34},"end":{"line":74,"column":null}},"8":{"start":{"line":9,"column":59},"end":{"line":74,"column":null}},"9":{"start":{"line":10,"column":2},"end":{"line":10,"column":38}},"10":{"start":{"line":13,"column":12},"end":{"line":13,"column":22}},"11":{"start":{"line":14,"column":31},"end":{"line":18,"column":null}},"12":{"start":{"line":14,"column":18},"end":{"line":14,"column":31}},"13":{"start":{"line":20,"column":31},"end":{"line":28,"column":null}},"14":{"start":{"line":20,"column":20},"end":{"line":20,"column":31}},"15":{"start":{"line":30,"column":10},"end":{"line":58,"column":8}},"16":{"start":{"line":30,"column":46},"end":{"line":58,"column":7}},"17":{"start":{"line":34,"column":46},"end":{"line":34,"column":65}},"18":{"start":{"line":35,"column":48},"end":{"line":35,"column":67}},"19":{"start":{"line":36,"column":45},"end":{"line":40,"column":10}},"20":{"start":{"line":38,"column":27},"end":{"line":38,"column":null}},"21":{"start":{"line":40,"column":29},"end":{"line":40,"column":38}},"22":{"start":{"line":43,"column":46},"end":{"line":43,"column":65}},"23":{"start":{"line":44,"column":48},"end":{"line":44,"column":67}},"24":{"start":{"line":45,"column":45},"end":{"line":49,"column":10}},"25":{"start":{"line":47,"column":27},"end":{"line":47,"column":null}},"26":{"start":{"line":49,"column":29},"end":{"line":49,"column":38}},"27":{"start":{"line":54,"column":45},"end":{"line":56,"column":10}},"28":{"start":{"line":56,"column":29},"end":{"line":56,"column":38}},"29":{"start":{"line":60,"column":4},"end":{"line":60,"column":66}},"30":{"start":{"line":62,"column":4},"end":{"line":70,"column":7}},"31":{"start":{"line":72,"column":4},"end":{"line":72,"column":39}}},"fnMap":{"0":{"name":"(anonymous_14)","decl":{"start":{"line":9,"column":28},"end":{"line":9,"column":34}},"loc":{"start":{"line":9,"column":28},"end":{"line":9,"column":41}}},"1":{"name":"(anonymous_15)","decl":{"start":{"line":9,"column":34},"end":{"line":9,"column":41}},"loc":{"start":{"line":9,"column":59},"end":{"line":74,"column":null}}},"2":{"name":"(anonymous_16)","decl":{"start":{"line":9,"column":59},"end":{"line":9,"column":null}},"loc":{"start":{"line":9,"column":59},"end":{"line":74,"column":null}}},"3":{"name":"(anonymous_18)","decl":{"start":{"line":30,"column":31},"end":{"line":30,"column":32}},"loc":{"start":{"line":30,"column":41},"end":{"line":30,"column":47}}},"4":{"name":"(anonymous_19)","decl":{"start":{"line":34,"column":31},"end":{"line":34,"column":32}},"loc":{"start":{"line":34,"column":41},"end":{"line":34,"column":50}}},"5":{"name":"(anonymous_20)","decl":{"start":{"line":35,"column":33},"end":{"line":35,"column":34}},"loc":{"start":{"line":35,"column":43},"end":{"line":35,"column":52}}},"6":{"name":"(anonymous_21)","decl":{"start":{"line":36,"column":31},"end":{"line":36,"column":32}},"loc":{"start":{"line":36,"column":40},"end":{"line":36,"column":null}}},"7":{"name":"(anonymous_22)","decl":{"start":{"line":38,"column":12},"end":{"line":38,"column":13}},"loc":{"start":{"line":38,"column":22},"end":{"line":38,"column":31}}},"8":{"name":"(anonymous_23)","decl":{"start":{"line":40,"column":15},"end":{"line":40,"column":16}},"loc":{"start":{"line":40,"column":24},"end":{"line":40,"column":32}}},"9":{"name":"(anonymous_24)","decl":{"start":{"line":43,"column":31},"end":{"line":43,"column":32}},"loc":{"start":{"line":43,"column":41},"end":{"line":43,"column":50}}},"10":{"name":"(anonymous_25)","decl":{"start":{"line":44,"column":33},"end":{"line":44,"column":34}},"loc":{"start":{"line":44,"column":43},"end":{"line":44,"column":52}}},"11":{"name":"(anonymous_26)","decl":{"start":{"line":45,"column":31},"end":{"line":45,"column":32}},"loc":{"start":{"line":45,"column":40},"end":{"line":45,"column":null}}},"12":{"name":"(anonymous_27)","decl":{"start":{"line":47,"column":12},"end":{"line":47,"column":13}},"loc":{"start":{"line":47,"column":22},"end":{"line":47,"column":31}}},"13":{"name":"(anonymous_28)","decl":{"start":{"line":49,"column":15},"end":{"line":49,"column":16}},"loc":{"start":{"line":49,"column":24},"end":{"line":49,"column":32}}},"14":{"name":"(anonymous_29)","decl":{"start":{"line":54,"column":31},"end":{"line":54,"column":32}},"loc":{"start":{"line":54,"column":40},"end":{"line":54,"column":null}}},"15":{"name":"(anonymous_30)","decl":{"start":{"line":56,"column":15},"end":{"line":56,"column":16}},"loc":{"start":{"line":56,"column":24},"end":{"line":56,"column":32}}}},"branchMap":{"0":{"loc":{"start":{"line":37,"column":10},"end":{"line":37,"column":33}},"type":"binary-expr","locations":[{"start":{"line":37,"column":10},"end":{"line":37,"column":33}},{"start":{"line":37,"column":37},"end":{"line":39,"column":17}}]},"1":{"loc":{"start":{"line":46,"column":10},"end":{"line":46,"column":33}},"type":"binary-expr","locations":[{"start":{"line":46,"column":10},"end":{"line":46,"column":33}},{"start":{"line":46,"column":37},"end":{"line":48,"column":17}}]},"2":{"loc":{"start":{"line":55,"column":10},"end":{"line":55,"column":33}},"type":"binary-expr","locations":[{"start":{"line":55,"column":10},"end":{"line":55,"column":33}},{"start":{"line":55,"column":37},"end":{"line":55,"column":54}}]}},"s":{"0":2,"1":2,"2":2,"3":2,"4":2,"5":2,"6":2,"7":0,"8":0,"9":0,"10":0,"11":0,"12":0,"13":0,"14":0,"15":0,"16":0,"17":0,"18":0,"19":0,"20":0,"21":0,"22":0,"23":0,"24":0,"25":0,"26":0,"27":0,"28":0,"29":0,"30":0,"31":0},"f":{"0":0,"1":0,"2":0,"3":0,"4":0,"5":0,"6":0,"7":0,"8":0,"9":0,"10":0,"11":0,"12":0,"13":0,"14":0,"15":0},"b":{"0":[0,0],"1":[0,0],"2":[0,0]}}
,"C:\\Users\\gabri\\Projetos\\gaia-react\\src\\pages\\main\\Exchanges\\reducer.ts": {"path":"C:\\Users\\gabri\\Projetos\\gaia-react\\src\\pages\\main\\Exchanges\\reducer.ts","statementMap":{"0":{"start":{"line":1,"column":0},"end":{"line":1,"column":28}},"1":{"start":{"line":9,"column":38},"end":{"line":12,"column":null}},"2":{"start":{"line":14,"column":18},"end":{"line":25,"column":1}},"3":{"start":{"line":14,"column":19},"end":{"line":14,"column":42}},"4":{"start":{"line":15,"column":2},"end":{"line":24,"column":null}},"5":{"start":{"line":17,"column":6},"end":{"line":17,"column":41}},"6":{"start":{"line":19,"column":6},"end":{"line":19,"column":41}},"7":{"start":{"line":21,"column":6},"end":{"line":21,"column":42}},"8":{"start":{"line":23,"column":6},"end":{"line":23,"column":19}},"9":{"start":{"line":27,"column":0},"end":{"line":27,"column":25}}},"fnMap":{"0":{"name":"(anonymous_3)","decl":{"start":{"line":14,"column":18},"end":{"line":14,"column":19}},"loc":{"start":{"line":14,"column":56},"end":{"line":25,"column":1}}}},"branchMap":{"0":{"loc":{"start":{"line":14,"column":19},"end":{"line":14,"column":42}},"type":"if","locations":[{"start":{"line":14,"column":19},"end":{"line":14,"column":42}},{"start":{"line":14,"column":19},"end":{"line":14,"column":42}}]},"1":{"loc":{"start":{"line":16,"column":4},"end":{"line":17,"column":41}},"type":"switch","locations":[{"start":{"line":16,"column":4},"end":{"line":17,"column":41}},{"start":{"line":18,"column":4},"end":{"line":19,"column":41}},{"start":{"line":20,"column":4},"end":{"line":21,"column":42}},{"start":{"line":22,"column":4},"end":{"line":23,"column":19}}]}},"s":{"0":5,"1":5,"2":5,"3":80,"4":53,"5":0,"6":0,"7":0,"8":53,"9":5},"f":{"0":53},"b":{"0":[27,26],"1":[0,0,0,53]}}
,"C:\\Users\\gabri\\Projetos\\gaia-react\\src\\pages\\main\\Exchanges\\styles.ts": {"path":"C:\\Users\\gabri\\Projetos\\gaia-react\\src\\pages\\main\\Exchanges\\styles.ts","statementMap":{"0":{"start":{"line":1,"column":0},"end":{"line":1,"column":47}},"1":{"start":{"line":3,"column":18},"end":{"line":13,"column":2}},"2":{"start":{"line":15,"column":0},"end":{"line":15,"column":25}}},"fnMap":{},"branchMap":{},"s":{"0":2,"1":2,"2":2},"f":{},"b":{}}
,"C:\\Users\\gabri\\Projetos\\gaia-react\\src\\pages\\main\\Exchanges\\types.ts": {"path":"C:\\Users\\gabri\\Projetos\\gaia-react\\src\\pages\\main\\Exchanges\\types.ts","statementMap":{"0":{"start":{"line":1,"column":14},"end":{"line":5,"column":2}},"1":{"start":{"line":7,"column":0},"end":{"line":7,"column":21}}},"fnMap":{},"branchMap":{},"s":{"0":5,"1":5},"f":{},"b":{}}
,"C:\\Users\\gabri\\Projetos\\gaia-react\\src\\pages\\main\\Home\\HomeForm.tsx": {"path":"C:\\Users\\gabri\\Projetos\\gaia-react\\src\\pages\\main\\Home\\HomeForm.tsx","statementMap":{"0":{"start":{"line":1,"column":0},"end":{"line":1,"column":25}},"1":{"start":{"line":2,"column":0},"end":{"line":2,"column":68}},"2":{"start":{"line":3,"column":0},"end":{"line":3,"column":39}},"3":{"start":{"line":4,"column":0},"end":{"line":4,"column":40}},"4":{"start":{"line":5,"column":0},"end":{"line":5,"column":96}},"5":{"start":{"line":7,"column":0},"end":{"line":7,"column":38}},"6":{"start":{"line":9,"column":0},"end":{"line":9,"column":45}},"7":{"start":{"line":11,"column":20},"end":{"line":42,"column":1}},"8":{"start":{"line":13,"column":4},"end":{"line":13,"column":16}},"9":{"start":{"line":13,"column":18},"end":{"line":13,"column":26}},"10":{"start":{"line":13,"column":28},"end":{"line":13,"column":36}},"11":{"start":{"line":13,"column":38},"end":{"line":13,"column":44}},"12":{"start":{"line":13,"column":46},"end":{"line":13,"column":53}},"13":{"start":{"line":13,"column":55},"end":{"line":13,"column":60}},"14":{"start":{"line":13,"column":62},"end":{"line":13,"column":74}},"15":{"start":{"line":16,"column":2},"end":{"line":41,"column":4}},"16":{"start":{"line":27,"column":56},"end":{"line":35,"column":16}},"17":{"start":{"line":44,"column":24},"end":{"line":50,"column":1}},"18":{"start":{"line":45,"column":25},"end":{"line":45,"column":42}},"19":{"start":{"line":47,"column":2},"end":{"line":49,"column":5}},"20":{"start":{"line":52,"column":0},"end":{"line":52,"column":53}},"21":{"start":{"line":54,"column":0},"end":{"line":56,"column":13}},"22":{"start":{"line":58,"column":0},"end":{"line":58,"column":24}}},"fnMap":{"0":{"name":"(anonymous_1)","decl":{"start":{"line":11,"column":20},"end":{"line":11,"column":21}},"loc":{"start":{"line":11,"column":31},"end":{"line":42,"column":1}}},"1":{"name":"(anonymous_2)","decl":{"start":{"line":27,"column":25},"end":{"line":27,"column":26}},"loc":{"start":{"line":27,"column":51},"end":{"line":27,"column":null}}},"2":{"name":"(anonymous_3)","decl":{"start":{"line":44,"column":24},"end":{"line":44,"column":25}},"loc":{"start":{"line":44,"column":44},"end":{"line":50,"column":1}}}},"branchMap":{"0":{"loc":{"start":{"line":19,"column":8},"end":{"line":20,"column":null}},"type":"cond-expr","locations":[{"start":{"line":19,"column":8},"end":{"line":20,"column":null}},{"start":{"line":23,"column":10},"end":{"line":37,"column":null}}]},"1":{"loc":{"start":{"line":18,"column":7},"end":{"line":18,"column":14}},"type":"binary-expr","locations":[{"start":{"line":18,"column":7},"end":{"line":18,"column":14}},{"start":{"line":18,"column":18},"end":{"line":18,"column":31}}]},"2":{"loc":{"start":{"line":24,"column":13},"end":{"line":24,"column":20}},"type":"binary-expr","locations":[{"start":{"line":24,"column":13},"end":{"line":24,"column":20}},{"start":{"line":24,"column":24},"end":{"line":24,"column":60}}]}},"s":{"0":3,"1":3,"2":3,"3":3,"4":3,"5":3,"6":3,"7":3,"8":1,"9":1,"10":1,"11":1,"12":1,"13":1,"14":1,"15":1,"16":5,"17":3,"18":2,"19":2,"20":3,"21":3,"22":3},"f":{"0":1,"1":5,"2":2},"b":{"0":[0,1],"1":[1,0],"2":[1,0]}}
,"C:\\Users\\gabri\\Projetos\\gaia-react\\src\\pages\\main\\Home\\HomePage.tsx": {"path":"C:\\Users\\gabri\\Projetos\\gaia-react\\src\\pages\\main\\Home\\HomePage.tsx","statementMap":{"0":{"start":{"line":1,"column":0},"end":{"line":1,"column":55}},"1":{"start":{"line":3,"column":0},"end":{"line":3,"column":38}},"2":{"start":{"line":5,"column":0},"end":{"line":5,"column":42}},"3":{"start":{"line":6,"column":0},"end":{"line":6,"column":51}},"4":{"start":{"line":8,"column":0},"end":{"line":8,"column":34}},"5":{"start":{"line":9,"column":0},"end":{"line":9,"column":56}},"6":{"start":{"line":11,"column":0},"end":{"line":11,"column":20}},"7":{"start":{"line":20,"column":0},"end":{"line":20,"column":43}},"8":{"start":{"line":20,"column":23},"end":{"line":20,"column":36}},"9":{"start":{"line":23,"column":4},"end":{"line":23,"column":null}},"10":{"start":{"line":24,"column":4},"end":{"line":24,"column":32}},"11":{"start":{"line":26,"column":4},"end":{"line":26,"column":null}},"12":{"start":{"line":27,"column":4},"end":{"line":27,"column":45}},"13":{"start":{"line":30,"column":2},"end":{"line":32,"column":null}},"14":{"start":{"line":34,"column":2},"end":{"line":46,"column":null}},"15":{"start":{"line":36,"column":4},"end":{"line":45,"column":null}},"16":{"start":{"line":47,"column":0},"end":{"line":47,"column":null}},"17":{"start":{"line":49,"column":24},"end":{"line":52,"column":1}},"18":{"start":{"line":50,"column":10},"end":{"line":50,"column":21}},"19":{"start":{"line":51,"column":2},"end":{"line":51,"column":21}},"20":{"start":{"line":54,"column":27},"end":{"line":58,"column":2}},"21":{"start":{"line":61,"column":0},"end":{"line":61,"column":70}}},"fnMap":{"0":{"name":"(anonymous_10)","decl":{"start":{"line":20,"column":0},"end":{"line":20,"column":23}},"loc":{"start":{"line":20,"column":0},"end":{"line":47,"column":null}}},"1":{"name":"HomePage","decl":{"start":{"line":22,"column":2},"end":{"line":22,"column":14}},"loc":{"start":{"line":22,"column":26},"end":{"line":28,"column":3}}},"2":{"name":"(anonymous_12)","decl":{"start":{"line":30,"column":2},"end":{"line":30,"column":10}},"loc":{"start":{"line":30,"column":21},"end":{"line":32,"column":3}}},"3":{"name":"(anonymous_13)","decl":{"start":{"line":34,"column":2},"end":{"line":34,"column":8}},"loc":{"start":{"line":34,"column":2},"end":{"line":46,"column":3}}},"4":{"name":"(anonymous_14)","decl":{"start":{"line":49,"column":24},"end":{"line":49,"column":25}},"loc":{"start":{"line":49,"column":44},"end":{"line":52,"column":1}}}},"branchMap":{"0":{"loc":{"start":{"line":23,"column":4},"end":{"line":23,"column":16}},"type":"binary-expr","locations":[{"start":{"line":23,"column":4},"end":{"line":23,"column":16}},{"start":{"line":23,"column":16},"end":{"line":23,"column":null}}]}},"s":{"0":3,"1":3,"2":3,"3":3,"4":3,"5":3,"6":3,"7":3,"8":3,"9":3,"10":3,"11":3,"12":3,"13":3,"14":3,"15":3,"16":3,"17":3,"18":3,"19":3,"20":3,"21":3},"f":{"0":3,"1":3,"2":1,"3":3,"4":3},"b":{"0":[3,3]}}
,"C:\\Users\\gabri\\Projetos\\gaia-react\\src\\pages\\main\\Home\\homeActions.ts": {"path":"C:\\Users\\gabri\\Projetos\\gaia-react\\src\\pages\\main\\Home\\homeActions.ts","statementMap":{"0":{"start":{"line":1,"column":0},"end":{"line":1,"column":26}},"1":{"start":{"line":2,"column":0},"end":{"line":2,"column":54}},"2":{"start":{"line":4,"column":0},"end":{"line":4,"column":55}},"3":{"start":{"line":5,"column":0},"end":{"line":5,"column":62}},"4":{"start":{"line":7,"column":0},"end":{"line":7,"column":56}},"5":{"start":{"line":9,"column":13},"end":{"line":12,"column":3}},"6":{"start":{"line":9,"column":41},"end":{"line":12,"column":3}},"7":{"start":{"line":14,"column":13},"end":{"line":67,"column":null}},"8":{"start":{"line":14,"column":52},"end":{"line":67,"column":null}},"9":{"start":{"line":14,"column":85},"end":{"line":67,"column":null}},"10":{"start":{"line":16,"column":4},"end":{"line":16,"column":49}},"11":{"start":{"line":18,"column":21},"end":{"line":22,"column":null}},"12":{"start":{"line":18,"column":12},"end":{"line":18,"column":21}},"13":{"start":{"line":24,"column":10},"end":{"line":35,"column":8}},"14":{"start":{"line":24,"column":30},"end":{"line":24,"column":32}},"15":{"start":{"line":24,"column":34},"end":{"line":24,"column":38}},"16":{"start":{"line":24,"column":40},"end":{"line":24,"column":46}},"17":{"start":{"line":24,"column":58},"end":{"line":35,"column":7}},"18":{"start":{"line":27,"column":39},"end":{"line":27,"column":43}},"19":{"start":{"line":27,"column":55},"end":{"line":27,"column":69}},"20":{"start":{"line":28,"column":33},"end":{"line":28,"column":37}},"21":{"start":{"line":28,"column":49},"end":{"line":28,"column":63}},"22":{"start":{"line":29,"column":33},"end":{"line":29,"column":37}},"23":{"start":{"line":29,"column":49},"end":{"line":29,"column":63}},"24":{"start":{"line":30,"column":37},"end":{"line":30,"column":41}},"25":{"start":{"line":30,"column":53},"end":{"line":30,"column":67}},"26":{"start":{"line":31,"column":37},"end":{"line":31,"column":41}},"27":{"start":{"line":31,"column":53},"end":{"line":31,"column":67}},"28":{"start":{"line":32,"column":34},"end":{"line":32,"column":38}},"29":{"start":{"line":32,"column":50},"end":{"line":32,"column":64}},"30":{"start":{"line":33,"column":34},"end":{"line":33,"column":38}},"31":{"start":{"line":33,"column":50},"end":{"line":33,"column":64}},"32":{"start":{"line":34,"column":34},"end":{"line":34,"column":38}},"33":{"start":{"line":34,"column":50},"end":{"line":34,"column":64}},"34":{"start":{"line":37,"column":4},"end":{"line":45,"column":9}},"35":{"start":{"line":37,"column":52},"end":{"line":45,"column":6}},"36":{"start":{"line":38,"column":23},"end":{"line":42,"column":null}},"37":{"start":{"line":38,"column":14},"end":{"line":38,"column":23}},"38":{"start":{"line":43,"column":6},"end":{"line":43,"column":45}},"39":{"start":{"line":43,"column":16},"end":{"line":43,"column":45}},"40":{"start":{"line":44,"column":6},"end":{"line":44,"column":null}},"41":{"start":{"line":47,"column":4},"end":{"line":50,"column":7}},"42":{"start":{"line":54,"column":4},"end":{"line":62,"column":7}},"43":{"start":{"line":65,"column":4},"end":{"line":65,"column":50}},"44":{"start":{"line":69,"column":13},"end":{"line":102,"column":null}},"45":{"start":{"line":69,"column":43},"end":{"line":102,"column":null}},"46":{"start":{"line":69,"column":63},"end":{"line":102,"column":null}},"47":{"start":{"line":70,"column":2},"end":{"line":70,"column":47}},"48":{"start":{"line":72,"column":12},"end":{"line":72,"column":22}},"49":{"start":{"line":73,"column":4},"end":{"line":77,"column":7}},"50":{"start":{"line":78,"column":4},"end":{"line":86,"column":7}},"51":{"start":{"line":88,"column":4},"end":{"line":88,"column":null}},"52":{"start":{"line":89,"column":4},"end":{"line":89,"column":32}},"53":{"start":{"line":91,"column":4},"end":{"line":99,"column":7}},"54":{"start":{"line":100,"column":4},"end":{"line":100,"column":null}}},"fnMap":{"0":{"name":"(anonymous_15)","decl":{"start":{"line":9,"column":22},"end":{"line":9,"column":23}},"loc":{"start":{"line":9,"column":36},"end":{"line":9,"column":42}}},"1":{"name":"(anonymous_16)","decl":{"start":{"line":14,"column":26},"end":{"line":14,"column":27}},"loc":{"start":{"line":14,"column":47},"end":{"line":14,"column":59}}},"2":{"name":"(anonymous_17)","decl":{"start":{"line":14,"column":52},"end":{"line":14,"column":59}},"loc":{"start":{"line":14,"column":85},"end":{"line":67,"column":null}}},"3":{"name":"(anonymous_18)","decl":{"start":{"line":14,"column":85},"end":{"line":14,"column":null}},"loc":{"start":{"line":14,"column":85},"end":{"line":67,"column":null}}},"4":{"name":"(anonymous_20)","decl":{"start":{"line":24,"column":27},"end":{"line":24,"column":28}},"loc":{"start":{"line":24,"column":53},"end":{"line":24,"column":59}}},"5":{"name":"(anonymous_21)","decl":{"start":{"line":27,"column":36},"end":{"line":27,"column":37}},"loc":{"start":{"line":27,"column":50},"end":{"line":27,"column":59}}},"6":{"name":"(anonymous_22)","decl":{"start":{"line":28,"column":30},"end":{"line":28,"column":31}},"loc":{"start":{"line":28,"column":44},"end":{"line":28,"column":53}}},"7":{"name":"(anonymous_23)","decl":{"start":{"line":29,"column":30},"end":{"line":29,"column":31}},"loc":{"start":{"line":29,"column":44},"end":{"line":29,"column":53}}},"8":{"name":"(anonymous_24)","decl":{"start":{"line":30,"column":34},"end":{"line":30,"column":35}},"loc":{"start":{"line":30,"column":48},"end":{"line":30,"column":57}}},"9":{"name":"(anonymous_25)","decl":{"start":{"line":31,"column":34},"end":{"line":31,"column":35}},"loc":{"start":{"line":31,"column":48},"end":{"line":31,"column":57}}},"10":{"name":"(anonymous_26)","decl":{"start":{"line":32,"column":31},"end":{"line":32,"column":32}},"loc":{"start":{"line":32,"column":45},"end":{"line":32,"column":54}}},"11":{"name":"(anonymous_27)","decl":{"start":{"line":33,"column":31},"end":{"line":33,"column":32}},"loc":{"start":{"line":33,"column":45},"end":{"line":33,"column":54}}},"12":{"name":"(anonymous_28)","decl":{"start":{"line":34,"column":31},"end":{"line":34,"column":32}},"loc":{"start":{"line":34,"column":45},"end":{"line":34,"column":54}}},"13":{"name":"(anonymous_29)","decl":{"start":{"line":37,"column":36},"end":{"line":37,"column":43}},"loc":{"start":{"line":37,"column":52},"end":{"line":45,"column":6}}},"14":{"name":"(anonymous_30)","decl":{"start":{"line":37,"column":52},"end":{"line":37,"column":null}},"loc":{"start":{"line":37,"column":52},"end":{"line":45,"column":6}}},"15":{"name":"(anonymous_32)","decl":{"start":{"line":69,"column":28},"end":{"line":69,"column":29}},"loc":{"start":{"line":69,"column":38},"end":{"line":69,"column":50}}},"16":{"name":"(anonymous_33)","decl":{"start":{"line":69,"column":43},"end":{"line":69,"column":50}},"loc":{"start":{"line":69,"column":63},"end":{"line":102,"column":null}}},"17":{"name":"(anonymous_34)","decl":{"start":{"line":69,"column":63},"end":{"line":69,"column":null}},"loc":{"start":{"line":69,"column":63},"end":{"line":102,"column":null}}}},"branchMap":{"0":{"loc":{"start":{"line":27,"column":24},"end":{"line":27,"column":69}},"type":"binary-expr","locations":[{"start":{"line":27,"column":24},"end":{"line":27,"column":69}},{"start":{"line":27,"column":73},"end":{"line":27,"column":75}}]},"1":{"loc":{"start":{"line":28,"column":16},"end":{"line":28,"column":66}},"type":"binary-expr","locations":[{"start":{"line":28,"column":16},"end":{"line":28,"column":66}},{"start":{"line":28,"column":70},"end":{"line":28,"column":72}}]},"2":{"loc":{"start":{"line":29,"column":16},"end":{"line":29,"column":66}},"type":"binary-expr","locations":[{"start":{"line":29,"column":16},"end":{"line":29,"column":66}},{"start":{"line":29,"column":70},"end":{"line":29,"column":72}}]},"3":{"loc":{"start":{"line":30,"column":20},"end":{"line":30,"column":70}},"type":"binary-expr","locations":[{"start":{"line":30,"column":20},"end":{"line":30,"column":70}},{"start":{"line":30,"column":74},"end":{"line":30,"column":76}}]},"4":{"loc":{"start":{"line":31,"column":20},"end":{"line":31,"column":70}},"type":"binary-expr","locations":[{"start":{"line":31,"column":20},"end":{"line":31,"column":70}},{"start":{"line":31,"column":74},"end":{"line":31,"column":76}}]},"5":{"loc":{"start":{"line":32,"column":17},"end":{"line":32,"column":67}},"type":"binary-expr","locations":[{"start":{"line":32,"column":17},"end":{"line":32,"column":67}},{"start":{"line":32,"column":71},"end":{"line":32,"column":73}}]},"6":{"loc":{"start":{"line":33,"column":17},"end":{"line":33,"column":67}},"type":"binary-expr","locations":[{"start":{"line":33,"column":17},"end":{"line":33,"column":67}},{"start":{"line":33,"column":71},"end":{"line":33,"column":73}}]},"7":{"loc":{"start":{"line":34,"column":19},"end":{"line":34,"column":64}},"type":"binary-expr","locations":[{"start":{"line":34,"column":19},"end":{"line":34,"column":64}},{"start":{"line":34,"column":68},"end":{"line":34,"column":70}}]},"8":{"loc":{"start":{"line":38,"column":23},"end":{"line":42,"column":null}},"type":"switch","locations":[{"start":{"line":38,"column":23},"end":{"line":42,"column":null}}]},"9":{"loc":{"start":{"line":43,"column":6},"end":{"line":43,"column":45}},"type":"if","locations":[{"start":{"line":43,"column":6},"end":{"line":43,"column":45}},{"start":{"line":43,"column":6},"end":{"line":43,"column":45}}]}},"s":{"0":4,"1":4,"2":4,"3":4,"4":4,"5":4,"6":1,"7":4,"8":5,"9":5,"10":5,"11":5,"12":2,"13":2,"14":1,"15":1,"16":1,"17":1,"18":0,"19":0,"20":0,"21":0,"22":0,"23":0,"24":0,"25":0,"26":0,"27":0,"28":0,"29":0,"30":0,"31":0,"32":0,"33":0,"34":0,"35":0,"36":0,"37":0,"38":0,"39":0,"40":0,"41":0,"42":2,"43":2,"44":4,"45":0,"46":0,"47":0,"48":0,"49":0,"50":0,"51":0,"52":0,"53":0,"54":0},"f":{"0":1,"1":5,"2":5,"3":5,"4":1,"5":0,"6":0,"7":0,"8":0,"9":0,"10":0,"11":0,"12":0,"13":0,"14":0,"15":0,"16":0,"17":0},"b":{"0":[1,0],"1":[0,0],"2":[0,0],"3":[0,0],"4":[0,0],"5":[0,0],"6":[0,0],"7":[0,0],"8":[0],"9":[0,0]}}
,"C:\\Users\\gabri\\Projetos\\gaia-react\\src\\pages\\main\\Home\\homeActionsTypes.ts": {"path":"C:\\Users\\gabri\\Projetos\\gaia-react\\src\\pages\\main\\Home\\homeActionsTypes.ts","statementMap":{"0":{"start":{"line":1,"column":13},"end":{"line":8,"column":null}}},"fnMap":{},"branchMap":{},"s":{"0":7},"f":{},"b":{}}
,"C:\\Users\\gabri\\Projetos\\gaia-react\\src\\pages\\main\\Home\\homeFormTab.tsx": {"path":"C:\\Users\\gabri\\Projetos\\gaia-react\\src\\pages\\main\\Home\\homeFormTab.tsx","statementMap":{"0":{"start":{"line":1,"column":0},"end":{"line":1,"column":39}},"1":{"start":{"line":2,"column":0},"end":{"line":2,"column":79}},"2":{"start":{"line":11,"column":20},"end":{"line":105,"column":1}},"3":{"start":{"line":12,"column":10},"end":{"line":12,"column":17}},"4":{"start":{"line":12,"column":19},"end":{"line":12,"column":23}},"5":{"start":{"line":12,"column":25},"end":{"line":12,"column":37}},"6":{"start":{"line":13,"column":8},"end":{"line":13,"column":9}},"7":{"start":{"line":13,"column":9},"end":{"line":13,"column":14}},"8":{"start":{"line":13,"column":16},"end":{"line":13,"column":77}},"9":{"start":{"line":15,"column":23},"end":{"line":21,"column":3}},"10":{"start":{"line":15,"column":26},"end":{"line":15,"column":32}},"11":{"start":{"line":16,"column":4},"end":{"line":16,"column":27}},"12":{"start":{"line":17,"column":4},"end":{"line":20,"column":7}},"13":{"start":{"line":23,"column":22},"end":{"line":29,"column":3}},"14":{"start":{"line":24,"column":4},"end":{"line":24,"column":55}},"15":{"start":{"line":25,"column":4},"end":{"line":28,"column":null}},"16":{"start":{"line":31,"column":2},"end":{"line":104,"column":4}},"17":{"start":{"line":107,"column":0},"end":{"line":107,"column":27}}},"fnMap":{"0":{"name":"(anonymous_1)","decl":{"start":{"line":11,"column":20},"end":{"line":11,"column":21}},"loc":{"start":{"line":11,"column":33},"end":{"line":105,"column":1}}},"1":{"name":"(anonymous_2)","decl":{"start":{"line":15,"column":23},"end":{"line":15,"column":24}},"loc":{"start":{"line":15,"column":39},"end":{"line":21,"column":3}}},"2":{"name":"(anonymous_3)","decl":{"start":{"line":23,"column":22},"end":{"line":23,"column":null}},"loc":{"start":{"line":23,"column":22},"end":{"line":29,"column":3}}}},"branchMap":{"0":{"loc":{"start":{"line":13,"column":8},"end":{"line":13,"column":9}},"type":"binary-expr","locations":[{"start":{"line":13,"column":8},"end":{"line":13,"column":9}},{"start":{"line":13,"column":8},"end":{"line":13,"column":9}}]},"1":{"loc":{"start":{"line":24,"column":27},"end":{"line":24,"column":28}},"type":"cond-expr","locations":[{"start":{"line":24,"column":27},"end":{"line":24,"column":28}},{"start":{"line":24,"column":31},"end":{"line":24,"column":53}}]},"2":{"loc":{"start":{"line":27,"column":28},"end":{"line":27,"column":29}},"type":"cond-expr","locations":[{"start":{"line":27,"column":28},"end":{"line":27,"column":29}},{"start":{"line":27,"column":32},"end":{"line":27,"column":54}}]},"3":{"loc":{"start":{"line":46,"column":67},"end":{"line":46,"column":73}},"type":"cond-expr","locations":[{"start":{"line":46,"column":67},"end":{"line":46,"column":73}},{"start":{"line":46,"column":76},"end":{"line":46,"column":84}}]},"4":{"loc":{"start":{"line":52,"column":59},"end":{"line":52,"column":65}},"type":"cond-expr","locations":[{"start":{"line":52,"column":59},"end":{"line":52,"column":65}},{"start":{"line":52,"column":68},"end":{"line":52,"column":76}}]},"5":{"loc":{"start":{"line":58,"column":59},"end":{"line":58,"column":65}},"type":"cond-expr","locations":[{"start":{"line":58,"column":59},"end":{"line":58,"column":65}},{"start":{"line":58,"column":68},"end":{"line":58,"column":76}}]}},"s":{"0":3,"1":3,"2":3,"3":2,"4":2,"5":2,"6":2,"7":2,"8":2,"9":2,"10":0,"11":0,"12":0,"13":2,"14":0,"15":0,"16":2,"17":3},"f":{"0":2,"1":0,"2":0},"b":{"0":[2,2],"1":[0,0],"2":[0,0],"3":[2,0],"4":[2,0],"5":[2,0]}}
,"C:\\Users\\gabri\\Projetos\\gaia-react\\src\\pages\\main\\Home\\homeReducer.ts": {"path":"C:\\Users\\gabri\\Projetos\\gaia-react\\src\\pages\\main\\Home\\homeReducer.ts","statementMap":{"0":{"start":{"line":1,"column":0},"end":{"line":1,"column":54}},"1":{"start":{"line":12,"column":33},"end":{"line":15,"column":null}},"2":{"start":{"line":17,"column":20},"end":{"line":37,"column":1}},"3":{"start":{"line":17,"column":21},"end":{"line":17,"column":44}},"4":{"start":{"line":18,"column":4},"end":{"line":36,"column":null}},"5":{"start":{"line":20,"column":12},"end":{"line":20,"column":48}},"6":{"start":{"line":23,"column":12},"end":{"line":23,"column":52}},"7":{"start":{"line":26,"column":12},"end":{"line":26,"column":64}},"8":{"start":{"line":29,"column":12},"end":{"line":29,"column":47}},"9":{"start":{"line":32,"column":12},"end":{"line":32,"column":56}},"10":{"start":{"line":35,"column":12},"end":{"line":35,"column":25}},"11":{"start":{"line":39,"column":0},"end":{"line":39,"column":27}}},"fnMap":{"0":{"name":"(anonymous_2)","decl":{"start":{"line":17,"column":20},"end":{"line":17,"column":21}},"loc":{"start":{"line":17,"column":58},"end":{"line":37,"column":1}}}},"branchMap":{"0":{"loc":{"start":{"line":17,"column":21},"end":{"line":17,"column":44}},"type":"if","locations":[{"start":{"line":17,"column":21},"end":{"line":17,"column":44}},{"start":{"line":17,"column":21},"end":{"line":17,"column":44}}]},"1":{"loc":{"start":{"line":19,"column":8},"end":{"line":20,"column":48}},"type":"switch","locations":[{"start":{"line":19,"column":8},"end":{"line":20,"column":48}},{"start":{"line":22,"column":8},"end":{"line":23,"column":52}},{"start":{"line":25,"column":8},"end":{"line":26,"column":64}},{"start":{"line":28,"column":8},"end":{"line":29,"column":47}},{"start":{"line":31,"column":8},"end":{"line":32,"column":56}},{"start":{"line":34,"column":8},"end":{"line":35,"column":25}}]}},"s":{"0":6,"1":6,"2":6,"3":90,"4":58,"5":1,"6":1,"7":1,"8":4,"9":1,"10":50,"11":6},"f":{"0":58},"b":{"0":[32,26],"1":[1,1,1,4,1,50]}}
,"C:\\Users\\gabri\\Projetos\\gaia-react\\src\\pages\\main\\Menus\\reducer.ts": {"path":"C:\\Users\\gabri\\Projetos\\gaia-react\\src\\pages\\main\\Menus\\reducer.ts","statementMap":{"0":{"start":{"line":1,"column":0},"end":{"line":1,"column":40}},"1":{"start":{"line":2,"column":0},"end":{"line":2,"column":53}},"2":{"start":{"line":8,"column":13},"end":{"line":10,"column":2}},"3":{"start":{"line":12,"column":0},"end":{"line":12,"column":20}}},"fnMap":{},"branchMap":{},"s":{"0":5,"1":5,"2":5,"3":5},"f":{},"b":{}}
,"C:\\Users\\gabri\\Projetos\\gaia-react\\src\\pages\\main\\Menus\\Form\\MenuForm.tsx": {"path":"C:\\Users\\gabri\\Projetos\\gaia-react\\src\\pages\\main\\Menus\\Form\\MenuForm.tsx","statementMap":{"0":{"start":{"line":1,"column":0},"end":{"line":1,"column":56}},"1":{"start":{"line":2,"column":0},"end":{"line":2,"column":null}},"2":{"start":{"line":12,"column":34},"end":{"line":164,"column":1}},"3":{"start":{"line":13,"column":2},"end":{"line":13,"column":6}},"4":{"start":{"line":14,"column":2},"end":{"line":14,"column":10}},"5":{"start":{"line":15,"column":2},"end":{"line":15,"column":9}},"6":{"start":{"line":17,"column":8},"end":{"line":17,"column":9}},"7":{"start":{"line":17,"column":9},"end":{"line":17,"column":13}},"8":{"start":{"line":17,"column":15},"end":{"line":17,"column":47}},"9":{"start":{"line":19,"column":23},"end":{"line":31,"column":3}},"10":{"start":{"line":20,"column":4},"end":{"line":20,"column":23}},"11":{"start":{"line":21,"column":19},"end":{"line":26,"column":9}},"12":{"start":{"line":22,"column":21},"end":{"line":22,"column":51}},"13":{"start":{"line":23,"column":18},"end":{"line":26,"column":9}},"14":{"start":{"line":27,"column":4},"end":{"line":30,"column":null}},"15":{"start":{"line":33,"column":23},"end":{"line":38,"column":3}},"16":{"start":{"line":33,"column":26},"end":{"line":33,"column":32}},"17":{"start":{"line":34,"column":4},"end":{"line":37,"column":null}},"18":{"start":{"line":40,"column":2},"end":{"line":163,"column":4}},"19":{"start":{"line":166,"column":0},"end":{"line":166,"column":24}}},"fnMap":{"0":{"name":"(anonymous_3)","decl":{"start":{"line":12,"column":34},"end":{"line":12,"column":35}},"loc":{"start":{"line":16,"column":1},"end":{"line":164,"column":1}}},"1":{"name":"(anonymous_4)","decl":{"start":{"line":19,"column":23},"end":{"line":19,"column":24}},"loc":{"start":{"line":19,"column":41},"end":{"line":31,"column":3}}},"2":{"name":"(anonymous_5)","decl":{"start":{"line":22,"column":14},"end":{"line":22,"column":17}},"loc":{"start":{"line":22,"column":17},"end":{"line":22,"column":22}}},"3":{"name":"(anonymous_6)","decl":{"start":{"line":23,"column":11},"end":{"line":23,"column":14}},"loc":{"start":{"line":23,"column":14},"end":{"line":23,"column":19}}},"4":{"name":"(anonymous_7)","decl":{"start":{"line":33,"column":23},"end":{"line":33,"column":24}},"loc":{"start":{"line":33,"column":39},"end":{"line":38,"column":3}}}},"branchMap":{"0":{"loc":{"start":{"line":154,"column":16},"end":{"line":154,"column":46}},"type":"cond-expr","locations":[{"start":{"line":154,"column":16},"end":{"line":154,"column":46}},{"start":{"line":156,"column":16},"end":{"line":156,"column":24}}]}},"s":{"0":2,"1":2,"2":2,"3":0,"4":0,"5":0,"6":0,"7":0,"8":0,"9":0,"10":0,"11":0,"12":0,"13":0,"14":0,"15":0,"16":0,"17":0,"18":0,"19":2},"f":{"0":0,"1":0,"2":0,"3":0,"4":0},"b":{"0":[0,0]}}
,"C:\\Users\\gabri\\Projetos\\gaia-react\\src\\pages\\main\\Menus\\Form\\MenusFormContainer.tsx": {"path":"C:\\Users\\gabri\\Projetos\\gaia-react\\src\\pages\\main\\Menus\\Form\\MenusFormContainer.tsx","statementMap":{"0":{"start":{"line":1,"column":0},"end":{"line":1,"column":41}},"1":{"start":{"line":2,"column":0},"end":{"line":2,"column":38}},"2":{"start":{"line":3,"column":0},"end":{"line":3,"column":44}},"3":{"start":{"line":5,"column":0},"end":{"line":5,"column":45}},"4":{"start":{"line":7,"column":0},"end":{"line":7,"column":37}},"5":{"start":{"line":18,"column":27},"end":{"line":42,"column":1}},"6":{"start":{"line":20,"column":4},"end":{"line":20,"column":12}},"7":{"start":{"line":21,"column":4},"end":{"line":21,"column":12}},"8":{"start":{"line":22,"column":4},"end":{"line":22,"column":13}},"9":{"start":{"line":23,"column":4},"end":{"line":23,"column":9}},"10":{"start":{"line":24,"column":4},"end":{"line":24,"column":12}},"11":{"start":{"line":25,"column":4},"end":{"line":25,"column":11}},"12":{"start":{"line":28,"column":2},"end":{"line":32,"column":38}},"13":{"start":{"line":29,"column":4},"end":{"line":29,"column":26}},"14":{"start":{"line":30,"column":4},"end":{"line":30,"column":15}},"15":{"start":{"line":31,"column":4},"end":{"line":31,"column":16}},"16":{"start":{"line":35,"column":2},"end":{"line":41,"column":4}},"17":{"start":{"line":44,"column":24},"end":{"line":47,"column":1}},"18":{"start":{"line":45,"column":18},"end":{"line":45,"column":22}},"19":{"start":{"line":46,"column":2},"end":{"line":46,"column":null}},"20":{"start":{"line":49,"column":24},"end":{"line":51,"column":null}},"21":{"start":{"line":54,"column":0},"end":{"line":54,"column":80}}},"fnMap":{"0":{"name":"(anonymous_4)","decl":{"start":{"line":18,"column":27},"end":{"line":18,"column":28}},"loc":{"start":{"line":18,"column":40},"end":{"line":42,"column":1}}},"1":{"name":"(anonymous_5)","decl":{"start":{"line":28,"column":12},"end":{"line":28,"column":null}},"loc":{"start":{"line":28,"column":12},"end":{"line":32,"column":3}}},"2":{"name":"(anonymous_6)","decl":{"start":{"line":44,"column":24},"end":{"line":44,"column":25}},"loc":{"start":{"line":44,"column":44},"end":{"line":47,"column":1}}}},"branchMap":{},"s":{"0":2,"1":2,"2":2,"3":2,"4":2,"5":2,"6":0,"7":0,"8":0,"9":0,"10":0,"11":0,"12":0,"13":0,"14":0,"15":0,"16":0,"17":2,"18":0,"19":0,"20":2,"21":2},"f":{"0":0,"1":0,"2":0},"b":{}}
,"C:\\Users\\gabri\\Projetos\\gaia-react\\src\\pages\\main\\Menus\\Form\\MenusFormPage.tsx": {"path":"C:\\Users\\gabri\\Projetos\\gaia-react\\src\\pages\\main\\Menus\\Form\\MenusFormPage.tsx","statementMap":{"0":{"start":{"line":1,"column":0},"end":{"line":1,"column":44}},"1":{"start":{"line":2,"column":0},"end":{"line":2,"column":null}},"2":{"start":{"line":7,"column":0},"end":{"line":7,"column":71}},"3":{"start":{"line":8,"column":0},"end":{"line":8,"column":34}},"4":{"start":{"line":16,"column":33},"end":{"line":35,"column":1}},"5":{"start":{"line":18,"column":4},"end":{"line":18,"column":9}},"6":{"start":{"line":18,"column":11},"end":{"line":18,"column":19}},"7":{"start":{"line":18,"column":21},"end":{"line":18,"column":28}},"8":{"start":{"line":21,"column":8},"end":{"line":21,"column":9}},"9":{"start":{"line":21,"column":9},"end":{"line":21,"column":19}},"10":{"start":{"line":21,"column":21},"end":{"line":21,"column":42}},"11":{"start":{"line":23,"column":2},"end":{"line":34,"column":4}},"12":{"start":{"line":28,"column":36},"end":{"line":30,"column":12}},"13":{"start":{"line":37,"column":0},"end":{"line":37,"column":29}}},"fnMap":{"0":{"name":"(anonymous_2)","decl":{"start":{"line":16,"column":33},"end":{"line":16,"column":34}},"loc":{"start":{"line":16,"column":44},"end":{"line":35,"column":1}}},"1":{"name":"(anonymous_3)","decl":{"start":{"line":28,"column":21},"end":{"line":28,"column":22}},"loc":{"start":{"line":28,"column":31},"end":{"line":28,"column":null}}}},"branchMap":{"0":{"loc":{"start":{"line":26,"column":9},"end":{"line":26,"column":16}},"type":"binary-expr","locations":[{"start":{"line":26,"column":9},"end":{"line":26,"column":16}},{"start":{"line":26,"column":20},"end":{"line":26,"column":38}}]}},"s":{"0":2,"1":2,"2":2,"3":2,"4":2,"5":0,"6":0,"7":0,"8":0,"9":0,"10":0,"11":0,"12":0,"13":2},"f":{"0":0,"1":0},"b":{"0":[0,0]}}
,"C:\\Users\\gabri\\Projetos\\gaia-react\\src\\pages\\main\\Menus\\Form\\actions.ts": {"path":"C:\\Users\\gabri\\Projetos\\gaia-react\\src\\pages\\main\\Menus\\Form\\actions.ts","statementMap":{"0":{"start":{"line":2,"column":0},"end":{"line":2,"column":28}},"1":{"start":{"line":3,"column":0},"end":{"line":3,"column":26}},"2":{"start":{"line":4,"column":0},"end":{"line":4,"column":58}},"3":{"start":{"line":5,"column":0},"end":{"line":5,"column":59}},"4":{"start":{"line":6,"column":0},"end":{"line":6,"column":63}},"5":{"start":{"line":7,"column":0},"end":{"line":7,"column":65}},"6":{"start":{"line":9,"column":13},"end":{"line":51,"column":null}},"7":{"start":{"line":9,"column":30},"end":{"line":51,"column":null}},"8":{"start":{"line":9,"column":55},"end":{"line":51,"column":null}},"9":{"start":{"line":10,"column":2},"end":{"line":10,"column":37}},"10":{"start":{"line":12,"column":12},"end":{"line":12,"column":22}},"11":{"start":{"line":13,"column":21},"end":{"line":17,"column":null}},"12":{"start":{"line":13,"column":12},"end":{"line":13,"column":21}},"13":{"start":{"line":19,"column":10},"end":{"line":30,"column":8}},"14":{"start":{"line":19,"column":30},"end":{"line":19,"column":32}},"15":{"start":{"line":19,"column":34},"end":{"line":19,"column":38}},"16":{"start":{"line":19,"column":40},"end":{"line":19,"column":46}},"17":{"start":{"line":19,"column":58},"end":{"line":30,"column":7}},"18":{"start":{"line":22,"column":42},"end":{"line":22,"column":46}},"19":{"start":{"line":22,"column":58},"end":{"line":22,"column":72}},"20":{"start":{"line":23,"column":36},"end":{"line":23,"column":40}},"21":{"start":{"line":23,"column":52},"end":{"line":23,"column":66}},"22":{"start":{"line":24,"column":36},"end":{"line":24,"column":40}},"23":{"start":{"line":24,"column":52},"end":{"line":24,"column":66}},"24":{"start":{"line":25,"column":40},"end":{"line":25,"column":44}},"25":{"start":{"line":25,"column":56},"end":{"line":25,"column":70}},"26":{"start":{"line":26,"column":40},"end":{"line":26,"column":44}},"27":{"start":{"line":26,"column":56},"end":{"line":26,"column":70}},"28":{"start":{"line":27,"column":37},"end":{"line":27,"column":41}},"29":{"start":{"line":27,"column":53},"end":{"line":27,"column":67}},"30":{"start":{"line":28,"column":37},"end":{"line":28,"column":41}},"31":{"start":{"line":28,"column":53},"end":{"line":28,"column":67}},"32":{"start":{"line":29,"column":37},"end":{"line":29,"column":41}},"33":{"start":{"line":29,"column":53},"end":{"line":29,"column":67}},"34":{"start":{"line":32,"column":4},"end":{"line":37,"column":7}},"35":{"start":{"line":39,"column":4},"end":{"line":47,"column":7}},"36":{"start":{"line":49,"column":4},"end":{"line":49,"column":null}},"37":{"start":{"line":53,"column":13},"end":{"line":85,"column":null}},"38":{"start":{"line":53,"column":31},"end":{"line":85,"column":null}},"39":{"start":{"line":53,"column":56},"end":{"line":85,"column":null}},"40":{"start":{"line":54,"column":2},"end":{"line":54,"column":39}},"41":{"start":{"line":56,"column":12},"end":{"line":56,"column":22}},"42":{"start":{"line":57,"column":31},"end":{"line":65,"column":null}},"43":{"start":{"line":57,"column":20},"end":{"line":57,"column":31}},"44":{"start":{"line":66,"column":4},"end":{"line":71,"column":7}},"45":{"start":{"line":73,"column":4},"end":{"line":81,"column":7}},"46":{"start":{"line":83,"column":4},"end":{"line":83,"column":39}},"47":{"start":{"line":87,"column":13},"end":{"line":111,"column":null}},"48":{"start":{"line":87,"column":39},"end":{"line":111,"column":null}},"49":{"start":{"line":87,"column":59},"end":{"line":111,"column":null}},"50":{"start":{"line":88,"column":2},"end":{"line":88,"column":40}},"51":{"start":{"line":90,"column":12},"end":{"line":90,"column":22}},"52":{"start":{"line":91,"column":4},"end":{"line":95,"column":7}},"53":{"start":{"line":96,"column":4},"end":{"line":96,"column":null}},"54":{"start":{"line":97,"column":4},"end":{"line":97,"column":25}},"55":{"start":{"line":99,"column":4},"end":{"line":107,"column":7}},"56":{"start":{"line":109,"column":4},"end":{"line":109,"column":null}}},"fnMap":{"0":{"name":"(anonymous_14)","decl":{"start":{"line":9,"column":24},"end":{"line":9,"column":30}},"loc":{"start":{"line":9,"column":24},"end":{"line":9,"column":37}}},"1":{"name":"(anonymous_15)","decl":{"start":{"line":9,"column":30},"end":{"line":9,"column":37}},"loc":{"start":{"line":9,"column":55},"end":{"line":51,"column":null}}},"2":{"name":"(anonymous_16)","decl":{"start":{"line":9,"column":55},"end":{"line":9,"column":null}},"loc":{"start":{"line":9,"column":55},"end":{"line":51,"column":null}}},"3":{"name":"(anonymous_18)","decl":{"start":{"line":19,"column":27},"end":{"line":19,"column":28}},"loc":{"start":{"line":19,"column":53},"end":{"line":19,"column":59}}},"4":{"name":"(anonymous_19)","decl":{"start":{"line":22,"column":39},"end":{"line":22,"column":40}},"loc":{"start":{"line":22,"column":53},"end":{"line":22,"column":62}}},"5":{"name":"(anonymous_20)","decl":{"start":{"line":23,"column":33},"end":{"line":23,"column":34}},"loc":{"start":{"line":23,"column":47},"end":{"line":23,"column":56}}},"6":{"name":"(anonymous_21)","decl":{"start":{"line":24,"column":33},"end":{"line":24,"column":34}},"loc":{"start":{"line":24,"column":47},"end":{"line":24,"column":56}}},"7":{"name":"(anonymous_22)","decl":{"start":{"line":25,"column":37},"end":{"line":25,"column":38}},"loc":{"start":{"line":25,"column":51},"end":{"line":25,"column":60}}},"8":{"name":"(anonymous_23)","decl":{"start":{"line":26,"column":37},"end":{"line":26,"column":38}},"loc":{"start":{"line":26,"column":51},"end":{"line":26,"column":60}}},"9":{"name":"(anonymous_24)","decl":{"start":{"line":27,"column":34},"end":{"line":27,"column":35}},"loc":{"start":{"line":27,"column":48},"end":{"line":27,"column":57}}},"10":{"name":"(anonymous_25)","decl":{"start":{"line":28,"column":34},"end":{"line":28,"column":35}},"loc":{"start":{"line":28,"column":48},"end":{"line":28,"column":57}}},"11":{"name":"(anonymous_26)","decl":{"start":{"line":29,"column":34},"end":{"line":29,"column":35}},"loc":{"start":{"line":29,"column":48},"end":{"line":29,"column":57}}},"12":{"name":"(anonymous_27)","decl":{"start":{"line":53,"column":25},"end":{"line":53,"column":31}},"loc":{"start":{"line":53,"column":25},"end":{"line":53,"column":38}}},"13":{"name":"(anonymous_28)","decl":{"start":{"line":53,"column":31},"end":{"line":53,"column":38}},"loc":{"start":{"line":53,"column":56},"end":{"line":85,"column":null}}},"14":{"name":"(anonymous_29)","decl":{"start":{"line":53,"column":56},"end":{"line":53,"column":null}},"loc":{"start":{"line":53,"column":56},"end":{"line":85,"column":null}}},"15":{"name":"(anonymous_31)","decl":{"start":{"line":87,"column":24},"end":{"line":87,"column":25}},"loc":{"start":{"line":87,"column":34},"end":{"line":87,"column":46}}},"16":{"name":"(anonymous_32)","decl":{"start":{"line":87,"column":39},"end":{"line":87,"column":46}},"loc":{"start":{"line":87,"column":59},"end":{"line":111,"column":null}}},"17":{"name":"(anonymous_33)","decl":{"start":{"line":87,"column":59},"end":{"line":87,"column":null}},"loc":{"start":{"line":87,"column":59},"end":{"line":111,"column":null}}}},"branchMap":{"0":{"loc":{"start":{"line":22,"column":26},"end":{"line":22,"column":84}},"type":"binary-expr","locations":[{"start":{"line":22,"column":26},"end":{"line":22,"column":84}},{"start":{"line":22,"column":88},"end":{"line":22,"column":90}}]},"1":{"loc":{"start":{"line":22,"column":27},"end":{"line":22,"column":72}},"type":"binary-expr","locations":[{"start":{"line":22,"column":27},"end":{"line":22,"column":72}},{"start":{"line":22,"column":76},"end":{"line":22,"column":78}}]},"2":{"loc":{"start":{"line":23,"column":18},"end":{"line":23,"column":81}},"type":"binary-expr","locations":[{"start":{"line":23,"column":18},"end":{"line":23,"column":81}},{"start":{"line":23,"column":85},"end":{"line":23,"column":87}}]},"3":{"loc":{"start":{"line":23,"column":19},"end":{"line":23,"column":69}},"type":"binary-expr","locations":[{"start":{"line":23,"column":19},"end":{"line":23,"column":69}},{"start":{"line":23,"column":73},"end":{"line":23,"column":75}}]},"4":{"loc":{"start":{"line":24,"column":18},"end":{"line":24,"column":81}},"type":"binary-expr","locations":[{"start":{"line":24,"column":18},"end":{"line":24,"column":81}},{"start":{"line":24,"column":85},"end":{"line":24,"column":87}}]},"5":{"loc":{"start":{"line":24,"column":19},"end":{"line":24,"column":69}},"type":"binary-expr","locations":[{"start":{"line":24,"column":19},"end":{"line":24,"column":69}},{"start":{"line":24,"column":73},"end":{"line":24,"column":75}}]},"6":{"loc":{"start":{"line":25,"column":22},"end":{"line":25,"column":85}},"type":"binary-expr","locations":[{"start":{"line":25,"column":22},"end":{"line":25,"column":85}},{"start":{"line":25,"column":89},"end":{"line":25,"column":91}}]},"7":{"loc":{"start":{"line":25,"column":23},"end":{"line":25,"column":73}},"type":"binary-expr","locations":[{"start":{"line":25,"column":23},"end":{"line":25,"column":73}},{"start":{"line":25,"column":77},"end":{"line":25,"column":79}}]},"8":{"loc":{"start":{"line":26,"column":22},"end":{"line":26,"column":85}},"type":"binary-expr","locations":[{"start":{"line":26,"column":22},"end":{"line":26,"column":85}},{"start":{"line":26,"column":89},"end":{"l
[...]
ne":42,"column":19}},"23":{"start":{"line":45,"column":21},"end":{"line":47,"column":3}},"24":{"start":{"line":46,"column":4},"end":{"line":46,"column":18}},"25":{"start":{"line":49,"column":28},"end":{"line":52,"column":3}},"26":{"start":{"line":50,"column":4},"end":{"line":50,"column":18}},"27":{"start":{"line":51,"column":4},"end":{"line":51,"column":34}},"28":{"start":{"line":54,"column":2},"end":{"line":110,"column":4}},"29":{"start":{"line":113,"column":0},"end":{"line":113,"column":23}}},"fnMap":{"0":{"name":"(anonymous_2)","decl":{"start":{"line":29,"column":27},"end":{"line":29,"column":28}},"loc":{"start":{"line":29,"column":40},"end":{"line":111,"column":1}}},"1":{"name":"(anonymous_3)","decl":{"start":{"line":32,"column":10},"end":{"line":32,"column":14}},"loc":{"start":{"line":32,"column":10},"end":{"line":32,"column":14}}},"2":{"name":"(anonymous_4)","decl":{"start":{"line":36,"column":17},"end":{"line":36,"column":null}},"loc":{"start":{"line":36,"column":17},"end":{"line":39,"column":3}}},"3":{"name":"(anonymous_5)","decl":{"start":{"line":41,"column":22},"end":{"line":41,"column":null}},"loc":{"start":{"line":41,"column":22},"end":{"line":43,"column":3}}},"4":{"name":"(anonymous_6)","decl":{"start":{"line":45,"column":21},"end":{"line":45,"column":null}},"loc":{"start":{"line":45,"column":21},"end":{"line":47,"column":3}}},"5":{"name":"(anonymous_7)","decl":{"start":{"line":49,"column":28},"end":{"line":49,"column":null}},"loc":{"start":{"line":49,"column":28},"end":{"line":52,"column":3}}}},"branchMap":{"0":{"loc":{"start":{"line":77,"column":11},"end":{"line":77,"column":15}},"type":"binary-expr","locations":[{"start":{"line":77,"column":11},"end":{"line":77,"column":15}},{"start":{"line":77,"column":19},"end":{"line":77,"column":28}}]}},"s":{"0":2,"1":2,"2":2,"3":2,"4":2,"5":2,"6":2,"7":2,"8":2,"9":1,"10":1,"11":1,"12":1,"13":4,"14":1,"15":1,"16":1,"17":1,"18":1,"19":0,"20":0,"21":1,"22":0,"23":1,"24":0,"25":1,"26":0,"27":0,"28":1,"29":2},"f":{"0":1,"1":3,"2":0,"3":0,"4":0,"5":0},"b":{"0":[1,1]}}
,"C:\\Users\\gabri\\Projetos\\gaia-react\\src\\pages\\main\\components\\ToolBar\\styles.ts": {"path":"C:\\Users\\gabri\\Projetos\\gaia-react\\src\\pages\\main\\components\\ToolBar\\styles.ts","statementMap":{"0":{"start":{"line":1,"column":0},"end":{"line":1,"column":47}},"1":{"start":{"line":3,"column":18},"end":{"line":26,"column":3}},"2":{"start":{"line":3,"column":32},"end":{"line":3,"column":43}},"3":{"start":{"line":3,"column":50},"end":{"line":26,"column":3}},"4":{"start":{"line":28,"column":0},"end":{"line":28,"column":25}}},"fnMap":{"0":{"name":"(anonymous_0)","decl":{"start":{"line":3,"column":29},"end":{"line":3,"column":30}},"loc":{"start":{"line":3,"column":45},"end":{"line":3,"column":51}}}},"branchMap":{},"s":{"0":2,"1":2,"2":1,"3":1,"4":2},"f":{"0":1},"b":{}}
,"C:\\Users\\gabri\\Projetos\\gaia-react\\src\\shared\\components\\RenderCheckBox\\index.tsx": {"path":"C:\\Users\\gabri\\Projetos\\gaia-react\\src\\shared\\components\\RenderCheckBox\\index.tsx","statementMap":{"0":{"start":{"line":1,"column":0},"end":{"line":1,"column":26}},"1":{"start":{"line":2,"column":0},"end":{"line":2,"column":null}},"2":{"start":{"line":26,"column":23},"end":{"line":67,"column":1}},"3":{"start":{"line":28,"column":4},"end":{"line":28,"column":null}},"4":{"start":{"line":29,"column":6},"end":{"line":29,"column":11}},"5":{"start":{"line":30,"column":6},"end":{"line":30,"column":14}},"6":{"start":{"line":32,"column":4},"end":{"line":32,"column":12}},"7":{"start":{"line":32,"column":12},"end":{"line":32,"column":19}},"8":{"start":{"line":32,"column":21},"end":{"line":32,"column":26}},"9":{"start":{"line":33,"column":4},"end":{"line":33,"column":9}},"10":{"start":{"line":34,"column":4},"end":{"line":34,"column":18}},"11":{"start":{"line":35,"column":4},"end":{"line":35,"column":9}},"12":{"start":{"line":36,"column":4},"end":{"line":36,"column":13}},"13":{"start":{"line":37,"column":4},"end":{"line":37,"column":12}},"14":{"start":{"line":40,"column":23},"end":{"line":40,"column":37}},"15":{"start":{"line":40,"column":29},"end":{"line":40,"column":46}},"16":{"start":{"line":42,"column":2},"end":{"line":66,"column":4}},"17":{"start":{"line":69,"column":0},"end":{"line":72,"column":null}},"18":{"start":{"line":74,"column":0},"end":{"line":74,"column":30}}},"fnMap":{"0":{"name":"(anonymous_1)","decl":{"start":{"line":26,"column":23},"end":{"line":26,"column":24}},"loc":{"start":{"line":26,"column":36},"end":{"line":67,"column":1}}},"1":{"name":"(anonymous_2)","decl":{"start":{"line":40,"column":23},"end":{"line":40,"column":29}},"loc":{"start":{"line":40,"column":23},"end":{"line":40,"column":37}}}},"branchMap":{"0":{"loc":{"start":{"line":45,"column":13},"end":{"line":45,"column":20}},"type":"binary-expr","locations":[{"start":{"line":45,"column":13},"end":{"line":45,"column":20}},{"start":{"line":45,"column":24},"end":{"line":45,"column":31}}]},"1":{"loc":{"start":{"line":60,"column":8},"end":{"line":60,"column":15}},"type":"binary-expr","locations":[{"start":{"line":60,"column":8},"end":{"line":60,"column":15}},{"start":{"line":60,"column":19},"end":{"line":60,"column":24}},{"start":{"line":61,"column":8},"end":{"line":62,"column":null}}]}},"s":{"0":2,"1":2,"2":2,"3":0,"4":0,"5":0,"6":0,"7":0,"8":0,"9":0,"10":0,"11":0,"12":0,"13":0,"14":0,"15":0,"16":0,"17":2,"18":2},"f":{"0":0,"1":0},"b":{"0":[0,0],"1":[0,0,0]}}
,"C:\\Users\\gabri\\Projetos\\gaia-react\\src\\shared\\components\\WeekTabs\\WeekTabs.tsx": {"path":"C:\\Users\\gabri\\Projetos\\gaia-react\\src\\shared\\components\\WeekTabs\\WeekTabs.tsx","statementMap":{"0":{"start":{"line":1,"column":0},"end":{"line":1,"column":26}},"1":{"start":{"line":3,"column":0},"end":{"line":3,"column":46}},"2":{"start":{"line":4,"column":0},"end":{"line":4,"column":52}},"3":{"start":{"line":5,"column":0},"end":{"line":5,"column":51}},"4":{"start":{"line":7,"column":0},"end":{"line":7,"column":24}},"5":{"start":{"line":15,"column":17},"end":{"line":61,"column":1}},"6":{"start":{"line":17,"column":4},"end":{"line":17,"column":9}},"7":{"start":{"line":18,"column":4},"end":{"line":18,"column":12}},"8":{"start":{"line":19,"column":4},"end":{"line":19,"column":12}},"9":{"start":{"line":22,"column":15},"end":{"line":22,"column":64}},"10":{"start":{"line":23,"column":16},"end":{"line":23,"column":26}},"11":{"start":{"line":25,"column":27},"end":{"line":25,"column":54}},"12":{"start":{"line":25,"column":46},"end":{"line":25,"column":62}},"13":{"start":{"line":26,"column":27},"end":{"line":26,"column":87}},"14":{"start":{"line":26,"column":79},"end":{"line":26,"column":98}},"15":{"start":{"line":28,"column":2},"end":{"line":60,"column":null}},"16":{"start":{"line":41,"column":31},"end":{"line":47,"column":12}},"17":{"start":{"line":63,"column":0},"end":{"line":63,"column":null}}},"fnMap":{"0":{"name":"(anonymous_1)","decl":{"start":{"line":15,"column":17},"end":{"line":15,"column":18}},"loc":{"start":{"line":15,"column":30},"end":{"line":61,"column":1}}},"1":{"name":"(anonymous_2)","decl":{"start":{"line":25,"column":27},"end":{"line":25,"column":28}},"loc":{"start":{"line":25,"column":41},"end":{"line":25,"column":54}}},"2":{"name":"(anonymous_3)","decl":{"start":{"line":26,"column":27},"end":{"line":26,"column":28}},"loc":{"start":{"line":26,"column":74},"end":{"line":26,"column":87}}},"3":{"name":"(anonymous_4)","decl":{"start":{"line":41,"column":19},"end":{"line":41,"column":20}},"loc":{"start":{"line":41,"column":26},"end":{"line":41,"column":null}}}},"branchMap":{"0":{"loc":{"start":{"line":53,"column":42},"end":{"line":53,"column":53}},"type":"cond-expr","locations":[{"start":{"line":53,"column":42},"end":{"line":53,"column":53}},{"start":{"line":53,"column":56},"end":{"line":53,"column":59}}]}},"s":{"0":4,"1":4,"2":4,"3":4,"4":4,"5":4,"6":4,"7":4,"8":4,"9":4,"10":4,"11":4,"12":1,"13":4,"14":1,"15":4,"16":20,"17":4},"f":{"0":4,"1":1,"2":1,"3":20},"b":{"0":[0,4]}}
,"C:\\Users\\gabri\\Projetos\\gaia-react\\src\\shared\\components\\renderTextField\\renderTextField.tsx": {"path":"C:\\Users\\gabri\\Projetos\\gaia-react\\src\\shared\\components\\renderTextField\\renderTextField.tsx","statementMap":{"0":{"start":{"line":1,"column":0},"end":{"line":1,"column":33}},"1":{"start":{"line":2,"column":0},"end":{"line":2,"column":45}},"2":{"start":{"line":3,"column":0},"end":{"line":3,"column":33}},"3":{"start":{"line":15,"column":35},"end":{"line":33,"column":1}},"4":{"start":{"line":17,"column":4},"end":{"line":17,"column":9}},"5":{"start":{"line":18,"column":4},"end":{"line":18,"column":12}},"6":{"start":{"line":18,"column":12},"end":{"line":18,"column":19}},"7":{"start":{"line":18,"column":21},"end":{"line":18,"column":26}},"8":{"start":{"line":19,"column":4},"end":{"line":19,"column":11}},"9":{"start":{"line":22,"column":18},"end":{"line":22,"column":29}},"10":{"start":{"line":24,"column":2},"end":{"line":32,"column":4}},"11":{"start":{"line":35,"column":0},"end":{"line":35,"column":null}}},"fnMap":{"0":{"name":"(anonymous_4)","decl":{"start":{"line":15,"column":35},"end":{"line":15,"column":36}},"loc":{"start":{"line":15,"column":48},"end":{"line":33,"column":1}}}},"branchMap":{"0":{"loc":{"start":{"line":28,"column":13},"end":{"line":28,"column":20}},"type":"binary-expr","locations":[{"start":{"line":28,"column":13},"end":{"line":28,"column":20}},{"start":{"line":28,"column":24},"end":{"line":28,"column":31}}]},"1":{"loc":{"start":{"line":29,"column":18},"end":{"line":29,"column":25}},"type":"binary-expr","locations":[{"start":{"line":29,"column":18},"end":{"line":29,"column":25}},{"start":{"line":29,"column":29},"end":{"line":29,"column":34}}]}},"s":{"0":3,"1":3,"2":3,"3":3,"4":12,"5":12,"6":12,"7":12,"8":12,"9":12,"10":12,"11":3},"f":{"0":12},"b":{"0":[12,0],"1":[12,0]}}
,"C:\\Users\\gabri\\Projetos\\gaia-react\\src\\shared\\components\\renderTextField\\styles.ts": {"path":"C:\\Users\\gabri\\Projetos\\gaia-react\\src\\shared\\components\\renderTextField\\styles.ts","statementMap":{"0":{"start":{"line":1,"column":0},"end":{"line":1,"column":47}},"1":{"start":{"line":3,"column":18},"end":{"line":10,"column":2}},"2":{"start":{"line":12,"column":0},"end":{"line":12,"column":25}}},"fnMap":{},"branchMap":{},"s":{"0":3,"1":3,"2":3},"f":{},"b":{}}
,"C:\\Users\\gabri\\Projetos\\gaia-react\\src\\shared\\components\\snack\\snack.tsx": {"path":"C:\\Users\\gabri\\Projetos\\gaia-react\\src\\shared\\components\\snack\\snack.tsx","statementMap":{"0":{"start":{"line":1,"column":0},"end":{"line":1,"column":26}},"1":{"start":{"line":2,"column":0},"end":{"line":2,"column":53}},"2":{"start":{"line":4,"column":0},"end":{"line":4,"column":47}},"3":{"start":{"line":5,"column":0},"end":{"line":5,"column":53}},"4":{"start":{"line":6,"column":0},"end":{"line":6,"column":49}},"5":{"start":{"line":7,"column":0},"end":{"line":7,"column":61}},"6":{"start":{"line":17,"column":14},"end":{"line":59,"column":1}},"7":{"start":{"line":19,"column":4},"end":{"line":19,"column":8}},"8":{"start":{"line":20,"column":4},"end":{"line":20,"column":8}},"9":{"start":{"line":21,"column":4},"end":{"line":21,"column":11}},"10":{"start":{"line":22,"column":4},"end":{"line":22,"column":12}},"11":{"start":{"line":23,"column":4},"end":{"line":23,"column":14}},"12":{"start":{"line":26,"column":16},"end":{"line":31,"column":null}},"13":{"start":{"line":33,"column":2},"end":{"line":58,"column":null}},"14":{"start":{"line":61,"column":0},"end":{"line":61,"column":null}}},"fnMap":{"0":{"name":"(anonymous_1)","decl":{"start":{"line":17,"column":14},"end":{"line":17,"column":15}},"loc":{"start":{"line":17,"column":27},"end":{"line":59,"column":1}}}},"branchMap":{"0":{"loc":{"start":{"line":48,"column":17},"end":{"line":48,"column":21}},"type":"binary-expr","locations":[{"start":{"line":48,"column":17},"end":{"line":48,"column":21}},{"start":{"line":48,"column":25},"end":{"line":48,"column":31}}]}},"s":{"0":3,"1":3,"2":3,"3":3,"4":3,"5":3,"6":3,"7":2,"8":2,"9":2,"10":2,"11":2,"12":2,"13":2,"14":3},"f":{"0":2},"b":{"0":[2,2]}}
,"C:\\Users\\gabri\\Projetos\\gaia-react\\src\\shared\\theme\\theme.ts": {"path":"C:\\Users\\gabri\\Projetos\\gaia-react\\src\\shared\\theme\\theme.ts","statementMap":{"0":{"start":{"line":1,"column":0},"end":{"line":1,"column":57}},"1":{"start":{"line":3,"column":13},"end":{"line":19,"column":3}}},"fnMap":{},"branchMap":{},"s":{"0":1,"1":1},"f":{},"b":{}}
,"C:\\Users\\gabri\\Projetos\\gaia-react\\src\\shared\\utils\\auth.ts": {"path":"C:\\Users\\gabri\\Projetos\\gaia-react\\src\\shared\\utils\\auth.ts","statementMap":{"0":{"start":{"line":7,"column":13},"end":{"line":14,"column":null}},"1":{"start":{"line":8,"column":37},"end":{"line":11,"column":null}},"2":{"start":{"line":13,"column":4},"end":{"line":13,"column":69}},"3":{"start":{"line":16,"column":13},"end":{"line":25,"column":null}},"4":{"start":{"line":17,"column":4},"end":{"line":22,"column":null}},"5":{"start":{"line":18,"column":41},"end":{"line":18,"column":77}},"6":{"start":{"line":19,"column":8},"end":{"line":19,"column":82}},"7":{"start":{"line":21,"column":8},"end":{"line":21,"column":27}},"8":{"start":{"line":24,"column":4},"end":{"line":24,"column":59}},"9":{"start":{"line":27,"column":13},"end":{"line":27,"column":73}},"10":{"start":{"line":27,"column":34},"end":{"line":27,"column":73}}},"fnMap":{"0":{"name":"(anonymous_0)","decl":{"start":{"line":7,"column":26},"end":{"line":7,"column":27}},"loc":{"start":{"line":7,"column":40},"end":{"line":14,"column":1}}},"1":{"name":"(anonymous_1)","decl":{"start":{"line":16,"column":45},"end":{"line":16,"column":null}},"loc":{"start":{"line":16,"column":45},"end":{"line":25,"column":1}}},"2":{"name":"(anonymous_2)","decl":{"start":{"line":27,"column":28},"end":{"line":27,"column":34}},"loc":{"start":{"line":27,"column":28},"end":{"line":27,"column":46}}}},"branchMap":{"0":{"loc":{"start":{"line":17,"column":4},"end":{"line":22,"column":null}},"type":"if","locations":[{"start":{"line":17,"column":4},"end":{"line":22,"column":null}},{"start":{"line":17,"column":4},"end":{"line":22,"column":null}}]},"1":{"loc":{"start":{"line":19,"column":54},"end":{"line":19,"column":75}},"type":"binary-expr","locations":[{"start":{"line":19,"column":54},"end":{"line":19,"column":75}},{"start":{"line":19,"column":79},"end":{"line":19,"column":80}}]}},"s":{"0":8,"1":6,"2":6,"3":8,"4":16,"5":5,"6":5,"7":5,"8":11,"9":8,"10":11},"f":{"0":6,"1":16,"2":11},"b":{"0":[5,11],"1":[5,0]}}
,"C:\\Users\\gabri\\Projetos\\gaia-react\\src\\shared\\utils\\resolveError.ts": {"path":"C:\\Users\\gabri\\Projetos\\gaia-react\\src\\shared\\utils\\resolveError.ts","statementMap":{"0":{"start":{"line":1,"column":21},"end":{"line":12,"column":1}},"1":{"start":{"line":2,"column":10},"end":{"line":2,"column":18}},"2":{"start":{"line":4,"column":2},"end":{"line":4,"column":43}},"3":{"start":{"line":5,"column":2},"end":{"line":9,"column":null}},"4":{"start":{"line":6,"column":4},"end":{"line":6,"column":63}},"5":{"start":{"line":7,"column":9},"end":{"line":9,"column":null}},"6":{"start":{"line":8,"column":4},"end":{"line":8,"column":93}},"7":{"start":{"line":11,"column":2},"end":{"line":11,"column":11}},"8":{"start":{"line":14,"column":0},"end":{"line":14,"column":28}}},"fnMap":{"0":{"name":"(anonymous_0)","decl":{"start":{"line":1,"column":21},"end":{"line":1,"column":22}},"loc":{"start":{"line":1,"column":28},"end":{"line":12,"column":1}}}},"branchMap":{"0":{"loc":{"start":{"line":5,"column":2},"end":{"line":9,"column":null}},"type":"if","locations":[{"start":{"line":5,"column":2},"end":{"line":9,"column":null}},{"start":{"line":5,"column":2},"end":{"line":9,"column":null}}]},"1":{"loc":{"start":{"line":5,"column":6},"end":{"line":5,"column":14}},"type":"binary-expr","locations":[{"start":{"line":5,"column":6},"end":{"line":5,"column":14}},{"start":{"line":5,"column":18},"end":{"line":5,"column":41}}]},"2":{"loc":{"start":{"line":7,"column":9},"end":{"line":9,"column":null}},"type":"if","locations":[{"start":{"line":7,"column":9},"end":{"line":9,"column":null}},{"start":{"line":7,"column":9},"end":{"line":9,"column":null}}]},"3":{"loc":{"start":{"line":7,"column":13},"end":{"line":7,"column":21}},"type":"binary-expr","locations":[{"start":{"line":7,"column":13},"end":{"line":7,"column":21}},{"start":{"line":7,"column":25},"end":{"line":7,"column":38}}]},"4":{"loc":{"start":{"line":8,"column":16},"end":{"line":8,"column":37}},"type":"binary-expr","locations":[{"start":{"line":8,"column":16},"end":{"line":8,"column":37}},{"start":{"line":8,"column":41},"end":{"line":8,"column":60}},{"start":{"line":8,"column":64},"end":{"line":8,"column":92}}]}},"s":{"0":7,"1":6,"2":6,"3":6,"4":1,"5":5,"6":1,"7":6,"8":7},"f":{"0":6},"b":{"0":[1,5],"1":[6,3],"2":[1,4],"3":[5,2],"4":[1,0,0]}}
,"C:\\Users\\gabri\\Projetos\\gaia-react\\src\\shared\\utils\\testRender.ts": {"path":"C:\\Users\\gabri\\Projetos\\gaia-react\\src\\shared\\utils\\testRender.ts","statementMap":{"0":{"start":{"line":2,"column":0},"end":{"line":2,"column":33}},"1":{"start":{"line":4,"column":13},"end":{"line":6,"column":20}},"2":{"start":{"line":4,"column":61},"end":{"line":6,"column":20}}},"fnMap":{"0":{"name":"(anonymous_0)","decl":{"start":{"line":4,"column":32},"end":{"line":4,"column":33}},"loc":{"start":{"line":4,"column":56},"end":{"line":4,"column":68}}}},"branchMap":{},"s":{"0":3,"1":3,"2":12},"f":{"0":12},"b":{}}
,"C:\\Users\\gabri\\Projetos\\gaia-react\\src\\shared\\validators\\validators.ts": {"path":"C:\\Users\\gabri\\Projetos\\gaia-react\\src\\shared\\validators\\validators.ts","statementMap":{"0":{"start":{"line":1,"column":13},"end":{"line":3,"column":57}},"1":{"start":{"line":2,"column":4},"end":{"line":3,"column":57}},"2":{"start":{"line":5,"column":13},"end":{"line":9,"column":2}},"3":{"start":{"line":5,"column":50},"end":{"line":9,"column":2}},"4":{"start":{"line":11,"column":13},"end":{"line":15,"column":2}},"5":{"start":{"line":11,"column":50},"end":{"line":15,"column":2}}},"fnMap":{"0":{"name":"(anonymous_0)","decl":{"start":{"line":1,"column":23},"end":{"line":1,"column":24}},"loc":{"start":{"line":1,"column":44},"end":{"line":2,"column":9}}},"1":{"name":"(anonymous_1)","decl":{"start":{"line":5,"column":24},"end":{"line":5,"column":25}},"loc":{"start":{"line":5,"column":45},"end":{"line":5,"column":null}}},"2":{"name":"(anonymous_2)","decl":{"start":{"line":11,"column":24},"end":{"line":11,"column":25}},"loc":{"start":{"line":11,"column":45},"end":{"line":11,"column":null}}}},"branchMap":{"0":{"loc":{"start":{"line":3,"column":8},"end":{"line":3,"column":44}},"type":"cond-expr","locations":[{"start":{"line":3,"column":8},"end":{"line":3,"column":44}},{"start":{"line":3,"column":47},"end":{"line":3,"column":56}}]},"1":{"loc":{"start":{"line":2,"column":4},"end":{"line":2,"column":9}},"type":"binary-expr","locations":[{"start":{"line":2,"column":4},"end":{"line":2,"column":9}},{"start":{"line":2,"column":13},"end":{"line":2,"column":69}}]},"2":{"loc":{"start":{"line":7,"column":10},"end":{"line":7,"column":19}},"type":"cond-expr","locations":[{"start":{"line":7,"column":10},"end":{"line":7,"column":19}},{"start":{"line":8,"column":10},"end":{"line":8,"column":46}}]},"3":{"loc":{"start":{"line":6,"column":4},"end":{"line":6,"column":10}},"type":"binary-expr","locations":[{"start":{"line":6,"column":4},"end":{"line":6,"column":10}},{"start":{"line":6,"column":14},"end":{"line":6,"column":35}}]},"4":{"loc":{"start":{"line":13,"column":10},"end":{"line":13,"column":19}},"type":"cond-expr","locations":[{"start":{"line":13,"column":10},"end":{"line":13,"column":19}},{"start":{"line":14,"column":10},"end":{"line":14,"column":36}}]},"5":{"loc":{"start":{"line":12,"column":4},"end":{"line":12,"column":9}},"type":"binary-expr","locations":[{"start":{"line":12,"column":4},"end":{"line":12,"column":9}},{"start":{"line":12,"column":13},"end":{"line":12,"column":38}}]}},"s":{"0":4,"1":2,"2":4,"3":2,"4":4,"5":8},"f":{"0":2,"1":2,"2":8},"b":{"0":[1,1],"1":[2,2],"2":[1,1],"3":[2,2],"4":[1,7],"5":[8,7]}}
}
