{"C:\\Users\\Gabriel Carvalho\\Projetos\\gaia-react\\src\\App.tsx": {"path":"C:\\Users\\Gabriel Carvalho\\Projetos\\gaia-react\\src\\App.tsx","statementMap":{"0":{"start":{"line":1,"column":0},"end":{"line":1,"column":26}},"1":{"start":{"line":2,"column":0},"end":{"line":2,"column":36}},"2":{"start":{"line":4,"column":0},"end":{"line":4,"column":53}},"3":{"start":{"line":5,"column":0},"end":{"line":5,"column":39}},"4":{"start":{"line":6,"column":0},"end":{"line":6,"column":32}},"5":{"start":{"line":7,"column":0},"end":{"line":7,"column":34}},"6":{"start":{"line":9,"column":0},"end":{"line":9,"column":52}},"7":{"start":{"line":10,"column":0},"end":{"line":10,"column":45}},"8":{"start":{"line":12,"column":0},"end":{"line":12,"column":19}},"9":{"start":{"line":13,"column":0},"end":{"line":13,"column":48}},"10":{"start":{"line":15,"column":22},"end":{"line":30,"column":1}},"11":{"start":{"line":16,"column":16},"end":{"line":18,"column":null}},"12":{"start":{"line":21,"column":2},"end":{"line":29,"column":4}},"13":{"start":{"line":32,"column":0},"end":{"line":32,"column":19}}},"fnMap":{"0":{"name":"(anonymous_1)","decl":{"start":{"line":15,"column":22},"end":{"line":15,"column":null}},"loc":{"start":{"line":15,"column":22},"end":{"line":30,"column":1}}}},"branchMap":{},"s":{"0":1,"1":1,"2":1,"3":1,"4":1,"5":1,"6":1,"7":1,"8":1,"9":1,"10":1,"11":2,"12":2,"13":1},"f":{"0":2},"b":{}}
,"C:\\Users\\Gabriel Carvalho\\Projetos\\gaia-react\\src\\AppRouter.tsx": {"path":"C:\\Users\\Gabriel Carvalho\\Projetos\\gaia-react\\src\\AppRouter.tsx","statementMap":{"0":{"start":{"line":1,"column":0},"end":{"line":1,"column":55}},"1":{"start":{"line":2,"column":0},"end":{"line":2,"column":64}},"2":{"start":{"line":3,"column":0},"end":{"line":3,"column":45}},"3":{"start":{"line":4,"column":0},"end":{"line":4,"column":49}},"4":{"start":{"line":9,"column":0},"end":{"line":9,"column":51}},"5":{"start":{"line":9,"column":24},"end":{"line":9,"column":37}},"6":{"start":{"line":11,"column":4},"end":{"line":11,"column":null}},"7":{"start":{"line":13,"column":4},"end":{"line":15,"column":null}},"8":{"start":{"line":18,"column":2},"end":{"line":27,"column":null}},"9":{"start":{"line":19,"column":4},"end":{"line":26,"column":null}},"10":{"start":{"line":28,"column":0},"end":{"line":28,"column":null}},"11":{"start":{"line":30,"column":0},"end":{"line":30,"column":25}}},"fnMap":{"0":{"name":"(anonymous_8)","decl":{"start":{"line":9,"column":0},"end":{"line":9,"column":24}},"loc":{"start":{"line":9,"column":0},"end":{"line":28,"column":null}}},"1":{"name":"AppRouter","decl":{"start":{"line":10,"column":2},"end":{"line":10,"column":14}},"loc":{"start":{"line":10,"column":26},"end":{"line":16,"column":3}}},"2":{"name":"(anonymous_10)","decl":{"start":{"line":18,"column":2},"end":{"line":18,"column":8}},"loc":{"start":{"line":18,"column":2},"end":{"line":27,"column":3}}}},"branchMap":{"0":{"loc":{"start":{"line":11,"column":4},"end":{"line":11,"column":16}},"type":"binary-expr","locations":[{"start":{"line":11,"column":4},"end":{"line":11,"column":16}},{"start":{"line":11,"column":16},"end":{"line":11,"column":null}}]}},"s":{"0":1,"1":1,"2":1,"3":1,"4":1,"5":1,"6":1,"7":1,"8":1,"9":1,"10":1,"11":1},"f":{"0":1,"1":1,"2":1},"b":{"0":[1,1]}}
,"C:\\Users\\Gabriel Carvalho\\Projetos\\gaia-react\\src\\reducers.ts": {"path":"C:\\Users\\Gabriel Carvalho\\Projetos\\gaia-react\\src\\reducers.ts","statementMap":{"0":{"start":{"line":1,"column":0},"end":{"line":1,"column":40}},"1":{"start":{"line":2,"column":0},"end":{"line":2,"column":52}},"2":{"start":{"line":4,"column":0},"end":{"line":4,"column":66}},"3":{"start":{"line":5,"column":0},"end":{"line":5,"column":71}},"4":{"start":{"line":6,"column":0},"end":{"line":6,"column":66}},"5":{"start":{"line":15,"column":0},"end":{"line":20,"column":3}}},"fnMap":{},"branchMap":{},"s":{"0":5,"1":5,"2":5,"3":5,"4":5,"5":5},"f":{},"b":{}}
,"C:\\Users\\Gabriel Carvalho\\Projetos\\gaia-react\\src\\enviroments\\enviroments.ts": {"path":"C:\\Users\\Gabriel Carvalho\\Projetos\\gaia-react\\src\\enviroments\\enviroments.ts","statementMap":{"0":{"start":{"line":1,"column":13},"end":{"line":1,"column":45}},"1":{"start":{"line":3,"column":13},"end":{"line":7,"column":null}}},"fnMap":{},"branchMap":{},"s":{"0":8,"1":8},"f":{},"b":{}}
,"C:\\Users\\Gabriel Carvalho\\Projetos\\gaia-react\\src\\pages\\auth\\AuthForm.tsx": {"path":"C:\\Users\\Gabriel Carvalho\\Projetos\\gaia-react\\src\\pages\\auth\\AuthForm.tsx","statementMap":{"0":{"start":{"line":1,"column":0},"end":{"line":1,"column":25}},"1":{"start":{"line":3,"column":0},"end":{"line":3,"column":46}},"2":{"start":{"line":4,"column":0},"end":{"line":4,"column":62}},"3":{"start":{"line":5,"column":0},"end":{"line":5,"column":86}},"4":{"start":{"line":7,"column":0},"end":{"line":7,"column":87}},"5":{"start":{"line":9,"column":0},"end":{"line":9,"column":20}},"6":{"start":{"line":11,"column":17},"end":{"line":55,"column":1}},"7":{"start":{"line":12,"column":10},"end":{"line":12,"column":22}},"8":{"start":{"line":12,"column":24},"end":{"line":12,"column":32}},"9":{"start":{"line":12,"column":34},"end":{"line":12,"column":41}},"10":{"start":{"line":14,"column":2},"end":{"line":54,"column":4}},"11":{"start":{"line":57,"column":0},"end":{"line":57,"column":53}}},"fnMap":{"0":{"name":"(anonymous_1)","decl":{"start":{"line":11,"column":17},"end":{"line":11,"column":18}},"loc":{"start":{"line":11,"column":28},"end":{"line":55,"column":1}}}},"branchMap":{"0":{"loc":{"start":{"line":48,"column":16},"end":{"line":48,"column":46}},"type":"cond-expr","locations":[{"start":{"line":48,"column":16},"end":{"line":48,"column":46}},{"start":{"line":49,"column":16},"end":{"line":49,"column":24}}]}},"s":{"0":2,"1":2,"2":2,"3":2,"4":2,"5":2,"6":2,"7":6,"8":6,"9":6,"10":6,"11":2},"f":{"0":6},"b":{"0":[2,4]}}
,"C:\\Users\\Gabriel Carvalho\\Projetos\\gaia-react\\src\\pages\\auth\\AuthPage.tsx": {"path":"C:\\Users\\Gabriel Carvalho\\Projetos\\gaia-react\\src\\pages\\auth\\AuthPage.tsx","statementMap":{"0":{"start":{"line":1,"column":0},"end":{"line":1,"column":55}},"1":{"start":{"line":4,"column":0},"end":{"line":4,"column":38}},"2":{"start":{"line":6,"column":0},"end":{"line":6,"column":47}},"3":{"start":{"line":7,"column":0},"end":{"line":7,"column":50}},"4":{"start":{"line":9,"column":0},"end":{"line":9,"column":53}},"5":{"start":{"line":10,"column":0},"end":{"line":10,"column":34}},"6":{"start":{"line":11,"column":0},"end":{"line":11,"column":56}},"7":{"start":{"line":12,"column":0},"end":{"line":12,"column":53}},"8":{"start":{"line":13,"column":0},"end":{"line":13,"column":40}},"9":{"start":{"line":22,"column":0},"end":{"line":22,"column":43}},"10":{"start":{"line":22,"column":23},"end":{"line":22,"column":36}},"11":{"start":{"line":25,"column":4},"end":{"line":25,"column":null}},"12":{"start":{"line":26,"column":4},"end":{"line":26,"column":33}},"13":{"start":{"line":29,"column":2},"end":{"line":56,"column":null}},"14":{"start":{"line":30,"column":10},"end":{"line":30,"column":12}},"15":{"start":{"line":30,"column":12},"end":{"line":30,"column":20}},"16":{"start":{"line":30,"column":22},"end":{"line":30,"column":47}},"17":{"start":{"line":32,"column":4},"end":{"line":34,"column":null}},"18":{"start":{"line":33,"column":6},"end":{"line":33,"column":null}},"19":{"start":{"line":36,"column":4},"end":{"line":55,"column":null}},"20":{"start":{"line":57,"column":0},"end":{"line":57,"column":null}},"21":{"start":{"line":59,"column":24},"end":{"line":62,"column":1}},"22":{"start":{"line":60,"column":10},"end":{"line":60,"column":21}},"23":{"start":{"line":61,"column":2},"end":{"line":61,"column":21}},"24":{"start":{"line":64,"column":27},"end":{"line":68,"column":2}},"25":{"start":{"line":70,"column":0},"end":{"line":70,"column":70}}},"fnMap":{"0":{"name":"(anonymous_10)","decl":{"start":{"line":22,"column":0},"end":{"line":22,"column":23}},"loc":{"start":{"line":22,"column":0},"end":{"line":57,"column":null}}},"1":{"name":"AuthPage","decl":{"start":{"line":24,"column":2},"end":{"line":24,"column":14}},"loc":{"start":{"line":24,"column":26},"end":{"line":27,"column":3}}},"2":{"name":"(anonymous_12)","decl":{"start":{"line":29,"column":2},"end":{"line":29,"column":8}},"loc":{"start":{"line":29,"column":2},"end":{"line":56,"column":3}}},"3":{"name":"(anonymous_13)","decl":{"start":{"line":59,"column":24},"end":{"line":59,"column":25}},"loc":{"start":{"line":59,"column":44},"end":{"line":62,"column":1}}}},"branchMap":{"0":{"loc":{"start":{"line":25,"column":4},"end":{"line":25,"column":16}},"type":"binary-expr","locations":[{"start":{"line":25,"column":4},"end":{"line":25,"column":16}},{"start":{"line":25,"column":16},"end":{"line":25,"column":null}}]},"1":{"loc":{"start":{"line":32,"column":4},"end":{"line":34,"column":null}},"type":"if","locations":[{"start":{"line":32,"column":4},"end":{"line":34,"column":null}},{"start":{"line":32,"column":4},"end":{"line":34,"column":null}}]}},"s":{"0":2,"1":2,"2":2,"3":2,"4":2,"5":2,"6":2,"7":2,"8":2,"9":2,"10":2,"11":7,"12":7,"13":2,"14":7,"15":7,"16":7,"17":7,"18":1,"19":6,"20":2,"21":2,"22":8,"23":8,"24":2,"25":2},"f":{"0":2,"1":7,"2":7,"3":8},"b":{"0":[7,7],"1":[1,6]}}
,"C:\\Users\\Gabriel Carvalho\\Projetos\\gaia-react\\src\\pages\\auth\\authActions.ts": {"path":"C:\\Users\\Gabriel Carvalho\\Projetos\\gaia-react\\src\\pages\\auth\\authActions.ts","statementMap":{"0":{"start":{"line":1,"column":0},"end":{"line":1,"column":26}},"1":{"start":{"line":4,"column":0},"end":{"line":4,"column":54}},"2":{"start":{"line":5,"column":0},"end":{"line":5,"column":52}},"3":{"start":{"line":6,"column":0},"end":{"line":6,"column":59}},"4":{"start":{"line":7,"column":0},"end":{"line":7,"column":53}},"5":{"start":{"line":8,"column":0},"end":{"line":8,"column":60}},"6":{"start":{"line":11,"column":13},"end":{"line":38,"column":null}},"7":{"start":{"line":11,"column":36},"end":{"line":38,"column":null}},"8":{"start":{"line":11,"column":69},"end":{"line":38,"column":null}},"9":{"start":{"line":14,"column":4},"end":{"line":14,"column":48}},"10":{"start":{"line":16,"column":38},"end":{"line":16,"column":null}},"11":{"start":{"line":16,"column":12},"end":{"line":16,"column":33}},"12":{"start":{"line":18,"column":4},"end":{"line":18,"column":22}},"13":{"start":{"line":20,"column":4},"end":{"line":23,"column":7}},"14":{"start":{"line":26,"column":4},"end":{"line":34,"column":7}},"15":{"start":{"line":36,"column":4},"end":{"line":36,"column":47}},"16":{"start":{"line":40,"column":13},"end":{"line":42,"column":3}},"17":{"start":{"line":40,"column":32},"end":{"line":42,"column":3}}},"fnMap":{"0":{"name":"(anonymous_14)","decl":{"start":{"line":11,"column":21},"end":{"line":11,"column":22}},"loc":{"start":{"line":11,"column":31},"end":{"line":11,"column":43}}},"1":{"name":"(anonymous_15)","decl":{"start":{"line":11,"column":36},"end":{"line":11,"column":43}},"loc":{"start":{"line":11,"column":69},"end":{"line":38,"column":null}}},"2":{"name":"(anonymous_16)","decl":{"start":{"line":11,"column":69},"end":{"line":11,"column":null}},"loc":{"start":{"line":11,"column":69},"end":{"line":38,"column":null}}},"3":{"name":"(anonymous_18)","decl":{"start":{"line":40,"column":26},"end":{"line":40,"column":32}},"loc":{"start":{"line":40,"column":26},"end":{"line":40,"column":33}}}},"branchMap":{},"s":{"0":3,"1":3,"2":3,"3":3,"4":3,"5":3,"6":3,"7":2,"8":2,"9":2,"10":2,"11":2,"12":1,"13":1,"14":1,"15":2,"16":3,"17":1},"f":{"0":2,"1":2,"2":2,"3":1},"b":{}}
,"C:\\Users\\Gabriel Carvalho\\Projetos\\gaia-react\\src\\pages\\auth\\authActionsTypes.ts": {"path":"C:\\Users\\Gabriel Carvalho\\Projetos\\gaia-react\\src\\pages\\auth\\authActionsTypes.ts","statementMap":{"0":{"start":{"line":1,"column":13},"end":{"line":8,"column":null}}},"fnMap":{},"branchMap":{},"s":{"0":7},"f":{},"b":{}}
,"C:\\Users\\Gabriel Carvalho\\Projetos\\gaia-react\\src\\pages\\auth\\authReducer.ts": {"path":"C:\\Users\\Gabriel Carvalho\\Projetos\\gaia-react\\src\\pages\\auth\\authReducer.ts","statementMap":{"0":{"start":{"line":1,"column":0},"end":{"line":1,"column":54}},"1":{"start":{"line":11,"column":33},"end":{"line":17,"column":null}},"2":{"start":{"line":19,"column":20},"end":{"line":39,"column":1}},"3":{"start":{"line":19,"column":21},"end":{"line":19,"column":44}},"4":{"start":{"line":20,"column":4},"end":{"line":38,"column":null}},"5":{"start":{"line":22,"column":12},"end":{"line":22,"column":46}},"6":{"start":{"line":25,"column":12},"end":{"line":25,"column":47}},"7":{"start":{"line":28,"column":12},"end":{"line":28,"column":43}},"8":{"start":{"line":31,"column":12},"end":{"line":31,"column":55}},"9":{"start":{"line":34,"column":12},"end":{"line":34,"column":58}},"10":{"start":{"line":37,"column":12},"end":{"line":37,"column":25}},"11":{"start":{"line":41,"column":0},"end":{"line":41,"column":27}}},"fnMap":{"0":{"name":"(anonymous_2)","decl":{"start":{"line":19,"column":20},"end":{"line":19,"column":21}},"loc":{"start":{"line":19,"column":58},"end":{"line":39,"column":1}}}},"branchMap":{"0":{"loc":{"start":{"line":19,"column":21},"end":{"line":19,"column":44}},"type":"if","locations":[{"start":{"line":19,"column":21},"end":{"line":19,"column":44}},{"start":{"line":19,"column":21},"end":{"line":19,"column":44}}]},"1":{"loc":{"start":{"line":21,"column":8},"end":{"line":22,"column":46}},"type":"switch","locations":[{"start":{"line":21,"column":8},"end":{"line":22,"column":46}},{"start":{"line":24,"column":8},"end":{"line":25,"column":47}},{"start":{"line":27,"column":8},"end":{"line":28,"column":43}},{"start":{"line":30,"column":8},"end":{"line":31,"column":55}},{"start":{"line":33,"column":8},"end":{"line":34,"column":58}},{"start":{"line":36,"column":8},"end":{"line":37,"column":25}}]}},"s":{"0":6,"1":6,"2":6,"3":96,"4":63,"5":1,"6":1,"7":1,"8":1,"9":1,"10":58,"11":6},"f":{"0":63},"b":{"0":[33,30],"1":[1,1,1,1,1,58]}}
,"C:\\Users\\Gabriel Carvalho\\Projetos\\gaia-react\\src\\pages\\main\\MainRouter.tsx": {"path":"C:\\Users\\Gabriel Carvalho\\Projetos\\gaia-react\\src\\pages\\main\\MainRouter.tsx","statementMap":{"0":{"start":{"line":1,"column":0},"end":{"line":1,"column":55}},"1":{"start":{"line":2,"column":0},"end":{"line":2,"column":73}},"2":{"start":{"line":3,"column":0},"end":{"line":3,"column":81}},"3":{"start":{"line":5,"column":0},"end":{"line":5,"column":38}},"4":{"start":{"line":6,"column":0},"end":{"line":6,"column":38}},"5":{"start":{"line":9,"column":0},"end":{"line":9,"column":53}},"6":{"start":{"line":11,"column":0},"end":{"line":11,"column":56}},"7":{"start":{"line":12,"column":0},"end":{"line":12,"column":53}},"8":{"start":{"line":14,"column":0},"end":{"line":14,"column":43}},"9":{"start":{"line":16,"column":0},"end":{"line":16,"column":20}},"10":{"start":{"line":17,"column":0},"end":{"line":17,"column":49}},"11":{"start":{"line":18,"column":0},"end":{"line":18,"column":51}},"12":{"start":{"line":30,"column":0},"end":{"line":30,"column":45}},"13":{"start":{"line":30,"column":25},"end":{"line":30,"column":38}},"14":{"start":{"line":32,"column":2},"end":{"line":96,"column":null}},"15":{"start":{"line":34,"column":10},"end":{"line":34,"column":null}},"16":{"start":{"line":35,"column":6},"end":{"line":35,"column":14}},"17":{"start":{"line":36,"column":6},"end":{"line":36,"column":16}},"18":{"start":{"line":37,"column":6},"end":{"line":37,"column":10}},"19":{"start":{"line":38,"column":6},"end":{"line":38,"column":15}},"20":{"start":{"line":39,"column":6},"end":{"line":39,"column":13}},"21":{"start":{"line":40,"column":6},"end":{"line":40,"column":11}},"22":{"start":{"line":41,"column":6},"end":{"line":41,"column":12}},"23":{"start":{"line":42,"column":6},"end":{"line":42,"column":18}},"24":{"start":{"line":43,"column":6},"end":{"line":43,"column":14}},"25":{"start":{"line":44,"column":6},"end":{"line":44,"column":null}},"26":{"start":{"line":47,"column":20},"end":{"line":47,"column":32}},"27":{"start":{"line":49,"column":4},"end":{"line":51,"column":null}},"28":{"start":{"line":50,"column":6},"end":{"line":50,"column":null}},"29":{"start":{"line":53,"column":4},"end":{"line":55,"column":null}},"30":{"start":{"line":54,"column":6},"end":{"line":54,"column":40}},"31":{"start":{"line":57,"column":4},"end":{"line":60,"column":null}},"32":{"start":{"line":58,"column":6},"end":{"line":58,"column":24}},"33":{"start":{"line":59,"column":6},"end":{"line":59,"column":null}},"34":{"start":{"line":62,"column":4},"end":{"line":95,"column":null}},"35":{"start":{"line":97,"column":0},"end":{"line":97,"column":null}},"36":{"start":{"line":99,"column":24},"end":{"line":102,"column":1}},"37":{"start":{"line":100,"column":10},"end":{"line":100,"column":21}},"38":{"start":{"line":101,"column":2},"end":{"line":101,"column":21}},"39":{"start":{"line":104,"column":27},"end":{"line":109,"column":2}},"40":{"start":{"line":111,"column":0},"end":{"line":111,"column":72}}},"fnMap":{"0":{"name":"(anonymous_10)","decl":{"start":{"line":30,"column":0},"end":{"line":30,"column":25}},"loc":{"start":{"line":30,"column":0},"end":{"line":97,"column":null}}},"1":{"name":"(anonymous_12)","decl":{"start":{"line":32,"column":2},"end":{"line":32,"column":8}},"loc":{"start":{"line":32,"column":2},"end":{"line":96,"column":3}}},"2":{"name":"(anonymous_13)","decl":{"start":{"line":99,"column":24},"end":{"line":99,"column":25}},"loc":{"start":{"line":99,"column":44},"end":{"line":102,"column":1}}}},"branchMap":{"0":{"loc":{"start":{"line":49,"column":4},"end":{"line":51,"column":null}},"type":"if","locations":[{"start":{"line":49,"column":4},"end":{"line":51,"column":null}},{"start":{"line":49,"column":4},"end":{"line":51,"column":null}}]},"1":{"loc":{"start":{"line":53,"column":4},"end":{"line":55,"column":null}},"type":"if","locations":[{"start":{"line":53,"column":4},"end":{"line":55,"column":null}},{"start":{"line":53,"column":4},"end":{"line":55,"column":null}}]},"2":{"loc":{"start":{"line":57,"column":4},"end":{"line":60,"column":null}},"type":"if","locations":[{"start":{"line":57,"column":4},"end":{"line":60,"column":null}},{"start":{"line":57,"column":4},"end":{"line":60,"column":null}}]},"3":{"loc":{"start":{"line":79,"column":12},"end":{"line":83,"column":null}},"type":"cond-expr","locations":[{"start":{"line":79,"column":12},"end":{"line":83,"column":null}},{"start":{"line":86,"column":12},"end":{"line":87,"column":null}}]}},"s":{"0":2,"1":2,"2":2,"3":2,"4":2,"5":2,"6":2,"7":2,"8":2,"9":2,"10":2,"11":2,"12":2,"13":2,"14":2,"15":6,"16":6,"17":6,"18":6,"19":6,"20":6,"21":6,"22":6,"23":6,"24":6,"25":6,"26":6,"27":6,"28":2,"29":4,"30":1,"31":4,"32":1,"33":1,"34":3,"35":2,"36":2,"37":7,"38":7,"39":2,"40":2},"f":{"0":8,"1":6,"2":7},"b":{"0":[2,4],"1":[1,3],"2":[1,3],"3":[2,1]}}
,"C:\\Users\\Gabriel Carvalho\\Projetos\\gaia-react\\src\\pages\\main\\mainActions.ts": {"path":"C:\\Users\\Gabriel Carvalho\\Projetos\\gaia-react\\src\\pages\\main\\mainActions.ts","statementMap":{"0":{"start":{"line":1,"column":0},"end":{"line":1,"column":26}},"1":{"start":{"line":2,"column":0},"end":{"line":2,"column":54}},"2":{"start":{"line":4,"column":0},"end":{"line":4,"column":52}},"3":{"start":{"line":6,"column":0},"end":{"line":6,"column":55}},"4":{"start":{"line":9,"column":13},"end":{"line":38,"column":null}},"5":{"start":{"line":9,"column":62},"end":{"line":38,"column":null}},"6":{"start":{"line":9,"column":95},"end":{"line":38,"column":null}},"7":{"start":{"line":12,"column":31},"end":{"line":16,"column":null}},"8":{"start":{"line":12,"column":20},"end":{"line":12,"column":31}},"9":{"start":{"line":18,"column":4},"end":{"line":21,"column":7}},"10":{"start":{"line":24,"column":4},"end":{"line":24,"column":19}},"11":{"start":{"line":26,"column":4},"end":{"line":26,"column":33}},"12":{"start":{"line":28,"column":4},"end":{"line":36,"column":7}},"13":{"start":{"line":40,"column":13},"end":{"line":46,"column":null}},"14":{"start":{"line":40,"column":43},"end":{"line":46,"column":null}},"15":{"start":{"line":41,"column":2},"end":{"line":41,"column":37}},"16":{"start":{"line":42,"column":2},"end":{"line":45,"column":5}},"17":{"start":{"line":48,"column":13},"end":{"line":60,"column":3}},"18":{"start":{"line":51,"column":2},"end":{"line":51,"column":null}},"19":{"start":{"line":52,"column":5},"end":{"line":60,"column":3}},"20":{"start":{"line":62,"column":13},"end":{"line":64,"column":3}},"21":{"start":{"line":62,"column":32},"end":{"line":64,"column":3}},"22":{"start":{"line":66,"column":13},"end":{"line":68,"column":null}},"23":{"start":{"line":66,"column":34},"end":{"line":68,"column":null}},"24":{"start":{"line":70,"column":13},"end":{"line":73,"column":null}},"25":{"start":{"line":70,"column":44},"end":{"line":73,"column":null}}},"fnMap":{"0":{"name":"(anonymous_14)","decl":{"start":{"line":9,"column":25},"end":{"line":9,"column":26}},"loc":{"start":{"line":9,"column":57},"end":{"line":9,"column":69}}},"1":{"name":"(anonymous_15)","decl":{"start":{"line":9,"column":62},"end":{"line":9,"column":69}},"loc":{"start":{"line":9,"column":95},"end":{"line":38,"column":null}}},"2":{"name":"(anonymous_16)","decl":{"start":{"line":9,"column":95},"end":{"line":9,"column":null}},"loc":{"start":{"line":9,"column":95},"end":{"line":38,"column":null}}},"3":{"name":"(anonymous_18)","decl":{"start":{"line":40,"column":24},"end":{"line":40,"column":25}},"loc":{"start":{"line":40,"column":38},"end":{"line":40,"column":44}}},"4":{"name":"(anonymous_19)","decl":{"start":{"line":40,"column":43},"end":{"line":40,"column":44}},"loc":{"start":{"line":40,"column":70},"end":{"line":46,"column":1}}},"5":{"name":"(anonymous_20)","decl":{"start":{"line":48,"column":25},"end":{"line":48,"column":null}},"loc":{"start":{"line":51,"column":25},"end":{"line":52,"column":6}}},"6":{"name":"(anonymous_21)","decl":{"start":{"line":62,"column":26},"end":{"line":62,"column":32}},"loc":{"start":{"line":62,"column":26},"end":{"line":62,"column":33}}},"7":{"name":"(anonymous_22)","decl":{"start":{"line":66,"column":28},"end":{"line":66,"column":34}},"loc":{"start":{"line":66,"column":28},"end":{"line":66,"column":35}}},"8":{"name":"(anonymous_23)","decl":{"start":{"line":70,"column":27},"end":{"line":70,"column":28}},"loc":{"start":{"line":70,"column":39},"end":{"line":70,"column":45}}}},"branchMap":{"0":{"loc":{"start":{"line":51,"column":2},"end":{"line":51,"column":null}},"type":"if","locations":[{"start":{"line":51,"column":2},"end":{"line":51,"column":null}},{"start":{"line":51,"column":2},"end":{"line":51,"column":null}}]}},"s":{"0":6,"1":6,"2":6,"3":6,"4":6,"5":3,"6":3,"7":3,"8":2,"9":1,"10":1,"11":2,"12":1,"13":6,"14":15,"15":15,"16":15,"17":6,"18":1,"19":1,"20":6,"21":1,"22":6,"23":1,"24":6,"25":2},"f":{"0":3,"1":3,"2":3,"3":15,"4":15,"5":1,"6":1,"7":1,"8":2},"b":{"0":[0,1]}}
,"C:\\Users\\Gabriel Carvalho\\Projetos\\gaia-react\\src\\pages\\main\\mainActionsTypes.ts": {"path":"C:\\Users\\Gabriel Carvalho\\Projetos\\gaia-react\\src\\pages\\main\\mainActionsTypes.ts","statementMap":{"0":{"start":{"line":1,"column":13},"end":{"line":8,"column":null}}},"fnMap":{},"branchMap":{},"s":{"0":8},"f":{},"b":{}}
,"C:\\Users\\Gabriel Carvalho\\Projetos\\gaia-react\\src\\pages\\main\\mainReducer.ts": {"path":"C:\\Users\\Gabriel Carvalho\\Projetos\\gaia-react\\src\\pages\\main\\mainReducer.ts","statementMap":{"0":{"start":{"line":1,"column":0},"end":{"line":1,"column":54}},"1":{"start":{"line":14,"column":33},"end":{"line":20,"column":null}},"2":{"start":{"line":22,"column":20},"end":{"line":45,"column":1}},"3":{"start":{"line":22,"column":21},"end":{"line":22,"column":44}},"4":{"start":{"line":23,"column":4},"end":{"line":44,"column":null}},"5":{"start":{"line":25,"column":12},"end":{"line":25,"column":63}},"6":{"start":{"line":28,"column":12},"end":{"line":28,"column":54}},"7":{"start":{"line":31,"column":12},"end":{"line":31,"column":52}},"8":{"start":{"line":34,"column":12},"end":{"line":34,"column":55}},"9":{"start":{"line":37,"column":12},"end":{"line":37,"column":58}},"10":{"start":{"line":40,"column":12},"end":{"line":40,"column":55}},"11":{"start":{"line":43,"column":12},"end":{"line":43,"column":25}},"12":{"start":{"line":47,"column":0},"end":{"line":47,"column":27}}},"fnMap":{"0":{"name":"(anonymous_2)","decl":{"start":{"line":22,"column":20},"end":{"line":22,"column":21}},"loc":{"start":{"line":22,"column":58},"end":{"line":45,"column":1}}}},"branchMap":{"0":{"loc":{"start":{"line":22,"column":21},"end":{"line":22,"column":44}},"type":"if","locations":[{"start":{"line":22,"column":21},"end":{"line":22,"column":44}},{"start":{"line":22,"column":21},"end":{"line":22,"column":44}}]},"1":{"loc":{"start":{"line":24,"column":8},"end":{"line":25,"column":63}},"type":"switch","locations":[{"start":{"line":24,"column":8},"end":{"line":25,"column":63}},{"start":{"line":27,"column":8},"end":{"line":28,"column":54}},{"start":{"line":30,"column":8},"end":{"line":31,"column":52}},{"start":{"line":33,"column":8},"end":{"line":34,"column":55}},{"start":{"line":36,"column":8},"end":{"line":37,"column":58}},{"start":{"line":39,"column":8},"end":{"line":40,"column":55}},{"start":{"line":42,"column":8},"end":{"line":43,"column":25}}]}},"s":{"0":6,"1":6,"2":6,"3":96,"4":63,"5":1,"6":1,"7":13,"8":1,"9":1,"10":1,"11":45,"12":6},"f":{"0":63},"b":{"0":[33,30],"1":[1,1,13,1,1,1,45]}}
,"C:\\Users\\Gabriel Carvalho\\Projetos\\gaia-react\\src\\pages\\main\\Home\\HomeForm.tsx": {"path":"C:\\Users\\Gabriel Carvalho\\Projetos\\gaia-react\\src\\pages\\main\\Home\\HomeForm.tsx","statementMap":{"0":{"start":{"line":1,"column":0},"end":{"line":1,"column":25}},"1":{"start":{"line":2,"column":0},"end":{"line":2,"column":68}},"2":{"start":{"line":3,"column":0},"end":{"line":3,"column":39}},"3":{"start":{"line":4,"column":0},"end":{"line":4,"column":40}},"4":{"start":{"line":5,"column":0},"end":{"line":5,"column":80}},"5":{"start":{"line":7,"column":0},"end":{"line":7,"column":38}},"6":{"start":{"line":10,"column":20},"end":{"line":54,"column":1}},"7":{"start":{"line":11,"column":10},"end":{"line":11,"column":22}},"8":{"start":{"line":11,"column":24},"end":{"line":11,"column":32}},"9":{"start":{"line":11,"column":34},"end":{"line":11,"column":42}},"10":{"start":{"line":11,"column":44},"end":{"line":11,"column":50}},"11":{"start":{"line":11,"column":52},"end":{"line":11,"column":59}},"12":{"start":{"line":11,"column":61},"end":{"line":11,"column":66}},"13":{"start":{"line":13,"column":2},"end":{"line":53,"column":4}},"14":{"start":{"line":27,"column":57},"end":{"line":34,"column":18}},"15":{"start":{"line":56,"column":24},"end":{"line":62,"column":1}},"16":{"start":{"line":57,"column":25},"end":{"line":57,"column":42}},"17":{"start":{"line":59,"column":2},"end":{"line":61,"column":5}},"18":{"start":{"line":64,"column":0},"end":{"line":64,"column":53}},"19":{"start":{"line":66,"column":0},"end":{"line":66,"column":46}},"20":{"start":{"line":68,"column":0},"end":{"line":68,"column":24}}},"fnMap":{"0":{"name":"(anonymous_1)","decl":{"start":{"line":10,"column":20},"end":{"line":10,"column":21}},"loc":{"start":{"line":10,"column":31},"end":{"line":54,"column":1}}},"1":{"name":"(anonymous_2)","decl":{"start":{"line":27,"column":26},"end":{"line":27,"column":27}},"loc":{"start":{"line":27,"column":52},"end":{"line":27,"column":null}}},"2":{"name":"(anonymous_3)","decl":{"start":{"line":56,"column":24},"end":{"line":56,"column":25}},"loc":{"start":{"line":56,"column":44},"end":{"line":62,"column":1}}}},"branchMap":{"0":{"loc":{"start":{"line":18,"column":10},"end":{"line":19,"column":null}},"type":"cond-expr","locations":[{"start":{"line":18,"column":10},"end":{"line":19,"column":null}},{"start":{"line":22,"column":10},"end":{"line":48,"column":null}}]},"1":{"loc":{"start":{"line":16,"column":8},"end":{"line":16,"column":15}},"type":"binary-expr","locations":[{"start":{"line":16,"column":8},"end":{"line":16,"column":15}},{"start":{"line":16,"column":19},"end":{"line":16,"column":32}}]}},"s":{"0":3,"1":3,"2":3,"3":3,"4":3,"5":3,"6":3,"7":1,"8":1,"9":1,"10":1,"11":1,"12":1,"13":1,"14":5,"15":3,"16":3,"17":3,"18":3,"19":3,"20":3},"f":{"0":1,"1":5,"2":3},"b":{"0":[0,1],"1":[1,0]}}
,"C:\\Users\\Gabriel Carvalho\\Projetos\\gaia-react\\src\\pages\\main\\Home\\HomePage.tsx": {"path":"C:\\Users\\Gabriel Carvalho\\Projetos\\gaia-react\\src\\pages\\main\\Home\\HomePage.tsx","statementMap":{"0":{"start":{"line":1,"column":0},"end":{"line":1,"column":55}},"1":{"start":{"line":3,"column":0},"end":{"line":3,"column":38}},"2":{"start":{"line":5,"column":0},"end":{"line":5,"column":42}},"3":{"start":{"line":6,"column":0},"end":{"line":6,"column":51}},"4":{"start":{"line":8,"column":0},"end":{"line":8,"column":34}},"5":{"start":{"line":9,"column":0},"end":{"line":9,"column":56}},"6":{"start":{"line":11,"column":0},"end":{"line":11,"column":20}},"7":{"start":{"line":20,"column":0},"end":{"line":20,"column":43}},"8":{"start":{"line":20,"column":23},"end":{"line":20,"column":36}},"9":{"start":{"line":23,"column":4},"end":{"line":23,"column":null}},"10":{"start":{"line":24,"column":4},"end":{"line":24,"column":32}},"11":{"start":{"line":26,"column":4},"end":{"line":26,"column":null}},"12":{"start":{"line":27,"column":4},"end":{"line":27,"column":45}},"13":{"start":{"line":30,"column":2},"end":{"line":32,"column":null}},"14":{"start":{"line":34,"column":2},"end":{"line":48,"column":null}},"15":{"start":{"line":36,"column":4},"end":{"line":47,"column":null}},"16":{"start":{"line":49,"column":0},"end":{"line":49,"column":null}},"17":{"start":{"line":51,"column":24},"end":{"line":54,"column":1}},"18":{"start":{"line":52,"column":10},"end":{"line":52,"column":21}},"19":{"start":{"line":53,"column":2},"end":{"line":53,"column":21}},"20":{"start":{"line":56,"column":27},"end":{"line":60,"column":2}},"21":{"start":{"line":63,"column":0},"end":{"line":63,"column":70}}},"fnMap":{"0":{"name":"(anonymous_10)","decl":{"start":{"line":20,"column":0},"end":{"line":20,"column":23}},"loc":{"start":{"line":20,"column":0},"end":{"line":49,"column":null}}},"1":{"name":"HomePage","decl":{"start":{"line":22,"column":2},"end":{"line":22,"column":14}},"loc":{"start":{"line":22,"column":26},"end":{"line":28,"column":3}}},"2":{"name":"(anonymous_12)","decl":{"start":{"line":30,"column":2},"end":{"line":30,"column":10}},"loc":{"start":{"line":30,"column":21},"end":{"line":32,"column":3}}},"3":{"name":"(anonymous_13)","decl":{"start":{"line":34,"column":2},"end":{"line":34,"column":8}},"loc":{"start":{"line":34,"column":2},"end":{"line":48,"column":3}}},"4":{"name":"(anonymous_14)","decl":{"start":{"line":51,"column":24},"end":{"line":51,"column":25}},"loc":{"start":{"line":51,"column":44},"end":{"line":54,"column":1}}}},"branchMap":{"0":{"loc":{"start":{"line":23,"column":4},"end":{"line":23,"column":16}},"type":"binary-expr","locations":[{"start":{"line":23,"column":4},"end":{"line":23,"column":16}},{"start":{"line":23,"column":16},"end":{"line":23,"column":null}}]}},"s":{"0":3,"1":3,"2":3,"3":3,"4":3,"5":3,"6":3,"7":3,"8":3,"9":4,"10":4,"11":4,"12":4,"13":3,"14":3,"15":4,"16":3,"17":3,"18":4,"19":4,"20":3,"21":3},"f":{"0":3,"1":4,"2":1,"3":4,"4":4},"b":{"0":[4,4]}}
,"C:\\Users\\Gabriel Carvalho\\Projetos\\gaia-react\\src\\pages\\main\\Home\\homeActions.ts": {"path":"C:\\Users\\Gabriel Carvalho\\Projetos\\gaia-react\\src\\pages\\main\\Home\\homeActions.ts","statementMap":{"0":{"start":{"line":1,"column":0},"end":{"line":1,"column":26}},"1":{"start":{"line":2,"column":0},"end":{"line":2,"column":54}},"2":{"start":{"line":4,"column":0},"end":{"line":4,"column":55}},"3":{"start":{"line":5,"column":0},"end":{"line":5,"column":62}},"4":{"start":{"line":9,"column":13},"end":{"line":12,"column":3}},"5":{"start":{"line":9,"column":41},"end":{"line":12,"column":3}},"6":{"start":{"line":14,"column":13},"end":{"line":55,"column":null}},"7":{"start":{"line":14,"column":45},"end":{"line":55,"column":null}},"8":{"start":{"line":14,"column":78},"end":{"line":55,"column":null}},"9":{"start":{"line":16,"column":4},"end":{"line":16,"column":49}},"10":{"start":{"line":18,"column":21},"end":{"line":22,"column":null}},"11":{"start":{"line":18,"column":12},"end":{"line":18,"column":21}},"12":{"start":{"line":24,"column":10},"end":{"line":24,"column":34}},"13":{"start":{"line":26,"column":4},"end":{"line":28,"column":6}},"14":{"start":{"line":27,"column":6},"end":{"line":27,"column":null}},"15":{"start":{"line":30,"column":4},"end":{"line":33,"column":7}},"16":{"start":{"line":35,"column":4},"end":{"line":38,"column":7}},"17":{"start":{"line":42,"column":4},"end":{"line":50,"column":7}},"18":{"start":{"line":53,"column":4},"end":{"line":53,"column":50}}},"fnMap":{"0":{"name":"(anonymous_14)","decl":{"start":{"line":9,"column":22},"end":{"line":9,"column":23}},"loc":{"start":{"line":9,"column":36},"end":{"line":9,"column":42}}},"1":{"name":"(anonymous_15)","decl":{"start":{"line":14,"column":26},"end":{"line":14,"column":27}},"loc":{"start":{"line":14,"column":40},"end":{"line":14,"column":52}}},"2":{"name":"(anonymous_16)","decl":{"start":{"line":14,"column":45},"end":{"line":14,"column":52}},"loc":{"start":{"line":14,"column":78},"end":{"line":55,"column":null}}},"3":{"name":"(anonymous_17)","decl":{"start":{"line":14,"column":78},"end":{"line":14,"column":null}},"loc":{"start":{"line":14,"column":78},"end":{"line":55,"column":null}}},"4":{"name":"(anonymous_19)","decl":{"start":{"line":26,"column":17},"end":{"line":26,"column":18}},"loc":{"start":{"line":26,"column":43},"end":{"line":27,"column":19}}}},"branchMap":{},"s":{"0":4,"1":4,"2":4,"3":4,"4":4,"5":1,"6":4,"7":6,"8":6,"9":6,"10":6,"11":2,"12":2,"13":2,"14":1,"15":1,"16":1,"17":1,"18":2},"f":{"0":1,"1":6,"2":6,"3":6,"4":1},"b":{}}
,"C:\\Users\\Gabriel Carvalho\\Projetos\\gaia-react\\src\\pages\\main\\Home\\homeActionsTypes.ts": {"path":"C:\\Users\\Gabriel Carvalho\\Projetos\\gaia-react\\src\\pages\\main\\Home\\homeActionsTypes.ts","statementMap":{"0":{"start":{"line":1,"column":13},"end":{"line":8,"column":null}}},"fnMap":{},"branchMap":{},"s":{"0":7},"f":{},"b":{}}
,"C:\\Users\\Gabriel Carvalho\\Projetos\\gaia-react\\src\\pages\\main\\Home\\homeFormTab.tsx": {"path":"C:\\Users\\Gabriel Carvalho\\Projetos\\gaia-react\\src\\pages\\main\\Home\\homeFormTab.tsx","statementMap":{"0":{"start":{"line":1,"column":0},"end":{"line":1,"column":25}},"1":{"start":{"line":2,"column":0},"end":{"line":2,"column":35}},"2":{"start":{"line":3,"column":0},"end":{"line":3,"column":74}},"3":{"start":{"line":5,"column":0},"end":{"line":5,"column":95}},"4":{"start":{"line":13,"column":20},"end":{"line":72,"column":1}},"5":{"start":{"line":14,"column":10},"end":{"line":14,"column":14}},"6":{"start":{"line":14,"column":16},"end":{"line":14,"column":23}},"7":{"start":{"line":14,"column":25},"end":{"line":14,"column":29}},"8":{"start":{"line":16,"column":2},"end":{"line":71,"column":4}},"9":{"start":{"line":74,"column":0},"end":{"line":74,"column":27}}},"fnMap":{"0":{"name":"(anonymous_1)","decl":{"start":{"line":13,"column":20},"end":{"line":13,"column":21}},"loc":{"start":{"line":13,"column":33},"end":{"line":72,"column":1}}}},"branchMap":{},"s":{"0":3,"1":3,"2":3,"3":3,"4":3,"5":1,"6":1,"7":1,"8":1,"9":3},"f":{"0":1},"b":{}}
,"C:\\Users\\Gabriel Carvalho\\Projetos\\gaia-react\\src\\pages\\main\\Home\\homeReducer.ts": {"path":"C:\\Users\\Gabriel Carvalho\\Projetos\\gaia-react\\src\\pages\\main\\Home\\homeReducer.ts","statementMap":{"0":{"start":{"line":1,"column":0},"end":{"line":1,"column":54}},"1":{"start":{"line":12,"column":33},"end":{"line":15,"column":null}},"2":{"start":{"line":17,"column":20},"end":{"line":37,"column":1}},"3":{"start":{"line":17,"column":21},"end":{"line":17,"column":44}},"4":{"start":{"line":18,"column":4},"end":{"line":36,"column":null}},"5":{"start":{"line":20,"column":12},"end":{"line":20,"column":48}},"6":{"start":{"line":23,"column":12},"end":{"line":23,"column":52}},"7":{"start":{"line":26,"column":12},"end":{"line":26,"column":64}},"8":{"start":{"line":29,"column":12},"end":{"line":29,"column":47}},"9":{"start":{"line":32,"column":12},"end":{"line":32,"column":56}},"10":{"start":{"line":35,"column":12},"end":{"line":35,"column":25}},"11":{"start":{"line":39,"column":0},"end":{"line":39,"column":27}}},"fnMap":{"0":{"name":"(anonymous_2)","decl":{"start":{"line":17,"column":20},"end":{"line":17,"column":21}},"loc":{"start":{"line":17,"column":58},"end":{"line":37,"column":1}}}},"branchMap":{"0":{"loc":{"start":{"line":17,"column":21},"end":{"line":17,"column":44}},"type":"if","locations":[{"start":{"line":17,"column":21},"end":{"line":17,"column":44}},{"start":{"line":17,"column":21},"end":{"line":17,"column":44}}]},"1":{"loc":{"start":{"line":19,"column":8},"end":{"line":20,"column":48}},"type":"switch","locations":[{"start":{"line":19,"column":8},"end":{"line":20,"column":48}},{"start":{"line":22,"column":8},"end":{"line":23,"column":52}},{"start":{"line":25,"column":8},"end":{"line":26,"column":64}},{"start":{"line":28,"column":8},"end":{"line":29,"column":47}},{"start":{"line":31,"column":8},"end":{"line":32,"column":56}},{"start":{"line":34,"column":8},"end":{"line":35,"column":25}}]}},"s":{"0":6,"1":6,"2":6,"3":96,"4":63,"5":1,"6":1,"7":1,"8":5,"9":1,"10":54,"11":6},"f":{"0":63},"b":{"0":[33,30],"1":[1,1,1,5,1,54]}}
,"C:\\Users\\Gabriel Carvalho\\Projetos\\gaia-react\\src\\pages\\main\\NotFound\\NotFoundPage.tsx": {"path":"C:\\Users\\Gabriel Carvalho\\Projetos\\gaia-react\\src\\pages\\main\\NotFound\\NotFoundPage.tsx","statementMap":{"0":{"start":{"line":1,"column":0},"end":{"line":1,"column":55}},"1":{"start":{"line":3,"column":0},"end":{"line":3,"column":42}},"2":{"start":{"line":5,"column":0},"end":{"line":5,"column":38}},"3":{"start":{"line":7,"column":0},"end":{"line":7,"column":55}},"4":{"start":{"line":22,"column":0},"end":{"line":22,"column":47}},"5":{"start":{"line":22,"column":27},"end":{"line":22,"column":40}},"6":{"start":{"line":25,"column":4},"end":{"line":25,"column":null}},"7":{"start":{"line":26,"column":4},"end":{"line":26,"column":42}},"8":{"start":{"line":29,"column":2},"end":{"line":47,"column":null}},"9":{"start":{"line":30,"column":10},"end":{"line":30,"column":12}},"10":{"start":{"line":30,"column":12},"end":{"line":30,"column":17}},"11":{"start":{"line":30,"column":19},"end":{"line":30,"column":41}},"12":{"start":{"line":32,"column":4},"end":{"line":46,"column":6}},"13":{"start":{"line":41,"column":25},"end":{"line":41,"column":null}},"14":{"start":{"line":48,"column":0},"end":{"line":48,"column":null}},"15":{"start":{"line":50,"column":24},"end":{"line":52,"column":1}},"16":{"start":{"line":51,"column":2},"end":{"line":51,"column":12}},"17":{"start":{"line":54,"column":27},"end":{"line":56,"column":2}},"18":{"start":{"line":58,"column":0},"end":{"line":58,"column":74}}},"fnMap":{"0":{"name":"(anonymous_7)","decl":{"start":{"line":22,"column":0},"end":{"line":22,"column":27}},"loc":{"start":{"line":22,"column":0},"end":{"line":48,"column":null}}},"1":{"name":"NotFoundPage","decl":{"start":{"line":24,"column":2},"end":{"line":24,"column":14}},"loc":{"start":{"line":24,"column":26},"end":{"line":27,"column":3}}},"2":{"name":"(anonymous_9)","decl":{"start":{"line":29,"column":2},"end":{"line":29,"column":8}},"loc":{"start":{"line":29,"column":2},"end":{"line":47,"column":3}}},"3":{"name":"(anonymous_10)","decl":{"start":{"line":41,"column":19},"end":{"line":41,"column":25}},"loc":{"start":{"line":41,"column":19},"end":{"line":41,"column":32}}},"4":{"name":"(anonymous_11)","decl":{"start":{"line":50,"column":24},"end":{"line":50,"column":25}},"loc":{"start":{"line":50,"column":44},"end":{"line":52,"column":1}}}},"branchMap":{"0":{"loc":{"start":{"line":25,"column":4},"end":{"line":25,"column":16}},"type":"binary-expr","locations":[{"start":{"line":25,"column":4},"end":{"line":25,"column":16}},{"start":{"line":25,"column":16},"end":{"line":25,"column":null}}]}},"s":{"0":3,"1":3,"2":3,"3":3,"4":3,"5":3,"6":3,"7":3,"8":3,"9":3,"10":3,"11":3,"12":3,"13":1,"14":3,"15":3,"16":5,"17":3,"18":3},"f":{"0":3,"1":3,"2":3,"3":1,"4":5},"b":{"0":[3,3]}}
,"C:\\Users\\Gabriel Carvalho\\Projetos\\gaia-react\\src\\pages\\main\\components\\SideDrawer.tsx": {"path":"C:\\Users\\Gabriel Carvalho\\Projetos\\gaia-react\\src\\pages\\main\\components\\SideDrawer.tsx","statementMap":{"0":{"start":{"line":1,"column":0},"end":{"line":1,"column":26}},"1":{"start":{"line":3,"column":0},"end":{"line":3,"column":108}},"2":{"start":{"line":4,"column":0},"end":{"line":4,"column":49}},"3":{"start":{"line":5,"column":0},"end":{"line":5,"column":47}},"4":{"start":{"line":14,"column":19},"end":{"line":65,"column":1}},"5":{"start":{"line":15,"column":10},"end":{"line":15,"column":14}},"6":{"start":{"line":15,"column":16},"end":{"line":15,"column":28}},"7":{"start":{"line":15,"column":30},"end":{"line":15,"column":41}},"8":{"start":{"line":17,"column":15},"end":{"line":23,"column":4}},"9":{"start":{"line":25,"column":19},"end":{"line":28,"column":3}},"10":{"start":{"line":26,"column":4},"end":{"line":26,"column":null}},"11":{"start":{"line":27,"column":4},"end":{"line":27,"column":19}},"12":{"start":{"line":30,"column":2},"end":{"line":64,"column":4}},"13":{"start":{"line":51,"column":36},"end":{"line":60,"column":12}},"14":{"start":{"line":55,"column":29},"end":{"line":55,"column":null}},"15":{"start":{"line":67,"column":0},"end":{"line":67,"column":26}}},"fnMap":{"0":{"name":"(anonymous_1)","decl":{"start":{"line":14,"column":19},"end":{"line":14,"column":20}},"loc":{"start":{"line":14,"column":32},"end":{"line":65,"column":1}}},"1":{"name":"(anonymous_2)","decl":{"start":{"line":25,"column":19},"end":{"line":25,"column":20}},"loc":{"start":{"line":25,"column":31},"end":{"line":28,"column":3}}},"2":{"name":"(anonymous_3)","decl":{"start":{"line":51,"column":19},"end":{"line":51,"column":20}},"loc":{"start":{"line":51,"column":31},"end":{"line":51,"column":null}}},"3":{"name":"(anonymous_4)","decl":{"start":{"line":55,"column":23},"end":{"line":55,"column":29}},"loc":{"start":{"line":55,"column":23},"end":{"line":55,"column":37}}}},"branchMap":{},"s":{"0":3,"1":3,"2":3,"3":3,"4":3,"5":4,"6":4,"7":4,"8":4,"9":4,"10":1,"11":1,"12":4,"13":4,"14":1,"15":3},"f":{"0":4,"1":1,"2":4,"3":1},"b":{}}
,"C:\\Users\\Gabriel Carvalho\\Projetos\\gaia-react\\src\\pages\\main\\components\\ToolBar.tsx": {"path":"C:\\Users\\Gabriel Carvalho\\Projetos\\gaia-react\\src\\pages\\main\\components\\ToolBar.tsx","statementMap":{"0":{"start":{"line":1,"column":0},"end":{"line":1,"column":25}},"1":{"start":{"line":3,"column":0},"end":{"line":3,"column":84}},"2":{"start":{"line":4,"column":0},"end":{"line":4,"column":47}},"3":{"start":{"line":6,"column":0},"end":{"line":6,"column":58}},"4":{"start":{"line":15,"column":16},"end":{"line":48,"column":1}},"5":{"start":{"line":16,"column":10},"end":{"line":16,"column":15}},"6":{"start":{"line":16,"column":17},"end":{"line":16,"column":24}},"7":{"start":{"line":16,"column":26},"end":{"line":16,"column":38}},"8":{"start":{"line":18,"column":17},"end":{"line":21,"column":3}},"9":{"start":{"line":19,"column":4},"end":{"line":19,"column":19}},"10":{"start":{"line":20,"column":4},"end":{"line":20,"column":27}},"11":{"start":{"line":23,"column":2},"end":{"line":47,"column":4}},"12":{"start":{"line":50,"column":0},"end":{"line":50,"column":23}}},"fnMap":{"0":{"name":"(anonymous_1)","decl":{"start":{"line":15,"column":16},"end":{"line":15,"column":17}},"loc":{"start":{"line":15,"column":29},"end":{"line":48,"column":1}}},"1":{"name":"(anonymous_2)","decl":{"start":{"line":18,"column":17},"end":{"line":18,"column":null}},"loc":{"start":{"line":18,"column":17},"end":{"line":21,"column":3}}}},"branchMap":{},"s":{"0":3,"1":3,"2":3,"3":3,"4":3,"5":4,"6":4,"7":4,"8":4,"9":1,"10":1,"11":4,"12":3},"f":{"0":4,"1":1},"b":{}}
,"C:\\Users\\Gabriel Carvalho\\Projetos\\gaia-react\\src\\shared\\components\\WeekTabs\\WeekTabs.tsx": {"path":"C:\\Users\\Gabriel Carvalho\\Projetos\\gaia-react\\src\\shared\\components\\WeekTabs\\WeekTabs.tsx","statementMap":{"0":{"start":{"line":1,"column":0},"end":{"line":1,"column":26}},"1":{"start":{"line":3,"column":0},"end":{"line":3,"column":46}},"2":{"start":{"line":4,"column":0},"end":{"line":4,"column":52}},"3":{"start":{"line":5,"column":0},"end":{"line":5,"column":51}},"4":{"start":{"line":7,"column":0},"end":{"line":7,"column":24}},"5":{"start":{"line":15,"column":17},"end":{"line":61,"column":1}},"6":{"start":{"line":17,"column":4},"end":{"line":17,"column":9}},"7":{"start":{"line":18,"column":4},"end":{"line":18,"column":12}},"8":{"start":{"line":19,"column":4},"end":{"line":19,"column":12}},"9":{"start":{"line":22,"column":15},"end":{"line":22,"column":64}},"10":{"start":{"line":23,"column":16},"end":{"line":23,"column":26}},"11":{"start":{"line":25,"column":27},"end":{"line":25,"column":54}},"12":{"start":{"line":25,"column":46},"end":{"line":25,"column":62}},"13":{"start":{"line":26,"column":27},"end":{"line":26,"column":87}},"14":{"start":{"line":26,"column":79},"end":{"line":26,"column":98}},"15":{"start":{"line":28,"column":2},"end":{"line":60,"column":null}},"16":{"start":{"line":41,"column":31},"end":{"line":47,"column":12}},"17":{"start":{"line":63,"column":0},"end":{"line":63,"column":null}}},"fnMap":{"0":{"name":"(anonymous_1)","decl":{"start":{"line":15,"column":17},"end":{"line":15,"column":18}},"loc":{"start":{"line":15,"column":30},"end":{"line":61,"column":1}}},"1":{"name":"(anonymous_2)","decl":{"start":{"line":25,"column":27},"end":{"line":25,"column":28}},"loc":{"start":{"line":25,"column":41},"end":{"line":25,"column":54}}},"2":{"name":"(anonymous_3)","decl":{"start":{"line":26,"column":27},"end":{"line":26,"column":28}},"loc":{"start":{"line":26,"column":74},"end":{"line":26,"column":87}}},"3":{"name":"(anonymous_4)","decl":{"start":{"line":41,"column":19},"end":{"line":41,"column":20}},"loc":{"start":{"line":41,"column":26},"end":{"line":41,"column":null}}}},"branchMap":{"0":{"loc":{"start":{"line":53,"column":42},"end":{"line":53,"column":53}},"type":"cond-expr","locations":[{"start":{"line":53,"column":42},"end":{"line":53,"column":53}},{"start":{"line":53,"column":56},"end":{"line":53,"column":59}}]}},"s":{"0":4,"1":4,"2":4,"3":4,"4":4,"5":4,"6":4,"7":4,"8":4,"9":4,"10":4,"11":4,"12":1,"13":4,"14":1,"15":4,"16":20,"17":4},"f":{"0":4,"1":1,"2":1,"3":20},"b":{"0":[0,4]}}
,"C:\\Users\\Gabriel Carvalho\\Projetos\\gaia-react\\src\\shared\\components\\renderSelectField\\renderSelectField.tsx": {"path":"C:\\Users\\Gabriel Carvalho\\Projetos\\gaia-react\\src\\shared\\components\\renderSelectField\\renderSelectField.tsx","statementMap":{"0":{"start":{"line":1,"column":0},"end":{"line":1,"column":25}},"1":{"start":{"line":2,"column":0},"end":{"line":2,"column":69}},"2":{"start":{"line":19,"column":26},"end":{"line":59,"column":1}},"3":{"start":{"line":21,"column":4},"end":{"line":21,"column":9}},"4":{"start":{"line":22,"column":4},"end":{"line":22,"column":12}},"5":{"start":{"line":22,"column":12},"end":{"line":22,"column":19}},"6":{"start":{"line":22,"column":21},"end":{"line":22,"column":26}},"7":{"start":{"line":23,"column":4},"end":{"line":23,"column":11}},"8":{"start":{"line":24,"column":4},"end":{"line":24,"column":9}},"9":{"start":{"line":25,"column":4},"end":{"line":25,"column":11}},"10":{"start":{"line":28,"column":2},"end":{"line":58,"column":4}},"11":{"start":{"line":37,"column":54},"end":{"line":47,"column":12}},"12":{"start":{"line":61,"column":0},"end":{"line":61,"column":null}}},"fnMap":{"0":{"name":"(anonymous_4)","decl":{"start":{"line":19,"column":26},"end":{"line":19,"column":27}},"loc":{"start":{"line":19,"column":39},"end":{"line":59,"column":1}}},"1":{"name":"(anonymous_5)","decl":{"start":{"line":37,"column":22},"end":{"line":37,"column":23}},"loc":{"start":{"line":37,"column":49},"end":{"line":37,"column":null}}}},"branchMap":{"0":{"loc":{"start":{"line":33,"column":15},"end":{"line":33,"column":22}},"type":"binary-expr","locations":[{"start":{"line":33,"column":15},"end":{"line":33,"column":22}},{"start":{"line":33,"column":26},"end":{"line":33,"column":33}}]},"1":{"loc":{"start":{"line":39,"column":28},"end":{"line":39,"column":39}},"type":"binary-expr","locations":[{"start":{"line":39,"column":28},"end":{"line":39,"column":39}},{"start":{"line":39,"column":43},"end":{"line":39,"column":50}}]},"2":{"loc":{"start":{"line":42,"column":65},"end":{"line":42,"column":73}},"type":"cond-expr","locations":[{"start":{"line":42,"column":65},"end":{"line":42,"column":73}},{"start":{"line":42,"column":76},"end":{"line":42,"column":78}}]},"3":{"loc":{"start":{"line":42,"column":23},"end":{"line":42,"column":34}},"type":"binary-expr","locations":[{"start":{"line":42,"column":23},"end":{"line":42,"column":34}},{"start":{"line":42,"column":38},"end":{"line":42,"column":45}}]},"4":{"loc":{"start":{"line":45,"column":22},"end":{"line":45,"column":32}},"type":"binary-expr","locations":[{"start":{"line":45,"column":22},"end":{"line":45,"column":32}},{"start":{"line":45,"column":36},"end":{"line":45,"column":42}}]},"5":{"loc":{"start":{"line":51,"column":8},"end":{"line":51,"column":15}},"type":"binary-expr","locations":[{"start":{"line":51,"column":8},"end":{"line":51,"column":15}},{"start":{"line":51,"column":19},"end":{"line":51,"column":24}},{"start":{"line":52,"column":8},"end":{"line":53,"column":null}}]}},"s":{"0":3,"1":3,"2":3,"3":1,"4":1,"5":1,"6":1,"7":1,"8":1,"9":1,"10":1,"11":3,"12":3},"f":{"0":1,"1":3},"b":{"0":[1,0],"1":[3,0],"2":[0,3],"3":[3,0],"4":[3,3],"5":[1,0,0]}}
,"C:\\Users\\Gabriel Carvalho\\Projetos\\gaia-react\\src\\shared\\components\\renderTextField\\renderTextField.tsx": {"path":"C:\\Users\\Gabriel Carvalho\\Projetos\\gaia-react\\src\\shared\\components\\renderTextField\\renderTextField.tsx","statementMap":{"0":{"start":{"line":1,"column":0},"end":{"line":1,"column":25}},"1":{"start":{"line":2,"column":0},"end":{"line":2,"column":45}},"2":{"start":{"line":14,"column":24},"end":{"line":30,"column":1}},"3":{"start":{"line":16,"column":4},"end":{"line":16,"column":9}},"4":{"start":{"line":17,"column":4},"end":{"line":17,"column":12}},"5":{"start":{"line":17,"column":12},"end":{"line":17,"column":19}},"6":{"start":{"line":17,"column":21},"end":{"line":17,"column":26}},"7":{"start":{"line":18,"column":4},"end":{"line":18,"column":11}},"8":{"start":{"line":21,"column":2},"end":{"line":29,"column":4}},"9":{"start":{"line":32,"column":0},"end":{"line":32,"column":null}}},"fnMap":{"0":{"name":"(anonymous_4)","decl":{"start":{"line":14,"column":24},"end":{"line":14,"column":25}},"loc":{"start":{"line":14,"column":37},"end":{"line":30,"column":1}}}},"branchMap":{"0":{"loc":{"start":{"line":25,"column":13},"end":{"line":25,"column":20}},"type":"binary-expr","locations":[{"start":{"line":25,"column":13},"end":{"line":25,"column":20}},{"start":{"line":25,"column":24},"end":{"line":25,"column":31}}]},"1":{"loc":{"start":{"line":26,"column":18},"end":{"line":26,"column":25}},"type":"binary-expr","locations":[{"start":{"line":26,"column":18},"end":{"line":26,"column":25}},{"start":{"line":26,"column":29},"end":{"line":26,"column":34}}]}},"s":{"0":2,"1":2,"2":2,"3":12,"4":12,"5":12,"6":12,"7":12,"8":12,"9":2},"f":{"0":12},"b":{"0":[12,0],"1":[12,0]}}
,"C:\\Users\\Gabriel Carvalho\\Projetos\\gaia-react\\src\\shared\\components\\snack\\snack.tsx": {"path":"C:\\Users\\Gabriel Carvalho\\Projetos\\gaia-react\\src\\shared\\components\\snack\\snack.tsx","statementMap":{"0":{"start":{"line":1,"column":0},"end":{"line":1,"column":26}},"1":{"start":{"line":2,"column":0},"end":{"line":2,"column":53}},"2":{"start":{"line":4,"column":0},"end":{"line":4,"column":47}},"3":{"start":{"line":5,"column":0},"end":{"line":5,"column":53}},"4":{"start":{"line":6,"column":0},"end":{"line":6,"column":49}},"5":{"start":{"line":7,"column":0},"end":{"line":7,"column":61}},"6":{"start":{"line":17,"column":14},"end":{"line":59,"column":1}},"7":{"start":{"line":19,"column":4},"end":{"line":19,"column":8}},"8":{"start":{"line":20,"column":4},"end":{"line":20,"column":8}},"9":{"start":{"line":21,"column":4},"end":{"line":21,"column":11}},"10":{"start":{"line":22,"column":4},"end":{"line":22,"column":12}},"11":{"start":{"line":23,"column":4},"end":{"line":23,"column":14}},"12":{"start":{"line":26,"column":16},"end":{"line":31,"column":null}},"13":{"start":{"line":33,"column":2},"end":{"line":58,"column":null}},"14":{"start":{"line":61,"column":0},"end":{"line":61,"column":null}}},"fnMap":{"0":{"name":"(anonymous_1)","decl":{"start":{"line":17,"column":14},"end":{"line":17,"column":15}},"loc":{"start":{"line":17,"column":27},"end":{"line":59,"column":1}}}},"branchMap":{"0":{"loc":{"start":{"line":48,"column":17},"end":{"line":48,"column":21}},"type":"binary-expr","locations":[{"start":{"line":48,"column":17},"end":{"line":48,"column":21}},{"start":{"line":48,"column":25},"end":{"line":48,"column":31}}]}},"s":{"0":3,"1":3,"2":3,"3":3,"4":3,"5":3,"6":3,"7":2,"8":2,"9":2,"10":2,"11":2,"12":2,"13":2,"14":3},"f":{"0":2},"b":{"0":[2,2]}}
,"C:\\Users\\Gabriel Carvalho\\Projetos\\gaia-react\\src\\shared\\theme\\theme.ts": {"path":"C:\\Users\\Gabriel Carvalho\\Projetos\\gaia-react\\src\\shared\\theme\\theme.ts","statementMap":{"0":{"start":{"line":1,"column":0},"end":{"line":1,"column":57}},"1":{"start":{"line":3,"column":13},"end":{"line":19,"column":3}}},"fnMap":{},"branchMap":{},"s":{"0":1,"1":1},"f":{},"b":{}}
,"C:\\Users\\Gabriel Carvalho\\Projetos\\gaia-react\\src\\shared\\utils\\auth.ts": {"path":"C:\\Users\\Gabriel Carvalho\\Projetos\\gaia-react\\src\\shared\\utils\\auth.ts","statementMap":{"0":{"start":{"line":7,"column":13},"end":{"line":14,"column":null}},"1":{"start":{"line":8,"column":37},"end":{"line":11,"column":null}},"2":{"start":{"line":13,"column":4},"end":{"line":13,"column":69}},"3":{"start":{"line":16,"column":13},"end":{"line":25,"column":null}},"4":{"start":{"line":17,"column":4},"end":{"line":22,"column":null}},"5":{"start":{"line":18,"column":41},"end":{"line":18,"column":77}},"6":{"start":{"line":19,"column":8},"end":{"line":19,"column":82}},"7":{"start":{"line":21,"column":8},"end":{"line":21,"column":27}},"8":{"start":{"line":24,"column":4},"end":{"line":24,"column":59}},"9":{"start":{"line":27,"column":13},"end":{"line":27,"column":73}},"10":{"start":{"line":27,"column":34},"end":{"line":27,"column":73}}},"fnMap":{"0":{"name":"(anonymous_0)","decl":{"start":{"line":7,"column":26},"end":{"line":7,"column":27}},"loc":{"start":{"line":7,"column":40},"end":{"line":14,"column":1}}},"1":{"name":"(anonymous_1)","decl":{"start":{"line":16,"column":45},"end":{"line":16,"column":null}},"loc":{"start":{"line":16,"column":45},"end":{"line":25,"column":1}}},"2":{"name":"(anonymous_2)","decl":{"start":{"line":27,"column":28},"end":{"line":27,"column":34}},"loc":{"start":{"line":27,"column":28},"end":{"line":27,"column":46}}}},"branchMap":{"0":{"loc":{"start":{"line":17,"column":4},"end":{"line":22,"column":null}},"type":"if","locations":[{"start":{"line":17,"column":4},"end":{"line":22,"column":null}},{"start":{"line":17,"column":4},"end":{"line":22,"column":null}}]},"1":{"loc":{"start":{"line":19,"column":54},"end":{"line":19,"column":75}},"type":"binary-expr","locations":[{"start":{"line":19,"column":54},"end":{"line":19,"column":75}},{"start":{"line":19,"column":79},"end":{"line":19,"column":80}}]}},"s":{"0":8,"1":6,"2":6,"3":8,"4":17,"5":5,"6":5,"7":5,"8":12,"9":8,"10":12},"f":{"0":6,"1":17,"2":12},"b":{"0":[5,12],"1":[5,0]}}
,"C:\\Users\\Gabriel Carvalho\\Projetos\\gaia-react\\src\\shared\\utils\\resolveError.ts": {"path":"C:\\Users\\Gabriel Carvalho\\Projetos\\gaia-react\\src\\shared\\utils\\resolveError.ts","statementMap":{"0":{"start":{"line":1,"column":21},"end":{"line":13,"column":1}},"1":{"start":{"line":2,"column":10},"end":{"line":2,"column":18}},"2":{"start":{"line":4,"column":2},"end":{"line":10,"column":null}},"3":{"start":{"line":5,"column":4},"end":{"line":5,"column":63}},"4":{"start":{"line":6,"column":9},"end":{"line":10,"column":null}},"5":{"start":{"line":7,"column":4},"end":{"line":7,"column":38}},"6":{"start":{"line":9,"column":4},"end":{"line":9,"column":45}},"7":{"start":{"line":12,"column":2},"end":{"line":12,"column":11}},"8":{"start":{"line":15,"column":0},"end":{"line":15,"column":28}}},"fnMap":{"0":{"name":"(anonymous_0)","decl":{"start":{"line":1,"column":21},"end":{"line":1,"column":22}},"loc":{"start":{"line":1,"column":28},"end":{"line":13,"column":1}}}},"branchMap":{"0":{"loc":{"start":{"line":4,"column":2},"end":{"line":10,"column":null}},"type":"if","locations":[{"start":{"line":4,"column":2},"end":{"line":10,"column":null}},{"start":{"line":4,"column":2},"end":{"line":10,"column":null}}]},"1":{"loc":{"start":{"line":4,"column":6},"end":{"line":4,"column":14}},"type":"binary-expr","locations":[{"start":{"line":4,"column":6},"end":{"line":4,"column":14}},{"start":{"line":4,"column":18},"end":{"line":4,"column":41}}]},"2":{"loc":{"start":{"line":6,"column":9},"end":{"line":10,"column":null}},"type":"if","locations":[{"start":{"line":6,"column":9},"end":{"line":10,"column":null}},{"start":{"line":6,"column":9},"end":{"line":10,"column":null}}]},"3":{"loc":{"start":{"line":6,"column":13},"end":{"line":6,"column":21}},"type":"binary-expr","locations":[{"start":{"line":6,"column":13},"end":{"line":6,"column":21}},{"start":{"line":6,"column":25},"end":{"line":6,"column":38}}]}},"s":{"0":7,"1":5,"2":5,"3":1,"4":4,"5":1,"6":3,"7":5,"8":7},"f":{"0":5},"b":{"0":[1,4],"1":[5,3],"2":[1,3],"3":[4,2]}}
,"C:\\Users\\Gabriel Carvalho\\Projetos\\gaia-react\\src\\shared\\utils\\testRender.ts": {"path":"C:\\Users\\Gabriel Carvalho\\Projetos\\gaia-react\\src\\shared\\utils\\testRender.ts","statementMap":{"0":{"start":{"line":2,"column":0},"end":{"line":2,"column":33}},"1":{"start":{"line":4,"column":13},"end":{"line":6,"column":20}},"2":{"start":{"line":4,"column":61},"end":{"line":6,"column":20}}},"fnMap":{"0":{"name":"(anonymous_0)","decl":{"start":{"line":4,"column":32},"end":{"line":4,"column":33}},"loc":{"start":{"line":4,"column":56},"end":{"line":4,"column":68}}}},"branchMap":{},"s":{"0":3,"1":3,"2":13},"f":{"0":13},"b":{}}
,"C:\\Users\\Gabriel Carvalho\\Projetos\\gaia-react\\src\\shared\\validators\\validators.ts": {"path":"C:\\Users\\Gabriel Carvalho\\Projetos\\gaia-react\\src\\shared\\validators\\validators.ts","statementMap":{"0":{"start":{"line":1,"column":13},"end":{"line":3,"column":57}},"1":{"start":{"line":2,"column":4},"end":{"line":3,"column":57}},"2":{"start":{"line":5,"column":13},"end":{"line":9,"column":2}},"3":{"start":{"line":5,"column":50},"end":{"line":9,"column":2}},"4":{"start":{"line":11,"column":13},"end":{"line":15,"column":2}},"5":{"start":{"line":11,"column":50},"end":{"line":15,"column":2}}},"fnMap":{"0":{"name":"(anonymous_0)","decl":{"start":{"line":1,"column":23},"end":{"line":1,"column":24}},"loc":{"start":{"line":1,"column":44},"end":{"line":2,"column":9}}},"1":{"name":"(anonymous_1)","decl":{"start":{"line":5,"column":24},"end":{"line":5,"column":25}},"loc":{"start":{"line":5,"column":45},"end":{"line":5,"column":null}}},"2":{"name":"(anonymous_2)","decl":{"start":{"line":11,"column":24},"end":{"line":11,"column":25}},"loc":{"start":{"line":11,"column":45},"end":{"line":11,"column":null}}}},"branchMap":{"0":{"loc":{"start":{"line":3,"column":8},"end":{"line":3,"column":44}},"type":"cond-expr","locations":[{"start":{"line":3,"column":8},"end":{"line":3,"column":44}},{"start":{"line":3,"column":47},"end":{"line":3,"column":56}}]},"1":{"loc":{"start":{"line":2,"column":4},"end":{"line":2,"column":9}},"type":"binary-expr","locations":[{"start":{"line":2,"column":4},"end":{"line":2,"column":9}},{"start":{"line":2,"column":13},"end":{"line":2,"column":69}}]},"2":{"loc":{"start":{"line":7,"column":10},"end":{"line":7,"column":19}},"type":"cond-expr","locations":[{"start":{"line":7,"column":10},"end":{"line":7,"column":19}},{"start":{"line":8,"column":10},"end":{"line":8,"column":46}}]},"3":{"loc":{"start":{"line":6,"column":4},"end":{"line":6,"column":10}},"type":"binary-expr","locations":[{"start":{"line":6,"column":4},"end":{"line":6,"column":10}},{"start":{"line":6,"column":14},"end":{"line":6,"column":35}}]},"4":{"loc":{"start":{"line":13,"column":10},"end":{"line":13,"column":19}},"type":"cond-expr","locations":[{"start":{"line":13,"column":10},"end":{"line":13,"column":19}},{"start":{"line":14,"column":10},"end":{"line":14,"column":36}}]},"5":{"loc":{"start":{"line":12,"column":4},"end":{"line":12,"column":9}},"type":"binary-expr","locations":[{"start":{"line":12,"column":4},"end":{"line":12,"column":9}},{"start":{"line":12,"column":13},"end":{"line":12,"column":38}}]}},"s":{"0":3,"1":2,"2":3,"3":2,"4":3,"5":8},"f":{"0":2,"1":2,"2":8},"b":{"0":[1,1],"1":[2,2],"2":[1,1],"3":[2,2],"4":[1,7],"5":[8,7]}}
}
