TN:
SF:C:\Users\Gabriel Carvalho\Projetos\gaia-react\src\App.tsx
FN:15,(anonymous_1)
FNF:1
FNH:1
FNDA:2,(anonymous_1)
DA:1,1
DA:2,1
DA:4,1
DA:5,1
DA:6,1
DA:7,1
DA:9,1
DA:10,1
DA:12,1
DA:13,1
DA:15,1
DA:16,2
DA:21,2
DA:32,1
LF:14
LH:14
BRF:0
BRH:0
end_of_record
TN:
SF:C:\Users\Gabriel Carvalho\Projetos\gaia-react\src\AppRouter.tsx
FN:9,(anonymous_8)
FN:10,AppRouter
FN:18,(anonymous_10)
FNF:3
FNH:3
FNDA:1,(anonymous_8)
FNDA:1,AppRouter
FNDA:1,(anonymous_10)
DA:1,1
DA:2,1
DA:3,1
DA:4,1
DA:9,1
DA:11,1
DA:13,1
DA:18,1
DA:19,1
DA:28,1
DA:30,1
LF:11
LH:11
BRDA:11,0,0,1
BRDA:11,0,1,1
BRF:2
BRH:2
end_of_record
TN:
SF:C:\Users\Gabriel Carvalho\Projetos\gaia-react\src\reducers.ts
FNF:0
FNH:0
DA:1,5
DA:2,5
DA:4,5
DA:5,5
DA:6,5
DA:15,5
LF:6
LH:6
BRF:0
BRH:0
end_of_record
TN:
SF:C:\Users\Gabriel Carvalho\Projetos\gaia-react\src\enviroments\enviroments.ts
FNF:0
FNH:0
DA:1,8
DA:3,8
LF:2
LH:2
BRF:0
BRH:0
end_of_record
TN:
SF:C:\Users\Gabriel Carvalho\Projetos\gaia-react\src\pages\auth\AuthForm.tsx
FN:11,(anonymous_1)
FNF:1
FNH:1
FNDA:6,(anonymous_1)
DA:1,2
DA:3,2
DA:4,2
DA:5,2
DA:7,2
DA:9,2
DA:11,2
DA:12,6
DA:14,6
DA:57,2
LF:10
LH:10
BRDA:48,0,0,2
BRDA:48,0,1,4
BRF:2
BRH:2
end_of_record
TN:
SF:C:\Users\Gabriel Carvalho\Projetos\gaia-react\src\pages\auth\AuthPage.tsx
FN:22,(anonymous_10)
FN:24,AuthPage
FN:29,(anonymous_12)
FN:59,(anonymous_13)
FNF:4
FNH:4
FNDA:2,(anonymous_10)
FNDA:7,AuthPage
FNDA:7,(anonymous_12)
FNDA:8,(anonymous_13)
DA:1,2
DA:4,2
DA:6,2
DA:7,2
DA:9,2
DA:10,2
DA:11,2
DA:12,2
DA:13,2
DA:22,2
DA:25,7
DA:26,7
DA:29,2
DA:30,7
DA:32,7
DA:33,1
DA:36,6
DA:57,2
DA:59,2
DA:60,8
DA:61,8
DA:64,2
DA:70,2
LF:23
LH:23
BRDA:25,0,0,7
BRDA:25,0,1,7
BRDA:32,1,0,1
BRDA:32,1,1,6
BRF:4
BRH:4
end_of_record
TN:
SF:C:\Users\Gabriel Carvalho\Projetos\gaia-react\src\pages\auth\authActions.ts
FN:11,(anonymous_14)
FN:11,(anonymous_15)
FN:11,(anonymous_16)
FN:40,(anonymous_18)
FNF:4
FNH:4
FNDA:2,(anonymous_14)
FNDA:2,(anonymous_15)
FNDA:2,(anonymous_16)
FNDA:1,(anonymous_18)
DA:1,3
DA:4,3
DA:5,3
DA:6,3
DA:7,3
DA:8,3
DA:11,3
DA:14,2
DA:16,2
DA:18,1
DA:20,1
DA:26,1
DA:36,2
DA:40,3
LF:14
LH:14
BRF:0
BRH:0
end_of_record
TN:
SF:C:\Users\Gabriel Carvalho\Projetos\gaia-react\src\pages\auth\authActionsTypes.ts
FNF:0
FNH:0
DA:1,7
LF:1
LH:1
BRF:0
BRH:0
end_of_record
TN:
SF:C:\Users\Gabriel Carvalho\Projetos\gaia-react\src\pages\auth\authReducer.ts
FN:19,(anonymous_2)
FNF:1
FNH:1
FNDA:63,(anonymous_2)
DA:1,6
DA:11,6
DA:19,96
DA:20,63
DA:22,1
DA:25,1
DA:28,1
DA:31,1
DA:34,1
DA:37,58
DA:41,6
LF:11
LH:11
BRDA:19,0,0,33
BRDA:19,0,1,30
BRDA:21,1,0,1
BRDA:21,1,1,1
BRDA:21,1,2,1
BRDA:21,1,3,1
BRDA:21,1,4,1
BRDA:21,1,5,58
BRF:8
BRH:8
end_of_record
TN:
SF:C:\Users\Gabriel Carvalho\Projetos\gaia-react\src\pages\main\MainRouter.tsx
FN:30,(anonymous_10)
FN:32,(anonymous_12)
FN:99,(anonymous_13)
FNF:3
FNH:3
FNDA:8,(anonymous_10)
FNDA:6,(anonymous_12)
FNDA:7,(anonymous_13)
DA:1,2
DA:2,2
DA:3,2
DA:5,2
DA:6,2
DA:9,2
DA:11,2
DA:12,2
DA:14,2
DA:16,2
DA:17,2
DA:18,2
DA:30,2
DA:32,2
DA:34,6
DA:35,6
DA:36,6
DA:37,6
DA:38,6
DA:39,6
DA:40,6
DA:41,6
DA:42,6
DA:43,6
DA:44,6
DA:47,6
DA:49,6
DA:50,2
DA:53,4
DA:54,1
DA:57,4
DA:58,1
DA:59,1
DA:62,3
DA:97,2
DA:99,2
DA:100,7
DA:101,7
DA:104,2
DA:111,2
LF:40
LH:40
BRDA:49,0,0,2
BRDA:49,0,1,4
BRDA:53,1,0,1
BRDA:53,1,1,3
BRDA:57,2,0,1
BRDA:57,2,1,3
BRDA:79,3,0,2
BRDA:79,3,1,1
BRF:8
BRH:8
end_of_record
TN:
SF:C:\Users\Gabriel Carvalho\Projetos\gaia-react\src\pages\main\mainActions.ts
FN:9,(anonymous_14)
FN:9,(anonymous_15)
FN:9,(anonymous_16)
FN:40,(anonymous_18)
FN:40,(anonymous_19)
FN:48,(anonymous_20)
FN:62,(anonymous_21)
FN:66,(anonymous_22)
FN:70,(anonymous_23)
FNF:9
FNH:9
FNDA:3,(anonymous_14)
FNDA:3,(anonymous_15)
FNDA:3,(anonymous_16)
FNDA:15,(anonymous_18)
FNDA:15,(anonymous_19)
FNDA:1,(anonymous_20)
FNDA:1,(anonymous_21)
FNDA:1,(anonymous_22)
FNDA:2,(anonymous_23)
DA:1,6
DA:2,6
DA:4,6
DA:6,6
DA:9,6
DA:12,3
DA:18,1
DA:24,1
DA:26,2
DA:28,1
DA:40,15
DA:41,15
DA:42,15
DA:48,6
DA:51,1
DA:52,1
DA:62,6
DA:66,6
DA:70,6
LF:19
LH:19
BRDA:51,0,0,0
BRDA:51,0,1,1
BRF:2
BRH:1
end_of_record
TN:
SF:C:\Users\Gabriel Carvalho\Projetos\gaia-react\src\pages\main\mainActionsTypes.ts
FNF:0
FNH:0
DA:1,8
LF:1
LH:1
BRF:0
BRH:0
end_of_record
TN:
SF:C:\Users\Gabriel Carvalho\Projetos\gaia-react\src\pages\main\mainReducer.ts
FN:22,(anonymous_2)
FNF:1
FNH:1
FNDA:63,(anonymous_2)
DA:1,6
DA:14,6
DA:22,96
DA:23,63
DA:25,1
DA:28,1
DA:31,13
DA:34,1
DA:37,1
DA:40,1
DA:43,45
DA:47,6
LF:12
LH:12
BRDA:22,0,0,33
BRDA:22,0,1,30
BRDA:24,1,0,1
BRDA:24,1,1,1
BRDA:24,1,2,13
BRDA:24,1,3,1
BRDA:24,1,4,1
BRDA:24,1,5,1
BRDA:24,1,6,45
BRF:9
BRH:9
end_of_record
TN:
SF:C:\Users\Gabriel Carvalho\Projetos\gaia-react\src\pages\main\Home\HomeForm.tsx
FN:10,(anonymous_1)
FN:27,(anonymous_2)
FN:56,(anonymous_3)
FNF:3
FNH:3
FNDA:1,(anonymous_1)
FNDA:5,(anonymous_2)
FNDA:3,(anonymous_3)
DA:1,3
DA:2,3
DA:3,3
DA:4,3
DA:5,3
DA:7,3
DA:10,3
DA:11,1
DA:13,1
DA:27,5
DA:56,3
DA:57,3
DA:59,3
DA:64,3
DA:66,3
DA:68,3
LF:16
LH:16
BRDA:18,0,0,0
BRDA:18,0,1,1
BRDA:16,1,0,1
BRDA:16,1,1,0
BRF:4
BRH:2
end_of_record
TN:
SF:C:\Users\Gabriel Carvalho\Projetos\gaia-react\src\pages\main\Home\HomePage.tsx
FN:20,(anonymous_10)
FN:22,HomePage
FN:30,(anonymous_12)
FN:34,(anonymous_13)
FN:51,(anonymous_14)
FNF:5
FNH:5
FNDA:3,(anonymous_10)
FNDA:4,HomePage
FNDA:1,(anonymous_12)
FNDA:4,(anonymous_13)
FNDA:4,(anonymous_14)
DA:1,3
DA:3,3
DA:5,3
DA:6,3
DA:8,3
DA:9,3
DA:11,3
DA:20,3
DA:23,4
DA:24,4
DA:26,4
DA:27,4
DA:30,3
DA:34,3
DA:36,4
DA:49,3
DA:51,3
DA:52,4
DA:53,4
DA:56,3
DA:63,3
LF:21
LH:21
BRDA:23,0,0,4
BRDA:23,0,1,4
BRF:2
BRH:2
end_of_record
TN:
SF:C:\Users\Gabriel Carvalho\Projetos\gaia-react\src\pages\main\Home\homeActions.ts
FN:9,(anonymous_14)
FN:14,(anonymous_15)
FN:14,(anonymous_16)
FN:14,(anonymous_17)
FN:26,(anonymous_19)
FNF:5
FNH:5
FNDA:1,(anonymous_14)
FNDA:6,(anonymous_15)
FNDA:6,(anonymous_16)
FNDA:6,(anonymous_17)
FNDA:1,(anonymous_19)
DA:1,4
DA:2,4
DA:4,4
DA:5,4
DA:9,4
DA:14,6
DA:16,6
DA:18,6
DA:24,2
DA:26,2
DA:27,1
DA:30,1
DA:35,1
DA:42,1
DA:53,2
LF:15
LH:15
BRF:0
BRH:0
end_of_record
TN:
SF:C:\Users\Gabriel Carvalho\Projetos\gaia-react\src\pages\main\Home\homeActionsTypes.ts
FNF:0
FNH:0
DA:1,7
LF:1
LH:1
BRF:0
BRH:0
end_of_record
TN:
SF:C:\Users\Gabriel Carvalho\Projetos\gaia-react\src\pages\main\Home\homeFormTab.tsx
FN:13,(anonymous_1)
FNF:1
FNH:1
FNDA:1,(anonymous_1)
DA:1,3
DA:2,3
DA:3,3
DA:5,3
DA:13,3
DA:14,1
DA:16,1
DA:74,3
LF:8
LH:8
BRF:0
BRH:0
end_of_record
TN:
SF:C:\Users\Gabriel Carvalho\Projetos\gaia-react\src\pages\main\Home\homeReducer.ts
FN:17,(anonymous_2)
FNF:1
FNH:1
FNDA:63,(anonymous_2)
DA:1,6
DA:12,6
DA:17,96
DA:18,63
DA:20,1
DA:23,1
DA:26,1
DA:29,5
DA:32,1
DA:35,54
DA:39,6
LF:11
LH:11
BRDA:17,0,0,33
BRDA:17,0,1,30
BRDA:19,1,0,1
BRDA:19,1,1,1
BRDA:19,1,2,1
BRDA:19,1,3,5
BRDA:19,1,4,1
BRDA:19,1,5,54
BRF:8
BRH:8
end_of_record
TN:
SF:C:\Users\Gabriel Carvalho\Projetos\gaia-react\src\pages\main\NotFound\NotFoundPage.tsx
FN:22,(anonymous_7)
FN:24,NotFoundPage
FN:29,(anonymous_9)
FN:41,(anonymous_10)
FN:50,(anonymous_11)
FNF:5
FNH:5
FNDA:3,(anonymous_7)
FNDA:3,NotFoundPage
FNDA:3,(anonymous_9)
FNDA:1,(anonymous_10)
FNDA:5,(anonymous_11)
DA:1,3
DA:3,3
DA:5,3
DA:7,3
DA:22,3
DA:25,3
DA:26,3
DA:29,3
DA:30,3
DA:32,3
DA:41,1
DA:48,3
DA:50,3
DA:51,5
DA:54,3
DA:58,3
LF:16
LH:16
BRDA:25,0,0,3
BRDA:25,0,1,3
BRF:2
BRH:2
end_of_record
TN:
SF:C:\Users\Gabriel Carvalho\Projetos\gaia-react\src\pages\main\components\SideDrawer.tsx
FN:14,(anonymous_1)
FN:25,(anonymous_2)
FN:51,(anonymous_3)
FN:55,(anonymous_4)
FNF:4
FNH:4
FNDA:4,(anonymous_1)
FNDA:1,(anonymous_2)
FNDA:4,(anonymous_3)
FNDA:1,(anonymous_4)
DA:1,3
DA:3,3
DA:4,3
DA:5,3
DA:14,3
DA:15,4
DA:17,4
DA:25,4
DA:26,1
DA:27,1
DA:30,4
DA:51,4
DA:55,1
DA:67,3
LF:14
LH:14
BRF:0
BRH:0
end_of_record
TN:
SF:C:\Users\Gabriel Carvalho\Projetos\gaia-react\src\pages\main\components\ToolBar.tsx
FN:15,(anonymous_1)
FN:18,(anonymous_2)
FNF:2
FNH:2
FNDA:4,(anonymous_1)
FNDA:1,(anonymous_2)
DA:1,3
DA:3,3
DA:4,3
DA:6,3
DA:15,3
DA:16,4
DA:18,4
DA:19,1
DA:20,1
DA:23,4
DA:50,3
LF:11
LH:11
BRF:0
BRH:0
end_of_record
TN:
SF:C:\Users\Gabriel Carvalho\Projetos\gaia-react\src\shared\components\WeekTabs\WeekTabs.tsx
FN:15,(anonymous_1)
FN:25,(anonymous_2)
FN:26,(anonymous_3)
FN:41,(anonymous_4)
FNF:4
FNH:4
FNDA:4,(anonymous_1)
FNDA:1,(anonymous_2)
FNDA:1,(anonymous_3)
FNDA:20,(anonymous_4)
DA:1,4
DA:3,4
DA:4,4
DA:5,4
DA:7,4
DA:15,4
DA:17,4
DA:18,4
DA:19,4
DA:22,4
DA:23,4
DA:25,4
DA:26,4
DA:28,4
DA:41,20
DA:63,4
LF:16
LH:16
BRDA:53,0,0,0
BRDA:53,0,1,4
BRF:2
BRH:1
end_of_record
TN:
SF:C:\Users\Gabriel Carvalho\Projetos\gaia-react\src\shared\components\renderSelectField\renderSelectField.tsx
FN:19,(anonymous_4)
FN:37,(anonymous_5)
FNF:2
FNH:2
FNDA:1,(anonymous_4)
FNDA:3,(anonymous_5)
DA:1,3
DA:2,3
DA:19,3
DA:21,1
DA:22,1
DA:23,1
DA:24,1
DA:25,1
DA:28,1
DA:37,3
DA:61,3
LF:11
LH:11
BRDA:33,0,0,1
BRDA:33,0,1,0
BRDA:39,1,0,3
BRDA:39,1,1,0
BRDA:42,2,0,0
BRDA:42,2,1,3
BRDA:42,3,0,3
BRDA:42,3,1,0
BRDA:45,4,0,3
BRDA:45,4,1,3
BRDA:51,5,0,1
BRDA:51,5,1,0
BRDA:51,5,2,0
BRF:13
BRH:7
end_of_record
TN:
SF:C:\Users\Gabriel Carvalho\Projetos\gaia-react\src\shared\components\renderTextField\renderTextField.tsx
FN:14,(anonymous_4)
FNF:1
FNH:1
FNDA:12,(anonymous_4)
DA:1,2
DA:2,2
DA:14,2
DA:16,12
DA:17,12
DA:18,12
DA:21,12
DA:32,2
LF:8
LH:8
BRDA:25,0,0,12
BRDA:25,0,1,0
BRDA:26,1,0,12
BRDA:26,1,1,0
BRF:4
BRH:2
end_of_record
TN:
SF:C:\Users\Gabriel Carvalho\Projetos\gaia-react\src\shared\components\snack\snack.tsx
FN:17,(anonymous_1)
FNF:1
FNH:1
FNDA:2,(anonymous_1)
DA:1,3
DA:2,3
DA:4,3
DA:5,3
DA:6,3
DA:7,3
DA:17,3
DA:19,2
DA:20,2
DA:21,2
DA:22,2
DA:23,2
DA:26,2
DA:33,2
DA:61,3
LF:15
LH:15
BRDA:48,0,0,2
BRDA:48,0,1,2
BRF:2
BRH:2
end_of_record
TN:
SF:C:\Users\Gabriel Carvalho\Projetos\gaia-react\src\shared\theme\theme.ts
FNF:0
FNH:0
DA:1,1
DA:3,1
LF:2
LH:2
BRF:0
BRH:0
end_of_record
TN:
SF:C:\Users\Gabriel Carvalho\Projetos\gaia-react\src\shared\utils\auth.ts
FN:7,(anonymous_0)
FN:16,(anonymous_1)
FN:27,(anonymous_2)
FNF:3
FNH:3
FNDA:6,(anonymous_0)
FNDA:17,(anonymous_1)
FNDA:12,(anonymous_2)
DA:7,8
DA:8,6
DA:13,6
DA:16,8
DA:17,17
DA:18,5
DA:19,5
DA:21,5
DA:24,12
DA:27,12
LF:10
LH:10
BRDA:17,0,0,5
BRDA:17,0,1,12
BRDA:19,1,0,5
BRDA:19,1,1,0
BRF:4
BRH:3
end_of_record
TN:
SF:C:\Users\Gabriel Carvalho\Projetos\gaia-react\src\shared\utils\resolveError.ts
FN:1,(anonymous_0)
FNF:1
FNH:1
FNDA:5,(anonymous_0)
DA:1,7
DA:2,5
DA:4,5
DA:5,1
DA:6,4
DA:7,1
DA:9,3
DA:12,5
DA:15,7
LF:9
LH:9
BRDA:4,0,0,1
BRDA:4,0,1,4
BRDA:4,1,0,5
BRDA:4,1,1,3
BRDA:6,2,0,1
BRDA:6,2,1,3
BRDA:6,3,0,4
BRDA:6,3,1,2
BRF:8
BRH:8
end_of_record
TN:
SF:C:\Users\Gabriel Carvalho\Projetos\gaia-react\src\shared\utils\testRender.ts
FN:4,(anonymous_0)
FNF:1
FNH:1
FNDA:13,(anonymous_0)
DA:2,3
DA:4,13
LF:2
LH:2
BRF:0
BRH:0
end_of_record
TN:
SF:C:\Users\Gabriel Carvalho\Projetos\gaia-react\src\shared\validators\validators.ts
FN:1,(anonymous_0)
FN:5,(anonymous_1)
FN:11,(anonymous_2)
FNF:3
FNH:3
FNDA:2,(anonymous_0)
FNDA:2,(anonymous_1)
FNDA:8,(anonymous_2)
DA:1,3
DA:2,2
DA:5,3
DA:11,8
LF:4
LH:4
BRDA:3,0,0,1
BRDA:3,0,1,1
BRDA:2,1,0,2
BRDA:2,1,1,2
BRDA:7,2,0,1
BRDA:7,2,1,1
BRDA:6,3,0,2
BRDA:6,3,1,2
BRDA:13,4,0,1
BRDA:13,4,1,7
BRDA:12,5,0,8
BRDA:12,5,1,7
BRF:12
BRH:12
end_of_record
