TN:
SF:C:\Users\gabri\Projetos\gaia-react\src\App.tsx
FN:15,(anonymous_1)
FNF:1
FNH:1
FNDA:2,(anonymous_1)
DA:1,1
DA:2,1
DA:4,1
DA:5,1
DA:6,1
DA:7,1
DA:9,1
DA:10,1
DA:12,1
DA:13,1
DA:15,1
DA:16,2
DA:21,2
DA:32,1
LF:14
LH:14
BRF:0
BRH:0
end_of_record
TN:
SF:C:\Users\gabri\Projetos\gaia-react\src\AppRouter.tsx
FN:12,(anonymous_8)
FN:13,AppRouter
FN:21,(anonymous_10)
FNF:3
FNH:3
FNDA:2,(anonymous_8)
FNDA:1,AppRouter
FNDA:1,(anonymous_10)
DA:1,2
DA:2,2
DA:3,2
DA:4,2
DA:5,2
DA:10,2
DA:12,2
DA:14,1
DA:16,1
DA:21,2
DA:22,1
DA:31,2
DA:33,2
LF:13
LH:13
BRDA:14,0,0,1
BRDA:14,0,1,1
BRF:2
BRH:2
end_of_record
TN:
SF:C:\Users\gabri\Projetos\gaia-react\src\reducers.ts
FNF:0
FNH:0
DA:1,5
DA:2,5
DA:4,5
DA:5,5
DA:6,5
DA:7,5
DA:8,5
DA:9,5
DA:10,5
DA:23,5
LF:10
LH:10
BRF:0
BRH:0
end_of_record
TN:
SF:C:\Users\gabri\Projetos\gaia-react\src\enviroments\enviroments.ts
FNF:0
FNH:0
DA:1,8
DA:3,8
LF:2
LH:2
BRF:0
BRH:0
end_of_record
TN:
SF:C:\Users\gabri\Projetos\gaia-react\src\pages\auth\AuthForm.tsx
FN:11,(anonymous_1)
FNF:1
FNH:1
FNDA:6,(anonymous_1)
DA:1,3
DA:3,3
DA:4,3
DA:5,3
DA:7,3
DA:9,3
DA:11,3
DA:12,6
DA:14,6
DA:57,3
LF:10
LH:10
BRDA:48,0,0,2
BRDA:48,0,1,4
BRF:2
BRH:2
end_of_record
TN:
SF:C:\Users\gabri\Projetos\gaia-react\src\pages\auth\AuthPage.tsx
FN:22,(anonymous_10)
FN:24,AuthPage
FN:29,(anonymous_12)
FN:59,(anonymous_13)
FNF:4
FNH:4
FNDA:3,(anonymous_10)
FNDA:7,AuthPage
FNDA:7,(anonymous_12)
FNDA:8,(anonymous_13)
DA:1,3
DA:4,3
DA:6,3
DA:7,3
DA:9,3
DA:10,3
DA:11,3
DA:12,3
DA:13,3
DA:22,3
DA:25,7
DA:26,7
DA:29,3
DA:30,7
DA:32,7
DA:33,1
DA:36,6
DA:57,3
DA:59,3
DA:60,8
DA:61,8
DA:64,3
DA:70,3
LF:23
LH:23
BRDA:25,0,0,7
BRDA:25,0,1,7
BRDA:32,1,0,1
BRDA:32,1,1,6
BRF:4
BRH:4
end_of_record
TN:
SF:C:\Users\gabri\Projetos\gaia-react\src\pages\auth\authActions.ts
FN:11,(anonymous_14)
FN:11,(anonymous_15)
FN:11,(anonymous_16)
FN:40,(anonymous_18)
FNF:4
FNH:4
FNDA:2,(anonymous_14)
FNDA:2,(anonymous_15)
FNDA:2,(anonymous_16)
FNDA:1,(anonymous_18)
DA:1,4
DA:4,4
DA:5,4
DA:6,4
DA:7,4
DA:8,4
DA:11,4
DA:14,2
DA:16,2
DA:18,1
DA:20,1
DA:26,1
DA:36,2
DA:40,4
LF:14
LH:14
BRF:0
BRH:0
end_of_record
TN:
SF:C:\Users\gabri\Projetos\gaia-react\src\pages\auth\authActionsTypes.ts
FNF:0
FNH:0
DA:1,7
LF:1
LH:1
BRF:0
BRH:0
end_of_record
TN:
SF:C:\Users\gabri\Projetos\gaia-react\src\pages\auth\authReducer.ts
FN:19,(anonymous_2)
FNF:1
FNH:1
FNDA:58,(anonymous_2)
DA:1,6
DA:11,6
DA:19,90
DA:20,58
DA:22,1
DA:25,1
DA:28,1
DA:31,1
DA:34,1
DA:37,53
DA:41,6
LF:11
LH:11
BRDA:19,0,0,32
BRDA:19,0,1,26
BRDA:21,1,0,1
BRDA:21,1,1,1
BRDA:21,1,2,1
BRDA:21,1,3,1
BRDA:21,1,4,1
BRDA:21,1,5,53
BRF:8
BRH:8
end_of_record
TN:
SF:C:\Users\gabri\Projetos\gaia-react\src\pages\main\MainRouter.tsx
FN:38,(anonymous_3)
FN:119,(anonymous_4)
FNF:2
FNH:2
FNDA:6,(anonymous_3)
FNDA:7,(anonymous_4)
DA:1,2
DA:2,2
DA:3,2
DA:5,2
DA:6,2
DA:9,2
DA:11,2
DA:12,2
DA:13,2
DA:16,2
DA:17,2
DA:19,2
DA:20,2
DA:22,2
DA:23,2
DA:24,2
DA:25,2
DA:26,2
DA:38,2
DA:40,6
DA:42,6
DA:43,6
DA:44,6
DA:45,6
DA:46,6
DA:47,6
DA:48,6
DA:49,6
DA:50,6
DA:51,6
DA:54,6
DA:56,6
DA:57,2
DA:60,4
DA:61,1
DA:64,4
DA:65,1
DA:66,1
DA:69,3
DA:119,2
DA:120,7
DA:121,7
DA:124,2
DA:131,2
LF:44
LH:44
BRDA:56,0,0,2
BRDA:56,0,1,4
BRDA:60,1,0,1
BRDA:60,1,1,3
BRDA:64,2,0,1
BRDA:64,2,1,3
BRDA:81,3,0,3
BRDA:81,3,1,1
BRDA:87,4,0,2
BRDA:87,4,1,1
BRDA:93,5,0,2
BRDA:93,5,1,2
BRF:12
BRH:12
end_of_record
TN:
SF:C:\Users\gabri\Projetos\gaia-react\src\pages\main\mainActions.ts
FN:9,(anonymous_14)
FN:9,(anonymous_15)
FN:9,(anonymous_16)
FN:40,(anonymous_18)
FN:40,(anonymous_19)
FN:48,(anonymous_20)
FN:62,(anonymous_21)
FN:66,(anonymous_22)
FN:70,(anonymous_23)
FNF:9
FNH:9
FNDA:3,(anonymous_14)
FNDA:3,(anonymous_15)
FNDA:3,(anonymous_16)
FNDA:13,(anonymous_18)
FNDA:13,(anonymous_19)
FNDA:1,(anonymous_20)
FNDA:1,(anonymous_21)
FNDA:1,(anonymous_22)
FNDA:2,(anonymous_23)
DA:1,6
DA:2,6
DA:4,6
DA:6,6
DA:9,6
DA:12,3
DA:18,1
DA:24,1
DA:26,2
DA:28,1
DA:40,13
DA:41,13
DA:42,13
DA:48,6
DA:51,1
DA:52,1
DA:62,6
DA:66,6
DA:70,6
LF:19
LH:19
BRDA:51,0,0,0
BRDA:51,0,1,1
BRF:2
BRH:1
end_of_record
TN:
SF:C:\Users\gabri\Projetos\gaia-react\src\pages\main\mainActionsTypes.ts
FNF:0
FNH:0
DA:1,8
LF:1
LH:1
BRF:0
BRH:0
end_of_record
TN:
SF:C:\Users\gabri\Projetos\gaia-react\src\pages\main\mainReducer.ts
FN:22,(anonymous_2)
FNF:1
FNH:1
FNDA:58,(anonymous_2)
DA:1,6
DA:14,6
DA:22,90
DA:23,58
DA:25,1
DA:28,1
DA:31,12
DA:34,1
DA:37,1
DA:40,1
DA:43,41
DA:47,6
LF:12
LH:12
BRDA:22,0,0,32
BRDA:22,0,1,26
BRDA:24,1,0,1
BRDA:24,1,1,1
BRDA:24,1,2,12
BRDA:24,1,3,1
BRDA:24,1,4,1
BRDA:24,1,5,1
BRDA:24,1,6,41
BRF:9
BRH:9
end_of_record
TN:
SF:C:\Users\gabri\Projetos\gaia-react\src\pages\main\styles.ts
FN:3,(anonymous_0)
FNF:1
FNH:1
FNDA:4,(anonymous_0)
DA:1,2
DA:3,4
DA:13,2
LF:3
LH:3
BRF:0
BRH:0
end_of_record
TN:
SF:C:\Users\gabri\Projetos\gaia-react\src\pages\main\Exchanges\ExchangesContainer.tsx
FN:15,(anonymous_4)
FN:18,(anonymous_5)
FN:30,(anonymous_6)
FNF:3
FNH:0
FNDA:0,(anonymous_4)
FNDA:0,(anonymous_5)
FNDA:0,(anonymous_6)
DA:1,2
DA:2,2
DA:3,2
DA:5,2
DA:6,2
DA:15,2
DA:16,0
DA:18,0
DA:19,0
DA:20,0
DA:23,0
DA:30,2
DA:35,2
LF:13
LH:8
BRF:0
BRH:0
end_of_record
TN:
SF:C:\Users\gabri\Projetos\gaia-react\src\pages\main\Exchanges\ExchangesPage.tsx
FN:12,(anonymous_2)
FN:22,(anonymous_3)
FN:43,(anonymous_4)
FN:72,(anonymous_5)
FN:101,(anonymous_6)
FNF:5
FNH:0
FNDA:0,(anonymous_2)
FNDA:0,(anonymous_3)
FNDA:0,(anonymous_4)
FNDA:0,(anonymous_5)
FNDA:0,(anonymous_6)
DA:1,2
DA:2,2
DA:3,2
DA:4,2
DA:5,2
DA:12,2
DA:13,0
DA:14,0
DA:15,0
DA:17,0
DA:22,0
DA:43,0
DA:72,0
DA:101,0
DA:118,2
LF:15
LH:7
BRDA:20,0,0,0
BRDA:20,0,1,0
BRDA:37,1,0,0
BRDA:37,1,1,0
BRDA:66,2,0,0
BRDA:66,2,1,0
BRDA:95,3,0,0
BRDA:95,3,1,0
BRF:8
BRH:0
end_of_record
TN:
SF:C:\Users\gabri\Projetos\gaia-react\src\pages\main\Exchanges\actions.ts
FN:9,(anonymous_14)
FN:9,(anonymous_15)
FN:9,(anonymous_16)
FN:30,(anonymous_18)
FN:34,(anonymous_19)
FN:35,(anonymous_20)
FN:36,(anonymous_21)
FN:38,(anonymous_22)
FN:40,(anonymous_23)
FN:43,(anonymous_24)
FN:44,(anonymous_25)
FN:45,(anonymous_26)
FN:47,(anonymous_27)
FN:49,(anonymous_28)
FN:54,(anonymous_29)
FN:56,(anonymous_30)
FNF:16
FNH:0
FNDA:0,(anonymous_14)
FNDA:0,(anonymous_15)
FNDA:0,(anonymous_16)
FNDA:0,(anonymous_18)
FNDA:0,(anonymous_19)
FNDA:0,(anonymous_20)
FNDA:0,(anonymous_21)
FNDA:0,(anonymous_22)
FNDA:0,(anonymous_23)
FNDA:0,(anonymous_24)
FNDA:0,(anonymous_25)
FNDA:0,(anonymous_26)
FNDA:0,(anonymous_27)
FNDA:0,(anonymous_28)
FNDA:0,(anonymous_29)
FNDA:0,(anonymous_30)
DA:2,2
DA:3,2
DA:4,2
DA:5,2
DA:6,2
DA:7,2
DA:9,2
DA:10,0
DA:13,0
DA:14,0
DA:20,0
DA:30,0
DA:34,0
DA:35,0
DA:36,0
DA:38,0
DA:40,0
DA:43,0
DA:44,0
DA:45,0
DA:47,0
DA:49,0
DA:54,0
DA:56,0
DA:60,0
DA:62,0
DA:72,0
LF:27
LH:7
BRDA:37,0,0,0
BRDA:37,0,1,0
BRDA:46,1,0,0
BRDA:46,1,1,0
BRDA:55,2,0,0
BRDA:55,2,1,0
BRF:6
BRH:0
end_of_record
TN:
SF:C:\Users\gabri\Projetos\gaia-react\src\pages\main\Exchanges\reducer.ts
FN:14,(anonymous_3)
FNF:1
FNH:1
FNDA:53,(anonymous_3)
DA:1,5
DA:9,5
DA:14,80
DA:15,53
DA:17,0
DA:19,0
DA:21,0
DA:23,53
DA:27,5
LF:9
LH:6
BRDA:14,0,0,27
BRDA:14,0,1,26
BRDA:16,1,0,0
BRDA:16,1,1,0
BRDA:16,1,2,0
BRDA:16,1,3,53
BRF:6
BRH:3
end_of_record
TN:
SF:C:\Users\gabri\Projetos\gaia-react\src\pages\main\Exchanges\styles.ts
FNF:0
FNH:0
DA:1,2
DA:3,2
DA:15,2
LF:3
LH:3
BRF:0
BRH:0
end_of_record
TN:
SF:C:\Users\gabri\Projetos\gaia-react\src\pages\main\Exchanges\types.ts
FNF:0
FNH:0
DA:1,5
DA:7,5
LF:2
LH:2
BRF:0
BRH:0
end_of_record
TN:
SF:C:\Users\gabri\Projetos\gaia-react\src\pages\main\Home\HomeForm.tsx
FN:11,(anonymous_1)
FN:27,(anonymous_2)
FN:44,(anonymous_3)
FNF:3
FNH:3
FNDA:1,(anonymous_1)
FNDA:5,(anonymous_2)
FNDA:2,(anonymous_3)
DA:1,3
DA:2,3
DA:3,3
DA:4,3
DA:5,3
DA:7,3
DA:9,3
DA:11,3
DA:13,1
DA:16,1
DA:27,5
DA:44,3
DA:45,2
DA:47,2
DA:52,3
DA:54,3
DA:58,3
LF:17
LH:17
BRDA:19,0,0,0
BRDA:19,0,1,1
BRDA:18,1,0,1
BRDA:18,1,1,0
BRDA:24,2,0,1
BRDA:24,2,1,0
BRF:6
BRH:3
end_of_record
TN:
SF:C:\Users\gabri\Projetos\gaia-react\src\pages\main\Home\HomePage.tsx
FN:20,(anonymous_10)
FN:22,HomePage
FN:30,(anonymous_12)
FN:34,(anonymous_13)
FN:49,(anonymous_14)
FNF:5
FNH:5
FNDA:3,(anonymous_10)
FNDA:3,HomePage
FNDA:1,(anonymous_12)
FNDA:3,(anonymous_13)
FNDA:3,(anonymous_14)
DA:1,3
DA:3,3
DA:5,3
DA:6,3
DA:8,3
DA:9,3
DA:11,3
DA:20,3
DA:23,3
DA:24,3
DA:26,3
DA:27,3
DA:30,3
DA:34,3
DA:36,3
DA:47,3
DA:49,3
DA:50,3
DA:51,3
DA:54,3
DA:61,3
LF:21
LH:21
BRDA:23,0,0,3
BRDA:23,0,1,3
BRF:2
BRH:2
end_of_record
TN:
SF:C:\Users\gabri\Projetos\gaia-react\src\pages\main\Home\homeActions.ts
FN:9,(anonymous_15)
FN:14,(anonymous_16)
FN:14,(anonymous_17)
FN:14,(anonymous_18)
FN:24,(anonymous_20)
FN:27,(anonymous_21)
FN:28,(anonymous_22)
FN:29,(anonymous_23)
FN:30,(anonymous_24)
FN:31,(anonymous_25)
FN:32,(anonymous_26)
FN:33,(anonymous_27)
FN:34,(anonymous_28)
FN:37,(anonymous_29)
FN:37,(anonymous_30)
FN:69,(anonymous_32)
FN:69,(anonymous_33)
FN:69,(anonymous_34)
FNF:18
FNH:5
FNDA:1,(anonymous_15)
FNDA:5,(anonymous_16)
FNDA:5,(anonymous_17)
FNDA:5,(anonymous_18)
FNDA:1,(anonymous_20)
FNDA:0,(anonymous_21)
FNDA:0,(anonymous_22)
FNDA:0,(anonymous_23)
FNDA:0,(anonymous_24)
FNDA:0,(anonymous_25)
FNDA:0,(anonymous_26)
FNDA:0,(anonymous_27)
FNDA:0,(anonymous_28)
FNDA:0,(anonymous_29)
FNDA:0,(anonymous_30)
FNDA:0,(anonymous_32)
FNDA:0,(anonymous_33)
FNDA:0,(anonymous_34)
DA:1,4
DA:2,4
DA:4,4
DA:5,4
DA:7,4
DA:9,4
DA:14,5
DA:16,5
DA:18,5
DA:24,2
DA:27,0
DA:28,0
DA:29,0
DA:30,0
DA:31,0
DA:32,0
DA:33,0
DA:34,0
DA:37,0
DA:38,0
DA:43,0
DA:44,0
DA:47,0
DA:54,2
DA:65,2
DA:69,4
DA:70,0
DA:72,0
DA:73,0
DA:78,0
DA:88,0
DA:89,0
DA:91,0
DA:100,0
LF:34
LH:13
BRDA:27,0,0,1
BRDA:27,0,1,0
BRDA:28,1,0,0
BRDA:28,1,1,0
BRDA:29,2,0,0
BRDA:29,2,1,0
BRDA:30,3,0,0
BRDA:30,3,1,0
BRDA:31,4,0,0
BRDA:31,4,1,0
BRDA:32,5,0,0
BRDA:32,5,1,0
BRDA:33,6,0,0
BRDA:33,6,1,0
BRDA:34,7,0,0
BRDA:34,7,1,0
BRDA:38,8,0,0
BRDA:43,9,0,0
BRDA:43,9,1,0
BRF:19
BRH:1
end_of_record
TN:
SF:C:\Users\gabri\Projetos\gaia-react\src\pages\main\Home\homeActionsTypes.ts
FNF:0
FNH:0
DA:1,7
LF:1
LH:1
BRF:0
BRH:0
end_of_record
TN:
SF:C:\Users\gabri\Projetos\gaia-react\src\pages\main\Home\homeFormTab.tsx
FN:11,(anonymous_1)
FN:15,(anonymous_2)
FN:23,(anonymous_3)
FNF:3
FNH:1
FNDA:2,(anonymous_1)
FNDA:0,(anonymous_2)
FNDA:0,(anonymous_3)
DA:1,3
DA:2,3
DA:11,3
DA:12,2
DA:13,2
DA:15,2
DA:16,0
DA:17,0
DA:23,2
DA:24,0
DA:25,0
DA:31,2
DA:107,3
LF:13
LH:9
BRDA:13,0,0,2
BRDA:13,0,1,2
BRDA:24,1,0,0
BRDA:24,1,1,0
BRDA:27,2,0,0
BRDA:27,2,1,0
BRDA:46,3,0,2
BRDA:46,3,1,0
BRDA:52,4,0,2
BRDA:52,4,1,0
BRDA:58,5,0,2
BRDA:58,5,1,0
BRF:12
BRH:5
end_of_record
TN:
SF:C:\Users\gabri\Projetos\gaia-react\src\pages\main\Home\homeReducer.ts
FN:17,(anonymous_2)
FNF:1
FNH:1
FNDA:58,(anonymous_2)
DA:1,6
DA:12,6
DA:17,90
DA:18,58
DA:20,1
DA:23,1
DA:26,1
DA:29,4
DA:32,1
DA:35,50
DA:39,6
LF:11
LH:11
BRDA:17,0,0,32
BRDA:17,0,1,26
BRDA:19,1,0,1
BRDA:19,1,1,1
BRDA:19,1,2,1
BRDA:19,1,3,4
BRDA:19,1,4,1
BRDA:19,1,5,50
BRF:8
BRH:8
end_of_record
TN:
SF:C:\Users\gabri\Projetos\gaia-react\src\pages\main\Menus\reducer.ts
FNF:0
FNH:0
DA:1,5
DA:2,5
DA:8,5
DA:12,5
LF:4
LH:4
BRF:0
BRH:0
end_of_record
TN:
SF:C:\Users\gabri\Projetos\gaia-react\src\pages\main\Menus\Form\MenuForm.tsx
FN:12,(anonymous_3)
FN:19,(anonymous_4)
FN:22,(anonymous_5)
FN:23,(anonymous_6)
FN:33,(anonymous_7)
FNF:5
FNH:0
FNDA:0,(anonymous_3)
FNDA:0,(anonymous_4)
FNDA:0,(anonymous_5)
FNDA:0,(anonymous_6)
FNDA:0,(anonymous_7)
DA:1,2
DA:2,2
DA:12,2
DA:13,0
DA:14,0
DA:15,0
DA:17,0
DA:19,0
DA:20,0
DA:21,0
DA:22,0
DA:23,0
DA:27,0
DA:33,0
DA:34,0
DA:40,0
DA:166,2
LF:17
LH:4
BRDA:154,0,0,0
BRDA:154,0,1,0
BRF:2
BRH:0
end_of_record
TN:
SF:C:\Users\gabri\Projetos\gaia-react\src\pages\main\Menus\Form\MenusFormContainer.tsx
FN:18,(anonymous_4)
FN:28,(anonymous_5)
FN:44,(anonymous_6)
FNF:3
FNH:0
FNDA:0,(anonymous_4)
FNDA:0,(anonymous_5)
FNDA:0,(anonymous_6)
DA:1,2
DA:2,2
DA:3,2
DA:5,2
DA:7,2
DA:18,2
DA:20,0
DA:21,0
DA:22,0
DA:23,0
DA:24,0
DA:25,0
DA:28,0
DA:29,0
DA:30,0
DA:31,0
DA:35,0
DA:44,2
DA:45,0
DA:46,0
DA:49,2
DA:54,2
LF:22
LH:9
BRF:0
BRH:0
end_of_record
TN:
SF:C:\Users\gabri\Projetos\gaia-react\src\pages\main\Menus\Form\MenusFormPage.tsx
FN:16,(anonymous_2)
FN:28,(anonymous_3)
FNF:2
FNH:0
FNDA:0,(anonymous_2)
FNDA:0,(anonymous_3)
DA:1,2
DA:2,2
DA:7,2
DA:8,2
DA:16,2
DA:18,0
DA:21,0
DA:23,0
DA:28,0
DA:37,2
LF:10
LH:6
BRDA:26,0,0,0
BRDA:26,0,1,0
BRF:2
BRH:0
end_of_record
TN:
SF:C:\Users\gabri\Projetos\gaia-react\src\pages\main\Menus\Form\actions.ts
FN:9,(anonymous_14)
FN:9,(anonymous_15)
FN:9,(anonymous_16)
FN:19,(anonymous_18)
FN:22,(anonymous_19)
FN:23,(anonymous_20)
FN:24,(anonymous_21)
FN:25,(anonymous_22)
FN:26,(anonymous_23)
FN:27,(anonymous_24)
FN:28,(anonymous_25)
FN:29,(anonymous_26)
FN:53,(anonymous_27)
FN:53,(anonymous_28)
FN:53,(anonymous_29)
FN:87,(anonymous_31)
FN:87,(anonymous_32)
FN:87,(anonymous_33)
FNF:18
FNH:0
FNDA:0,(anonymous_14)
FNDA:0,(anonymous_15)
FNDA:0,(anonymous_16)
FNDA:0,(anonymous_18)
FNDA:0,(anonymous_19)
FNDA:0,(anonymous_20)
FNDA:0,(anonymous_21)
FNDA:0,(anonymous_22)
FNDA:0,(anonymous_23)
FNDA:0,(anonymous_24)
FNDA:0,(anonymous_25)
FNDA:0,(anonymous_26)
FNDA:0,(anonymous_27)
FNDA:0,(anonymous_28)
FNDA:0,(anonymous_29)
FNDA:0,(anonymous_31)
FNDA:0,(anonymous_32)
FNDA:0,(anonymous_33)
DA:2,2
DA:3,2
DA:4,2
DA:5,2
DA:6,2
DA:7,2
DA:9,2
DA:10,0
DA:12,0
DA:13,0
DA:19,0
DA:22,0
DA:23,0
DA:24,0
DA:25,0
DA:26,0
DA:27,0
DA:28,0
DA:29,0
DA:32,0
DA:39,0
DA:49,0
DA:53,2
DA:54,0
DA:56,0
DA:57,0
DA:66,0
DA:73,0
DA:83,0
DA:87,2
DA:88,0
DA:90,0
DA:91,0
DA:96,0
DA:97,0
DA:99,0
DA:109,0
LF:37
LH:9
BRDA:22,0,0,0
BRDA:22,0,1,0
BRDA:22,1,0,0
BRDA:22,1,1,0
BRDA:23,2,0,0
BRDA:23,2,1,0
BRDA:23,3,0,0
BRDA:23,3,1,0
BRDA:24,4,0,0
BRDA:24,4,1,0
BRDA:24,5,0,0
BRDA:24,5,1,0
BRDA:25,6,0,0
BRDA:25,6,1,0
BRDA:25,7,0,0
BRDA:25,7,1,0
BRDA:26,8,0,0
BRDA:26,8,1,0
BRDA:26,9,0,0
BRDA:26,9,1,0
BRDA:27,10,0,0
BRDA:27,10,1,0
BRDA:27,11,0,0
BRDA:27,11,1,0
BRDA:28,12,0,0
BRDA:28,12,1,0
BRDA:28,13,0,0
BRDA:28,13,1,0
BRDA:29,14,0,0
BRDA:29,14,1,0
BRDA:29,15,0,0
BRDA:29,15,1,0
BRF:32
BRH:0
end_of_record
TN:
SF:C:\Users\gabri\Projetos\gaia-react\src\pages\main\Menus\Form\reducer.ts
FN:16,(anonymous_3)
FNF:1
FNH:1
FNDA:63,(anonymous_3)
DA:1,5
DA:10,5
DA:16,100
DA:17,63
DA:21,0
DA:23,0
DA:26,0
DA:28,63
DA:32,5
LF:9
LH:6
BRDA:16,0,0,37
BRDA:16,0,1,26
BRDA:18,1,0,0
BRDA:18,1,1,0
BRDA:18,1,2,0
BRDA:18,1,3,0
BRDA:18,1,4,0
BRDA:18,1,5,0
BRDA:18,1,6,63
BRF:9
BRH:3
end_of_record
TN:
SF:C:\Users\gabri\Projetos\gaia-react\src\pages\main\Menus\Form\types.ts
FNF:0
FNH:0
DA:1,5
DA:11,5
LF:2
LH:2
BRF:0
BRH:0
end_of_record
TN:
SF:C:\Users\gabri\Projetos\gaia-react\src\pages\main\NotFound\NotFoundPage.tsx
FN:22,(anonymous_7)
FN:24,NotFoundPage
FN:29,(anonymous_9)
FN:41,(anonymous_10)
FN:50,(anonymous_11)
FNF:5
FNH:5
FNDA:3,(anonymous_7)
FNDA:2,NotFoundPage
FNDA:2,(anonymous_9)
FNDA:1,(anonymous_10)
FNDA:4,(anonymous_11)
DA:1,3
DA:3,3
DA:5,3
DA:7,3
DA:22,3
DA:25,2
DA:26,2
DA:29,3
DA:30,2
DA:32,2
DA:41,1
DA:48,3
DA:50,3
DA:51,4
DA:54,3
DA:58,3
LF:16
LH:16
BRDA:25,0,0,2
BRDA:25,0,1,2
BRF:2
BRH:2
end_of_record
TN:
SF:C:\Users\gabri\Projetos\gaia-react\src\pages\main\Profile\ProfileContainer.tsx
FN:16,(anonymous_4)
FN:24,(anonymous_5)
FN:29,(anonymous_6)
FN:31,(anonymous_7)
FN:49,(anonymous_8)
FNF:5
FNH:0
FNDA:0,(anonymous_4)
FNDA:0,(anonymous_5)
FNDA:0,(anonymous_6)
FNDA:0,(anonymous_7)
FNDA:0,(anonymous_8)
DA:1,2
DA:2,2
DA:4,2
DA:5,2
DA:6,2
DA:7,2
DA:16,2
DA:18,0
DA:19,0
DA:20,0
DA:21,0
DA:24,0
DA:25,0
DA:26,0
DA:29,0
DA:31,0
DA:36,0
DA:48,2
DA:49,2
DA:53,2
DA:59,2
LF:21
LH:11
BRDA:32,0,0,0
BRDA:32,0,1,0
BRF:2
BRH:0
end_of_record
TN:
SF:C:\Users\gabri\Projetos\gaia-react\src\pages\main\Profile\actions.ts
FN:12,(anonymous_16)
FN:12,(anonymous_17)
FN:20,(anonymous_18)
FN:20,(anonymous_19)
FN:20,(anonymous_20)
FNF:5
FNH:0
FNDA:0,(anonymous_16)
FNDA:0,(anonymous_17)
FNDA:0,(anonymous_18)
FNDA:0,(anonymous_19)
FNDA:0,(anonymous_20)
DA:1,2
DA:3,2
DA:5,2
DA:6,2
DA:7,2
DA:8,2
DA:9,2
DA:10,2
DA:11,2
DA:12,2
DA:13,0
DA:14,0
DA:20,2
DA:21,0
DA:23,0
DA:24,0
DA:30,0
DA:40,0
DA:41,0
DA:44,0
DA:54,0
LF:21
LH:11
BRF:0
BRH:0
end_of_record
TN:
SF:C:\Users\gabri\Projetos\gaia-react\src\pages\main\Profile\reducer.ts
FN:12,(anonymous_3)
FNF:1
FNH:1
FNDA:53,(anonymous_3)
DA:1,5
DA:8,5
DA:12,80
DA:13,53
DA:15,0
DA:17,0
DA:19,53
DA:23,5
LF:8
LH:6
BRDA:12,0,0,27
BRDA:12,0,1,26
BRDA:14,1,0,0
BRDA:14,1,1,0
BRDA:14,1,2,53
BRF:5
BRH:3
end_of_record
TN:
SF:C:\Users\gabri\Projetos\gaia-react\src\pages\main\Profile\types.ts
FNF:0
FNH:0
DA:1,5
DA:6,5
LF:2
LH:2
BRF:0
BRH:0
end_of_record
TN:
SF:C:\Users\gabri\Projetos\gaia-react\src\pages\main\Users\reducer.ts
FNF:0
FNH:0
DA:1,5
DA:2,5
DA:3,5
DA:10,5
DA:15,5
LF:5
LH:5
BRF:0
BRH:0
end_of_record
TN:
SF:C:\Users\gabri\Projetos\gaia-react\src\pages\main\Users\Form\UserFormContainer.tsx
FN:19,(anonymous_4)
FN:30,(anonymous_5)
FN:37,(anonymous_6)
FN:42,(anonymous_7)
FN:60,(anonymous_8)
FNF:5
FNH:0
FNDA:0,(anonymous_4)
FNDA:0,(anonymous_5)
FNDA:0,(anonymous_6)
FNDA:0,(anonymous_7)
FNDA:0,(anonymous_8)
DA:1,2
DA:2,2
DA:3,2
DA:5,2
DA:6,2
DA:7,2
DA:19,2
DA:21,0
DA:22,0
DA:23,0
DA:24,0
DA:25,0
DA:26,0
DA:27,0
DA:30,0
DA:31,0
DA:32,0
DA:33,0
DA:37,0
DA:42,0
DA:47,0
DA:59,2
DA:60,2
DA:61,0
DA:62,0
DA:68,2
DA:73,2
LF:27
LH:11
BRDA:31,0,0,0
BRDA:31,0,1,0
BRDA:32,1,0,0
BRDA:32,1,1,0
BRDA:38,2,0,0
BRDA:38,2,1,0
BRDA:43,3,0,0
BRDA:43,3,1,0
BRDA:51,4,0,0
BRDA:51,4,1,0
BRF:10
BRH:0
end_of_record
TN:
SF:C:\Users\gabri\Projetos\gaia-react\src\pages\main\Users\Form\UserFormPage.tsx
FN:31,(anonymous_1)
FN:58,(anonymous_2)
FNF:2
FNH:0
FNDA:0,(anonymous_1)
FNDA:0,(anonymous_2)
DA:1,2
DA:2,2
DA:3,2
DA:14,2
DA:15,2
DA:16,2
DA:17,2
DA:18,2
DA:19,2
DA:31,2
DA:33,0
DA:34,0
DA:35,0
DA:36,0
DA:37,0
DA:38,0
DA:39,0
DA:40,0
DA:43,0
DA:45,0
DA:58,0
DA:155,2
LF:22
LH:11
BRDA:53,0,0,0
BRDA:53,0,1,0
BRDA:81,1,0,0
BRDA:81,1,1,0
BRDA:89,2,0,0
BRDA:89,2,1,0
BRDA:94,3,0,0
BRDA:94,3,1,0
BRDA:100,4,0,0
BRDA:100,4,1,0
BRDA:100,4,2,0
BRDA:102,5,0,0
BRDA:102,5,1,0
BRDA:102,6,0,0
BRDA:102,6,1,0
BRDA:108,7,0,0
BRDA:108,7,1,0
BRDA:108,7,2,0
BRDA:121,8,0,0
BRDA:121,8,1,0
BRDA:141,9,0,0
BRDA:141,9,1,0
BRF:22
BRH:0
end_of_record
TN:
SF:C:\Users\gabri\Projetos\gaia-react\src\pages\main\Users\Form\actions.ts
FN:11,(anonymous_14)
FN:11,(anonymous_15)
FN:11,(anonymous_16)
FN:48,(anonymous_18)
FN:48,(anonymous_19)
FN:48,(anonymous_20)
FN:74,(anonymous_22)
FN:74,(anonymous_23)
FN:74,(anonymous_24)
FNF:9
FNH:0
FNDA:0,(anonymous_14)
FNDA:0,(anonymous_15)
FNDA:0,(anonymous_16)
FNDA:0,(anonymous_18)
FNDA:0,(anonymous_19)
FNDA:0,(anonymous_20)
FNDA:0,(anonymous_22)
FNDA:0,(anonymous_23)
FNDA:0,(anonymous_24)
DA:1,2
DA:2,2
DA:5,2
DA:6,2
DA:7,2
DA:8,2
DA:9,2
DA:11,2
DA:12,0
DA:14,0
DA:15,0
DA:21,0
DA:31,0
DA:34,0
DA:44,0
DA:48,2
DA:49,0
DA:51,0
DA:52,0
DA:57,0
DA:58,0
DA:60,0
DA:70,0
DA:74,2
DA:75,0
DA:77,0
DA:78,0
DA:84,0
DA:94,0
DA:96,0
DA:106,0
LF:31
LH:10
BRF:0
BRH:0
end_of_record
TN:
SF:C:\Users\gabri\Projetos\gaia-react\src\pages\main\Users\Form\reducer.ts
FN:12,(anonymous_3)
FNF:1
FNH:1
FNDA:63,(anonymous_3)
DA:1,5
DA:8,5
DA:12,100
DA:13,63
DA:17,0
DA:19,0
DA:21,63
DA:25,5
LF:8
LH:6
BRDA:12,0,0,37
BRDA:12,0,1,26
BRDA:14,1,0,0
BRDA:14,1,1,0
BRDA:14,1,2,0
BRDA:14,1,3,0
BRDA:14,1,4,63
BRF:7
BRH:3
end_of_record
TN:
SF:C:\Users\gabri\Projetos\gaia-react\src\pages\main\Users\Form\styles.ts
FNF:0
FNH:0
DA:1,2
DA:3,2
DA:23,2
LF:3
LH:3
BRF:0
BRH:0
end_of_record
TN:
SF:C:\Users\gabri\Projetos\gaia-react\src\pages\main\Users\Form\types.ts
FNF:0
FNH:0
DA:1,5
DA:11,5
LF:2
LH:2
BRF:0
BRH:0
end_of_record
TN:
SF:C:\Users\gabri\Projetos\gaia-react\src\pages\main\Users\List\UserListContainer.tsx
FN:17,(anonymous_4)
FN:26,(anonymous_5)
FN:31,(anonymous_6)
FN:32,(anonymous_7)
FN:33,(anonymous_8)
FN:47,(anonymous_9)
FNF:6
FNH:0
FNDA:0,(anonymous_4)
FNDA:0,(anonymous_5)
FNDA:0,(anonymous_6)
FNDA:0,(anonymous_7)
FNDA:0,(anonymous_8)
FNDA:0,(anonymous_9)
DA:1,2
DA:2,2
DA:4,2
DA:5,2
DA:6,2
DA:7,2
DA:17,2
DA:19,0
DA:20,0
DA:21,0
DA:22,0
DA:23,0
DA:26,0
DA:27,0
DA:28,0
DA:31,0
DA:32,0
DA:33,0
DA:35,0
DA:47,2
DA:48,2
DA:53,2
LF:22
LH:10
BRF:0
BRH:0
end_of_record
TN:
SF:C:\Users\gabri\Projetos\gaia-react\src\pages\main\Users\List\UserListPage.tsx
FN:31,(anonymous_1)
FN:60,(anonymous_2)
FN:82,(anonymous_3)
FN:97,(anonymous_4)
FN:109,(anonymous_5)
FNF:5
FNH:0
FNDA:0,(anonymous_1)
FNDA:0,(anonymous_2)
FNDA:0,(anonymous_3)
FNDA:0,(anonymous_4)
FNDA:0,(anonymous_5)
DA:1,2
DA:2,2
DA:17,2
DA:18,2
DA:20,2
DA:31,2
DA:33,0
DA:34,0
DA:35,0
DA:36,0
DA:37,0
DA:38,0
DA:41,0
DA:43,0
DA:60,0
DA:82,0
DA:97,0
DA:109,0
DA:128,2
LF:19
LH:7
BRDA:50,0,0,0
BRDA:50,0,1,0
BRF:2
BRH:0
end_of_record
TN:
SF:C:\Users\gabri\Projetos\gaia-react\src\pages\main\Users\List\actions.ts
FN:9,(anonymous_14)
FN:9,(anonymous_15)
FN:9,(anonymous_16)
FN:38,(anonymous_18)
FN:38,(anonymous_19)
FN:38,(anonymous_20)
FNF:6
FNH:0
FNDA:0,(anonymous_14)
FNDA:0,(anonymous_15)
FNDA:0,(anonymous_16)
FNDA:0,(anonymous_18)
FNDA:0,(anonymous_19)
FNDA:0,(anonymous_20)
DA:1,2
DA:3,2
DA:4,2
DA:5,2
DA:6,2
DA:7,2
DA:9,2
DA:10,0
DA:12,0
DA:13,0
DA:19,0
DA:24,0
DA:34,0
DA:38,2
DA:39,0
DA:41,0
DA:42,0
DA:47,0
DA:49,0
DA:59,0
LF:20
LH:8
BRF:0
BRH:0
end_of_record
TN:
SF:C:\Users\gabri\Projetos\gaia-react\src\pages\main\Users\List\reducer.ts
FN:14,(anonymous_3)
FNF:1
FNH:1
FNDA:63,(anonymous_3)
DA:1,5
DA:9,5
DA:14,100
DA:15,63
DA:18,0
DA:20,0
DA:22,0
DA:24,63
DA:28,5
LF:9
LH:6
BRDA:14,0,0,37
BRDA:14,0,1,26
BRDA:16,1,0,0
BRDA:16,1,1,0
BRDA:16,1,2,0
BRDA:16,1,3,0
BRDA:16,1,4,63
BRF:7
BRH:3
end_of_record
TN:
SF:C:\Users\gabri\Projetos\gaia-react\src\pages\main\Users\List\styles.ts
FNF:0
FNH:0
DA:1,2
DA:3,2
DA:15,2
LF:3
LH:3
BRF:0
BRH:0
end_of_record
TN:
SF:C:\Users\gabri\Projetos\gaia-react\src\pages\main\Users\List\types.ts
FNF:0
FNH:0
DA:1,5
DA:9,5
LF:2
LH:2
BRF:0
BRH:0
end_of_record
TN:
SF:C:\Users\gabri\Projetos\gaia-react\src\pages\main\components\SideDrawer.tsx
FN:27,(anonymous_1)
FN:56,(anonymous_2)
FN:83,(anonymous_3)
FN:84,(anonymous_4)
FN:88,(anonymous_5)
FNF:5
FNH:3
FNDA:3,(anonymous_1)
FNDA:0,(anonymous_2)
FNDA:12,(anonymous_3)
FNDA:12,(anonymous_4)
FNDA:0,(anonymous_5)
DA:1,3
DA:3,3
DA:12,3
DA:13,3
DA:14,3
DA:15,3
DA:16,3
DA:27,3
DA:28,3
DA:30,3
DA:56,3
DA:57,0
DA:58,0
DA:61,3
DA:83,12
DA:84,12
DA:88,0
DA:100,3
LF:18
LH:15
BRDA:83,0,0,3
BRDA:83,0,1,9
BRF:2
BRH:2
end_of_record
TN:
SF:C:\Users\gabri\Projetos\gaia-react\src\pages\main\components\ToolBar\index.tsx
FN:29,(anonymous_2)
FN:32,(anonymous_3)
FN:36,(anonymous_4)
FN:41,(anonymous_5)
FN:45,(anonymous_6)
FN:49,(anonymous_7)
FNF:6
FNH:2
FNDA:1,(anonymous_2)
FNDA:3,(anonymous_3)
FNDA:0,(anonymous_4)
FNDA:0,(anonymous_5)
FNDA:0,(anonymous_6)
FNDA:0,(anonymous_7)
DA:1,2
DA:3,2
DA:12,2
DA:13,2
DA:14,2
DA:17,2
DA:19,2
DA:20,2
DA:29,2
DA:30,1
DA:31,1
DA:32,4
DA:33,1
DA:34,1
DA:36,1
DA:37,0
DA:38,0
DA:41,1
DA:42,0
DA:45,1
DA:46,0
DA:49,1
DA:50,0
DA:51,0
DA:54,1
DA:113,2
LF:26
LH:20
BRDA:77,0,0,1
BRDA:77,0,1,1
BRF:2
BRH:2
end_of_record
TN:
SF:C:\Users\gabri\Projetos\gaia-react\src\pages\main\components\ToolBar\styles.ts
FN:3,(anonymous_0)
FNF:1
FNH:1
FNDA:1,(anonymous_0)
DA:1,2
DA:3,2
DA:28,2
LF:3
LH:3
BRF:0
BRH:0
end_of_record
TN:
SF:C:\Users\gabri\Projetos\gaia-react\src\shared\components\RenderCheckBox\index.tsx
FN:26,(anonymous_1)
FN:40,(anonymous_2)
FNF:2
FNH:0
FNDA:0,(anonymous_1)
FNDA:0,(anonymous_2)
DA:1,2
DA:2,2
DA:26,2
DA:28,0
DA:29,0
DA:30,0
DA:32,0
DA:33,0
DA:34,0
DA:35,0
DA:36,0
DA:37,0
DA:40,0
DA:42,0
DA:69,2
DA:74,2
LF:16
LH:5
BRDA:45,0,0,0
BRDA:45,0,1,0
BRDA:60,1,0,0
BRDA:60,1,1,0
BRDA:60,1,2,0
BRF:5
BRH:0
end_of_record
TN:
SF:C:\Users\gabri\Projetos\gaia-react\src\shared\components\WeekTabs\WeekTabs.tsx
FN:15,(anonymous_1)
FN:25,(anonymous_2)
FN:26,(anonymous_3)
FN:41,(anonymous_4)
FNF:4
FNH:4
FNDA:4,(anonymous_1)
FNDA:1,(anonymous_2)
FNDA:1,(anonymous_3)
FNDA:20,(anonymous_4)
DA:1,4
DA:3,4
DA:4,4
DA:5,4
DA:7,4
DA:15,4
DA:17,4
DA:18,4
DA:19,4
DA:22,4
DA:23,4
DA:25,4
DA:26,4
DA:28,4
DA:41,20
DA:63,4
LF:16
LH:16
BRDA:53,0,0,0
BRDA:53,0,1,4
BRF:2
BRH:1
end_of_record
TN:
SF:C:\Users\gabri\Projetos\gaia-react\src\shared\components\renderTextField\renderTextField.tsx
FN:15,(anonymous_4)
FNF:1
FNH:1
FNDA:12,(anonymous_4)
DA:1,3
DA:2,3
DA:3,3
DA:15,3
DA:17,12
DA:18,12
DA:19,12
DA:22,12
DA:24,12
DA:35,3
LF:10
LH:10
BRDA:28,0,0,12
BRDA:28,0,1,0
BRDA:29,1,0,12
BRDA:29,1,1,0
BRF:4
BRH:2
end_of_record
TN:
SF:C:\Users\gabri\Projetos\gaia-react\src\shared\components\renderTextField\styles.ts
FNF:0
FNH:0
DA:1,3
DA:3,3
DA:12,3
LF:3
LH:3
BRF:0
BRH:0
end_of_record
TN:
SF:C:\Users\gabri\Projetos\gaia-react\src\shared\components\snack\snack.tsx
FN:17,(anonymous_1)
FNF:1
FNH:1
FNDA:2,(anonymous_1)
DA:1,3
DA:2,3
DA:4,3
DA:5,3
DA:6,3
DA:7,3
DA:17,3
DA:19,2
DA:20,2
DA:21,2
DA:22,2
DA:23,2
DA:26,2
DA:33,2
DA:61,3
LF:15
LH:15
BRDA:48,0,0,2
BRDA:48,0,1,2
BRF:2
BRH:2
end_of_record
TN:
SF:C:\Users\gabri\Projetos\gaia-react\src\shared\theme\theme.ts
FNF:0
FNH:0
DA:1,1
DA:3,1
LF:2
LH:2
BRF:0
BRH:0
end_of_record
TN:
SF:C:\Users\gabri\Projetos\gaia-react\src\shared\utils\auth.ts
FN:7,(anonymous_0)
FN:16,(anonymous_1)
FN:27,(anonymous_2)
FNF:3
FNH:3
FNDA:6,(anonymous_0)
FNDA:16,(anonymous_1)
FNDA:11,(anonymous_2)
DA:7,8
DA:8,6
DA:13,6
DA:16,8
DA:17,16
DA:18,5
DA:19,5
DA:21,5
DA:24,11
DA:27,11
LF:10
LH:10
BRDA:17,0,0,5
BRDA:17,0,1,11
BRDA:19,1,0,5
BRDA:19,1,1,0
BRF:4
BRH:3
end_of_record
TN:
SF:C:\Users\gabri\Projetos\gaia-react\src\shared\utils\resolveError.ts
FN:1,(anonymous_0)
FNF:1
FNH:1
FNDA:6,(anonymous_0)
DA:1,7
DA:2,6
DA:4,6
DA:5,6
DA:6,1
DA:7,5
DA:8,1
DA:11,6
DA:14,7
LF:9
LH:9
BRDA:5,0,0,1
BRDA:5,0,1,5
BRDA:5,1,0,6
BRDA:5,1,1,3
BRDA:7,2,0,1
BRDA:7,2,1,4
BRDA:7,3,0,5
BRDA:7,3,1,2
BRDA:8,4,0,1
BRDA:8,4,1,0
BRDA:8,4,2,0
BRF:11
BRH:9
end_of_record
TN:
SF:C:\Users\gabri\Projetos\gaia-react\src\shared\utils\testRender.ts
FN:4,(anonymous_0)
FNF:1
FNH:1
FNDA:12,(anonymous_0)
DA:2,3
DA:4,12
LF:2
LH:2
BRF:0
BRH:0
end_of_record
TN:
SF:C:\Users\gabri\Projetos\gaia-react\src\shared\validators\validators.ts
FN:1,(anonymous_0)
FN:5,(anonymous_1)
FN:11,(anonymous_2)
FNF:3
FNH:3
FNDA:2,(anonymous_0)
FNDA:2,(anonymous_1)
FNDA:8,(anonymous_2)
DA:1,4
DA:2,2
DA:5,4
DA:11,8
LF:4
LH:4
BRDA:3,0,0,1
BRDA:3,0,1,1
BRDA:2,1,0,2
BRDA:2,1,1,2
BRDA:7,2,0,1
BRDA:7,2,1,1
BRDA:6,3,0,2
BRDA:6,3,1,2
BRDA:13,4,0,1
BRDA:13,4,1,7
BRDA:12,5,0,8
BRDA:12,5,1,7
BRF:12
BRH:12
end_of_record
